{"/Users/emhillie/Documents/projects/zeva/frontend/src/index.js": {"path":"/Users/emhillie/Documents/projects/zeva/frontend/src/index.js","statementMap":{"0":{"start":{"line":7,"column":0},"end":{"line":7,"column":58}}},"fnMap":{},"branchMap":{},"s":{"0":0},"f":{},"b":{},"hash":"ee1111c242de3c71f7ebbef78dedf9408894e577"}
,"/Users/emhillie/Documents/projects/zeva/frontend/src/app/BaseController.js": {"path":"/Users/emhillie/Documents/projects/zeva/frontend/src/app/BaseController.js","statementMap":{"0":{"start":{"line":9,"column":4},"end":{"line":9,"column":17}},"1":{"start":{"line":11,"column":4},"end":{"line":13,"column":6}},"2":{"start":{"line":15,"column":4},"end":{"line":15,"column":63}},"3":{"start":{"line":16,"column":4},"end":{"line":16,"column":53}},"4":{"start":{"line":20,"column":23},"end":{"line":20,"column":33}},"5":{"start":{"line":21,"column":28},"end":{"line":21,"column":40}},"6":{"start":{"line":23,"column":4},"end":{"line":23,"column":25}},"7":{"start":{"line":24,"column":4},"end":{"line":26,"column":7}},"8":{"start":{"line":30,"column":4},"end":{"line":30,"column":27}},"9":{"start":{"line":31,"column":4},"end":{"line":31,"column":28}},"10":{"start":{"line":33,"column":4},"end":{"line":33,"column":17}}},"fnMap":{"0":{"name":"(anonymous_0)","decl":{"start":{"line":8,"column":2},"end":{"line":8,"column":3}},"loc":{"start":{"line":8,"column":21},"end":{"line":17,"column":3}},"line":8},"1":{"name":"(anonymous_1)","decl":{"start":{"line":19,"column":2},"end":{"line":19,"column":3}},"loc":{"start":{"line":19,"column":27},"end":{"line":27,"column":3}},"line":19},"2":{"name":"(anonymous_2)","decl":{"start":{"line":29,"column":2},"end":{"line":29,"column":3}},"loc":{"start":{"line":29,"column":22},"end":{"line":34,"column":3}},"line":29}},"branchMap":{},"s":{"0":0,"1":0,"2":0,"3":0,"4":0,"5":0,"6":0,"7":0,"8":0,"9":0,"10":0},"f":{"0":0,"1":0,"2":0},"b":{},"hash":"bf61ac9bff3b9368d9b6503f084e1a8620c99f13"}
,"/Users/emhillie/Documents/projects/zeva/frontend/src/app/History.js": {"path":"/Users/emhillie/Documents/projects/zeva/frontend/src/app/History.js","statementMap":{"0":{"start":{"line":3,"column":15},"end":{"line":3,"column":17}},"1":{"start":{"line":5,"column":16},"end":{"line":5,"column":44}}},"fnMap":{},"branchMap":{},"s":{"0":5,"1":5},"f":{},"b":{},"_coverageSchema":"43e27e138ebf9cfc5966b082cf9a028302ed4184","hash":"f66f0e7899beb1878629838b697657909710357d"}
,"/Users/emhillie/Documents/projects/zeva/frontend/src/app/Login.js": {"path":"/Users/emhillie/Documents/projects/zeva/frontend/src/app/Login.js","statementMap":{"0":{"start":{"line":4,"column":14},"end":{"line":41,"column":1}},"1":{"start":{"line":5,"column":23},"end":{"line":5,"column":28}},"2":{"start":{"line":7,"column":2},"end":{"line":40,"column":4}},"3":{"start":{"line":20,"column":51},"end":{"line":20,"column":87}},"4":{"start":{"line":31,"column":51},"end":{"line":31,"column":86}},"5":{"start":{"line":43,"column":0},"end":{"line":45,"column":2}}},"fnMap":{"0":{"name":"(anonymous_0)","decl":{"start":{"line":4,"column":14},"end":{"line":4,"column":15}},"loc":{"start":{"line":4,"column":25},"end":{"line":41,"column":1}},"line":4},"1":{"name":"(anonymous_1)","decl":{"start":{"line":20,"column":45},"end":{"line":20,"column":46}},"loc":{"start":{"line":20,"column":51},"end":{"line":20,"column":87}},"line":20},"2":{"name":"(anonymous_2)","decl":{"start":{"line":31,"column":45},"end":{"line":31,"column":46}},"loc":{"start":{"line":31,"column":51},"end":{"line":31,"column":86}},"line":31}},"branchMap":{},"s":{"0":0,"1":0,"2":0,"3":0,"4":0,"5":0},"f":{"0":0,"1":0,"2":0},"b":{},"hash":"024be37f52506c4df3a5b07d22dd2fab0d0eb73e"}
,"/Users/emhillie/Documents/projects/zeva/frontend/src/app/NotificationsClient.js": {"path":"/Users/emhillie/Documents/projects/zeva/frontend/src/app/NotificationsClient.js","statementMap":{"0":{"start":{"line":7,"column":28},"end":{"line":73,"column":1}},"1":{"start":{"line":8,"column":23},"end":{"line":8,"column":28}},"2":{"start":{"line":10,"column":48},"end":{"line":10,"column":63}},"3":{"start":{"line":11,"column":34},"end":{"line":11,"column":46}},"4":{"start":{"line":13,"column":40},"end":{"line":50,"column":3}},"5":{"start":{"line":14,"column":4},"end":{"line":14,"column":37}},"6":{"start":{"line":16,"column":4},"end":{"line":49,"column":5}},"7":{"start":{"line":18,"column":19},"end":{"line":18,"column":30}},"8":{"start":{"line":20,"column":6},"end":{"line":26,"column":9}},"9":{"start":{"line":21,"column":8},"end":{"line":21,"column":56}},"10":{"start":{"line":22,"column":8},"end":{"line":25,"column":11}},"11":{"start":{"line":28,"column":6},"end":{"line":30,"column":9}},"12":{"start":{"line":29,"column":8},"end":{"line":29,"column":43}},"13":{"start":{"line":32,"column":6},"end":{"line":35,"column":9}},"14":{"start":{"line":33,"column":8},"end":{"line":33,"column":36}},"15":{"start":{"line":34,"column":8},"end":{"line":34,"column":27}},"16":{"start":{"line":37,"column":6},"end":{"line":48,"column":9}},"17":{"start":{"line":38,"column":8},"end":{"line":47,"column":9}},"18":{"start":{"line":40,"column":12},"end":{"line":40,"column":62}},"19":{"start":{"line":41,"column":12},"end":{"line":41,"column":18}},"20":{"start":{"line":43,"column":12},"end":{"line":43,"column":56}},"21":{"start":{"line":44,"column":12},"end":{"line":44,"column":18}},"22":{"start":{"line":46,"column":12},"end":{"line":46,"column":32}},"23":{"start":{"line":52,"column":2},"end":{"line":54,"column":31}},"24":{"start":{"line":53,"column":4},"end":{"line":53,"column":36}},"25":{"start":{"line":56,"column":2},"end":{"line":72,"column":4}},"26":{"start":{"line":67,"column":32},"end":{"line":67,"column":52}},"27":{"start":{"line":75,"column":0},"end":{"line":77,"column":2}}},"fnMap":{"0":{"name":"(anonymous_0)","decl":{"start":{"line":7,"column":28},"end":{"line":7,"column":29}},"loc":{"start":{"line":7,"column":39},"end":{"line":73,"column":1}},"line":7},"1":{"name":"(anonymous_1)","decl":{"start":{"line":13,"column":40},"end":{"line":13,"column":41}},"loc":{"start":{"line":13,"column":46},"end":{"line":50,"column":3}},"line":13},"2":{"name":"(anonymous_2)","decl":{"start":{"line":20,"column":25},"end":{"line":20,"column":26}},"loc":{"start":{"line":20,"column":31},"end":{"line":26,"column":7}},"line":20},"3":{"name":"(anonymous_3)","decl":{"start":{"line":28,"column":28},"end":{"line":28,"column":29}},"loc":{"start":{"line":28,"column":34},"end":{"line":30,"column":7}},"line":28},"4":{"name":"(anonymous_4)","decl":{"start":{"line":32,"column":23},"end":{"line":32,"column":24}},"loc":{"start":{"line":32,"column":34},"end":{"line":35,"column":7}},"line":32},"5":{"name":"(anonymous_5)","decl":{"start":{"line":37,"column":24},"end":{"line":37,"column":25}},"loc":{"start":{"line":37,"column":36},"end":{"line":48,"column":7}},"line":37},"6":{"name":"(anonymous_6)","decl":{"start":{"line":52,"column":12},"end":{"line":52,"column":13}},"loc":{"start":{"line":52,"column":18},"end":{"line":54,"column":3}},"line":52},"7":{"name":"(anonymous_7)","decl":{"start":{"line":67,"column":24},"end":{"line":67,"column":25}},"loc":{"start":{"line":67,"column":32},"end":{"line":67,"column":52}},"line":67}},"branchMap":{"0":{"loc":{"start":{"line":16,"column":4},"end":{"line":49,"column":5}},"type":"if","locations":[{"start":{"line":16,"column":4},"end":{"line":49,"column":5}},{"start":{"line":16,"column":4},"end":{"line":49,"column":5}}],"line":16},"1":{"loc":{"start":{"line":38,"column":8},"end":{"line":47,"column":9}},"type":"switch","locations":[{"start":{"line":39,"column":10},"end":{"line":41,"column":18}},{"start":{"line":42,"column":10},"end":{"line":44,"column":18}},{"start":{"line":45,"column":10},"end":{"line":46,"column":32}}],"line":38},"2":{"loc":{"start":{"line":63,"column":7},"end":{"line":70,"column":7}},"type":"binary-expr","locations":[{"start":{"line":63,"column":7},"end":{"line":63,"column":26}},{"start":{"line":64,"column":6},"end":{"line":69,"column":12}}],"line":63}},"s":{"0":0,"1":0,"2":0,"3":0,"4":0,"5":0,"6":0,"7":0,"8":0,"9":0,"10":0,"11":0,"12":0,"13":0,"14":0,"15":0,"16":0,"17":0,"18":0,"19":0,"20":0,"21":0,"22":0,"23":0,"24":0,"25":0,"26":0,"27":0},"f":{"0":0,"1":0,"2":0,"3":0,"4":0,"5":0,"6":0,"7":0},"b":{"0":[0,0],"1":[0,0,0],"2":[0,0]},"hash":"278b624a5df03a62ee82c8e3adac9b4f24b2b0f7"}
,"/Users/emhillie/Documents/projects/zeva/frontend/src/app/PageLayout.js": {"path":"/Users/emhillie/Documents/projects/zeva/frontend/src/app/PageLayout.js","statementMap":{"0":{"start":{"line":15,"column":0},"end":{"line":15,"column":27}},"1":{"start":{"line":17,"column":19},"end":{"line":30,"column":1}},"2":{"start":{"line":18,"column":39},"end":{"line":18,"column":44}},"3":{"start":{"line":20,"column":2},"end":{"line":29,"column":5}},"4":{"start":{"line":32,"column":0},"end":{"line":34,"column":2}},"5":{"start":{"line":36,"column":0},"end":{"line":42,"column":2}}},"fnMap":{"0":{"name":"(anonymous_0)","decl":{"start":{"line":17,"column":19},"end":{"line":17,"column":20}},"loc":{"start":{"line":17,"column":30},"end":{"line":30,"column":1}},"line":17}},"branchMap":{},"s":{"0":0,"1":0,"2":0,"3":0,"4":0,"5":0},"f":{"0":0},"b":{},"hash":"b4987de3d141c4c1f9272638cb83a28ad2590229"}
,"/Users/emhillie/Documents/projects/zeva/frontend/src/app/app.js": {"path":"/Users/emhillie/Documents/projects/zeva/frontend/src/app/app.js","statementMap":{"0":{"start":{"line":13,"column":4},"end":{"line":13,"column":17}},"1":{"start":{"line":15,"column":4},"end":{"line":18,"column":6}},"2":{"start":{"line":20,"column":4},"end":{"line":20,"column":41}},"3":{"start":{"line":24,"column":21},"end":{"line":28,"column":6}},"4":{"start":{"line":30,"column":4},"end":{"line":40,"column":7}},"5":{"start":{"line":36,"column":6},"end":{"line":39,"column":9}},"6":{"start":{"line":44,"column":4},"end":{"line":46,"column":7}},"7":{"start":{"line":48,"column":25},"end":{"line":48,"column":35}},"8":{"start":{"line":50,"column":4},"end":{"line":52,"column":7}},"9":{"start":{"line":56,"column":40},"end":{"line":56,"column":50}},"10":{"start":{"line":58,"column":4},"end":{"line":60,"column":5}},"11":{"start":{"line":59,"column":6},"end":{"line":59,"column":25}},"12":{"start":{"line":62,"column":4},"end":{"line":64,"column":5}},"13":{"start":{"line":63,"column":6},"end":{"line":63,"column":43}},"14":{"start":{"line":66,"column":4},"end":{"line":68,"column":6}}},"fnMap":{"0":{"name":"(anonymous_0)","decl":{"start":{"line":12,"column":2},"end":{"line":12,"column":3}},"loc":{"start":{"line":12,"column":21},"end":{"line":21,"column":3}},"line":12},"1":{"name":"(anonymous_1)","decl":{"start":{"line":23,"column":2},"end":{"line":23,"column":3}},"loc":{"start":{"line":23,"column":22},"end":{"line":41,"column":3}},"line":23},"2":{"name":"(anonymous_2)","decl":{"start":{"line":35,"column":12},"end":{"line":35,"column":13}},"loc":{"start":{"line":35,"column":31},"end":{"line":40,"column":5}},"line":35},"3":{"name":"(anonymous_3)","decl":{"start":{"line":43,"column":2},"end":{"line":43,"column":3}},"loc":{"start":{"line":43,"column":11},"end":{"line":53,"column":3}},"line":43},"4":{"name":"(anonymous_4)","decl":{"start":{"line":55,"column":2},"end":{"line":55,"column":3}},"loc":{"start":{"line":55,"column":11},"end":{"line":69,"column":3}},"line":55}},"branchMap":{"0":{"loc":{"start":{"line":58,"column":4},"end":{"line":60,"column":5}},"type":"if","locations":[{"start":{"line":58,"column":4},"end":{"line":60,"column":5}},{"start":{"line":58,"column":4},"end":{"line":60,"column":5}}],"line":58},"1":{"loc":{"start":{"line":62,"column":4},"end":{"line":64,"column":5}},"type":"if","locations":[{"start":{"line":62,"column":4},"end":{"line":64,"column":5}},{"start":{"line":62,"column":4},"end":{"line":64,"column":5}}],"line":62},"2":{"loc":{"start":{"line":62,"column":8},"end":{"line":62,"column":34}},"type":"binary-expr","locations":[{"start":{"line":62,"column":8},"end":{"line":62,"column":16}},{"start":{"line":62,"column":20},"end":{"line":62,"column":34}}],"line":62}},"s":{"0":0,"1":0,"2":0,"3":0,"4":0,"5":0,"6":0,"7":0,"8":0,"9":0,"10":0,"11":0,"12":0,"13":0,"14":0},"f":{"0":0,"1":0,"2":0,"3":0,"4":0},"b":{"0":[0,0],"1":[0,0],"2":[0,0]},"hash":"4a3f38328c240338e1318b268c94438f99cae5a7"}
,"/Users/emhillie/Documents/projects/zeva/frontend/src/app/config.js": {"path":"/Users/emhillie/Documents/projects/zeva/frontend/src/app/config.js","statementMap":{"0":{"start":{"line":10,"column":0},"end":{"line":10,"column":29}},"1":{"start":{"line":12,"column":18},"end":{"line":18,"column":1}},"2":{"start":{"line":13,"column":2},"end":{"line":15,"column":3}},"3":{"start":{"line":14,"column":4},"end":{"line":14,"column":44}},"4":{"start":{"line":17,"column":2},"end":{"line":17,"column":13}},"5":{"start":{"line":20,"column":15},"end":{"line":49,"column":1}}},"fnMap":{"0":{"name":"(anonymous_0)","decl":{"start":{"line":12,"column":18},"end":{"line":12,"column":19}},"loc":{"start":{"line":12,"column":34},"end":{"line":18,"column":1}},"line":12}},"branchMap":{"0":{"loc":{"start":{"line":13,"column":2},"end":{"line":15,"column":3}},"type":"if","locations":[{"start":{"line":13,"column":2},"end":{"line":15,"column":3}},{"start":{"line":13,"column":2},"end":{"line":15,"column":3}}],"line":13},"1":{"loc":{"start":{"line":14,"column":11},"end":{"line":14,"column":43}},"type":"binary-expr","locations":[{"start":{"line":14,"column":11},"end":{"line":14,"column":36}},{"start":{"line":14,"column":40},"end":{"line":14,"column":43}}],"line":14}},"s":{"0":0,"1":0,"2":0,"3":0,"4":0,"5":0},"f":{"0":0},"b":{"0":[0,0],"1":[0,0]},"hash":"475aa8496f285fbf8b6f6b9aaa27bbfeebb649fe"}
,"/Users/emhillie/Documents/projects/zeva/frontend/src/app/router.js": {"path":"/Users/emhillie/Documents/projects/zeva/frontend/src/app/router.js","statementMap":{"0":{"start":{"line":47,"column":4},"end":{"line":47,"column":17}},"1":{"start":{"line":49,"column":4},"end":{"line":53,"column":6}},"2":{"start":{"line":55,"column":25},"end":{"line":55,"column":30}},"3":{"start":{"line":56,"column":22},"end":{"line":56,"column":30}},"4":{"start":{"line":58,"column":4},"end":{"line":58,"column":44}},"5":{"start":{"line":59,"column":4},"end":{"line":59,"column":68}},"6":{"start":{"line":60,"column":4},"end":{"line":72,"column":6}},"7":{"start":{"line":61,"column":21},"end":{"line":61,"column":29}},"8":{"start":{"line":63,"column":8},"end":{"line":68,"column":9}},"9":{"start":{"line":64,"column":10},"end":{"line":67,"column":13}},"10":{"start":{"line":70,"column":8},"end":{"line":70,"column":20}},"11":{"start":{"line":74,"column":4},"end":{"line":84,"column":6}},"12":{"start":{"line":75,"column":6},"end":{"line":83,"column":9}},"13":{"start":{"line":76,"column":8},"end":{"line":80,"column":9}},"14":{"start":{"line":77,"column":38},"end":{"line":77,"column":46}},"15":{"start":{"line":79,"column":10},"end":{"line":79,"column":77}},"16":{"start":{"line":82,"column":8},"end":{"line":82,"column":23}},"17":{"start":{"line":88,"column":4},"end":{"line":108,"column":7}},"18":{"start":{"line":89,"column":6},"end":{"line":107,"column":9}},"19":{"start":{"line":94,"column":12},"end":{"line":102,"column":13}},"20":{"start":{"line":95,"column":38},"end":{"line":95,"column":51}},"21":{"start":{"line":97,"column":14},"end":{"line":101,"column":15}},"22":{"start":{"line":98,"column":16},"end":{"line":100,"column":24}},"23":{"start":{"line":99,"column":18},"end":{"line":99,"column":62}},"24":{"start":{"line":104,"column":12},"end":{"line":104,"column":25}},"25":{"start":{"line":112,"column":25},"end":{"line":112,"column":35}},"26":{"start":{"line":113,"column":42},"end":{"line":113,"column":52}},"27":{"start":{"line":115,"column":4},"end":{"line":117,"column":5}},"28":{"start":{"line":116,"column":6},"end":{"line":116,"column":25}},"29":{"start":{"line":119,"column":4},"end":{"line":266,"column":6}},"30":{"start":{"line":127,"column":30},"end":{"line":127,"column":94}},"31":{"start":{"line":131,"column":30},"end":{"line":131,"column":106}},"32":{"start":{"line":135,"column":30},"end":{"line":135,"column":82}},"33":{"start":{"line":139,"column":30},"end":{"line":139,"column":98}},"34":{"start":{"line":143,"column":30},"end":{"line":143,"column":99}},"35":{"start":{"line":147,"column":30},"end":{"line":147,"column":111}},"36":{"start":{"line":151,"column":30},"end":{"line":151,"column":94}},"37":{"start":{"line":155,"column":30},"end":{"line":155,"column":97}},"38":{"start":{"line":160,"column":30},"end":{"line":160,"column":86}},"39":{"start":{"line":164,"column":30},"end":{"line":164,"column":91}},"40":{"start":{"line":169,"column":30},"end":{"line":169,"column":101}},"41":{"start":{"line":175,"column":18},"end":{"line":175,"column":93}},"42":{"start":{"line":181,"column":30},"end":{"line":181,"column":98}},"43":{"start":{"line":186,"column":30},"end":{"line":186,"column":98}},"44":{"start":{"line":191,"column":30},"end":{"line":191,"column":84}},"45":{"start":{"line":197,"column":30},"end":{"line":197,"column":85}},"46":{"start":{"line":202,"column":30},"end":{"line":202,"column":86}},"47":{"start":{"line":207,"column":30},"end":{"line":207,"column":89}},"48":{"start":{"line":212,"column":30},"end":{"line":212,"column":83}},"49":{"start":{"line":216,"column":30},"end":{"line":216,"column":83}},"50":{"start":{"line":220,"column":30},"end":{"line":220,"column":86}},"51":{"start":{"line":225,"column":30},"end":{"line":225,"column":107}},"52":{"start":{"line":230,"column":30},"end":{"line":230,"column":119}},"53":{"start":{"line":235,"column":30},"end":{"line":235,"column":89}},"54":{"start":{"line":240,"column":18},"end":{"line":240,"column":97}},"55":{"start":{"line":245,"column":30},"end":{"line":245,"column":97}},"56":{"start":{"line":249,"column":30},"end":{"line":249,"column":95}},"57":{"start":{"line":254,"column":30},"end":{"line":254,"column":64}},"58":{"start":{"line":259,"column":18},"end":{"line":259,"column":56}},"59":{"start":{"line":270,"column":0},"end":{"line":273,"column":2}}},"fnMap":{"0":{"name":"(anonymous_0)","decl":{"start":{"line":46,"column":2},"end":{"line":46,"column":3}},"loc":{"start":{"line":46,"column":21},"end":{"line":85,"column":3}},"line":46},"1":{"name":"(anonymous_1)","decl":{"start":{"line":61,"column":6},"end":{"line":61,"column":7}},"loc":{"start":{"line":61,"column":21},"end":{"line":61,"column":29}},"line":61},"2":{"name":"(anonymous_2)","decl":{"start":{"line":62,"column":6},"end":{"line":62,"column":7}},"loc":{"start":{"line":62,"column":17},"end":{"line":71,"column":7}},"line":62},"3":{"name":"(anonymous_3)","decl":{"start":{"line":74,"column":30},"end":{"line":74,"column":31}},"loc":{"start":{"line":74,"column":36},"end":{"line":84,"column":5}},"line":74},"4":{"name":"(anonymous_4)","decl":{"start":{"line":75,"column":35},"end":{"line":75,"column":36}},"loc":{"start":{"line":75,"column":50},"end":{"line":81,"column":7}},"line":75},"5":{"name":"(anonymous_5)","decl":{"start":{"line":81,"column":15},"end":{"line":81,"column":16}},"loc":{"start":{"line":81,"column":21},"end":{"line":83,"column":7}},"line":81},"6":{"name":"(anonymous_6)","decl":{"start":{"line":87,"column":2},"end":{"line":87,"column":3}},"loc":{"start":{"line":87,"column":22},"end":{"line":109,"column":3}},"line":87},"7":{"name":"(anonymous_7)","decl":{"start":{"line":88,"column":36},"end":{"line":88,"column":37}},"loc":{"start":{"line":88,"column":50},"end":{"line":108,"column":5}},"line":88},"8":{"name":"(anonymous_8)","decl":{"start":{"line":93,"column":25},"end":{"line":93,"column":26}},"loc":{"start":{"line":93,"column":45},"end":{"line":105,"column":11}},"line":93},"9":{"name":"(anonymous_9)","decl":{"start":{"line":98,"column":45},"end":{"line":98,"column":46}},"loc":{"start":{"line":99,"column":18},"end":{"line":99,"column":62}},"line":99},"10":{"name":"(anonymous_10)","decl":{"start":{"line":111,"column":2},"end":{"line":111,"column":3}},"loc":{"start":{"line":111,"column":11},"end":{"line":267,"column":3}},"line":111},"11":{"name":"(anonymous_11)","decl":{"start":{"line":127,"column":24},"end":{"line":127,"column":25}},"loc":{"start":{"line":127,"column":30},"end":{"line":127,"column":94}},"line":127},"12":{"name":"(anonymous_12)","decl":{"start":{"line":131,"column":24},"end":{"line":131,"column":25}},"loc":{"start":{"line":131,"column":30},"end":{"line":131,"column":106}},"line":131},"13":{"name":"(anonymous_13)","decl":{"start":{"line":135,"column":24},"end":{"line":135,"column":25}},"loc":{"start":{"line":135,"column":30},"end":{"line":135,"column":82}},"line":135},"14":{"name":"(anonymous_14)","decl":{"start":{"line":139,"column":24},"end":{"line":139,"column":25}},"loc":{"start":{"line":139,"column":30},"end":{"line":139,"column":98}},"line":139},"15":{"name":"(anonymous_15)","decl":{"start":{"line":143,"column":24},"end":{"line":143,"column":25}},"loc":{"start":{"line":143,"column":30},"end":{"line":143,"column":99}},"line":143},"16":{"name":"(anonymous_16)","decl":{"start":{"line":147,"column":24},"end":{"line":147,"column":25}},"loc":{"start":{"line":147,"column":30},"end":{"line":147,"column":111}},"line":147},"17":{"name":"(anonymous_17)","decl":{"start":{"line":151,"column":24},"end":{"line":151,"column":25}},"loc":{"start":{"line":151,"column":30},"end":{"line":151,"column":94}},"line":151},"18":{"name":"(anonymous_18)","decl":{"start":{"line":155,"column":24},"end":{"line":155,"column":25}},"loc":{"start":{"line":155,"column":30},"end":{"line":155,"column":97}},"line":155},"19":{"name":"(anonymous_19)","decl":{"start":{"line":160,"column":24},"end":{"line":160,"column":25}},"loc":{"start":{"line":160,"column":30},"end":{"line":160,"column":86}},"line":160},"20":{"name":"(anonymous_20)","decl":{"start":{"line":164,"column":24},"end":{"line":164,"column":25}},"loc":{"start":{"line":164,"column":30},"end":{"line":164,"column":91}},"line":164},"21":{"name":"(anonymous_21)","decl":{"start":{"line":169,"column":24},"end":{"line":169,"column":25}},"loc":{"start":{"line":169,"column":30},"end":{"line":169,"column":101}},"line":169},"22":{"name":"(anonymous_22)","decl":{"start":{"line":174,"column":24},"end":{"line":174,"column":25}},"loc":{"start":{"line":175,"column":18},"end":{"line":175,"column":93}},"line":175},"23":{"name":"(anonymous_23)","decl":{"start":{"line":181,"column":24},"end":{"line":181,"column":25}},"loc":{"start":{"line":181,"column":30},"end":{"line":181,"column":98}},"line":181},"24":{"name":"(anonymous_24)","decl":{"start":{"line":186,"column":24},"end":{"line":186,"column":25}},"loc":{"start":{"line":186,"column":30},"end":{"line":186,"column":98}},"line":186},"25":{"name":"(anonymous_25)","decl":{"start":{"line":191,"column":24},"end":{"line":191,"column":25}},"loc":{"start":{"line":191,"column":30},"end":{"line":191,"column":84}},"line":191},"26":{"name":"(anonymous_26)","decl":{"start":{"line":197,"column":24},"end":{"line":197,"column":25}},"loc":{"start":{"line":197,"column":30},"end":{"line":197,"column":85}},"line":197},"27":{"name":"(anonymous_27)","decl":{"start":{"line":202,"column":24},"end":{"line":202,"column":25}},"loc":{"start":{"line":202,"column":30},"end":{"line":202,"column":86}},"line":202},"28":{"name":"(anonymous_28)","decl":{"start":{"line":207,"column":24},"end":{"line":207,"column":25}},"loc":{"start":{"line":207,"column":30},"end":{"line":207,"column":89}},"line":207},"29":{"name":"(anonymous_29)","decl":{"start":{"line":212,"column":24},"end":{"line":212,"column":25}},"loc":{"start":{"line":212,"column":30},"end":{"line":212,"column":83}},"line":212},"30":{"name":"(anonymous_30)","decl":{"start":{"line":216,"column":24},"end":{"line":216,"column":25}},"loc":{"start":{"line":216,"column":30},"end":{"line":216,"column":83}},"line":216},"31":{"name":"(anonymous_31)","decl":{"start":{"line":220,"column":24},"end":{"line":220,"column":25}},"loc":{"start":{"line":220,"column":30},"end":{"line":220,"column":86}},"line":220},"32":{"name":"(anonymous_32)","decl":{"start":{"line":225,"column":24},"end":{"line":225,"column":25}},"loc":{"start":{"line":225,"column":30},"end":{"line":225,"column":107}},"line":225},"33":{"name":"(anonymous_33)","decl":{"start":{"line":230,"column":24},"end":{"line":230,"column":25}},"loc":{"start":{"line":230,"column":30},"end":{"line":230,"column":119}},"line":230},"34":{"name":"(anonymous_34)","decl":{"start":{"line":235,"column":24},"end":{"line":235,"column":25}},"loc":{"start":{"line":235,"column":30},"end":{"line":235,"column":89}},"line":235},"35":{"name":"(anonymous_35)","decl":{"start":{"line":239,"column":24},"end":{"line":239,"column":25}},"loc":{"start":{"line":240,"column":18},"end":{"line":240,"column":97}},"line":240},"36":{"name":"(anonymous_36)","decl":{"start":{"line":245,"column":24},"end":{"line":245,"column":25}},"loc":{"start":{"line":245,"column":30},"end":{"line":245,"column":97}},"line":245},"37":{"name":"(anonymous_37)","decl":{"start":{"line":249,"column":24},"end":{"line":249,"column":25}},"loc":{"start":{"line":249,"column":30},"end":{"line":249,"column":95}},"line":249},"38":{"name":"(anonymous_38)","decl":{"start":{"line":254,"column":24},"end":{"line":254,"column":25}},"loc":{"start":{"line":254,"column":30},"end":{"line":254,"column":64}},"line":254},"39":{"name":"(anonymous_39)","decl":{"start":{"line":258,"column":24},"end":{"line":258,"column":25}},"loc":{"start":{"line":259,"column":18},"end":{"line":259,"column":56}},"line":259}},"branchMap":{"0":{"loc":{"start":{"line":63,"column":8},"end":{"line":68,"column":9}},"type":"if","locations":[{"start":{"line":63,"column":8},"end":{"line":68,"column":9}},{"start":{"line":63,"column":8},"end":{"line":68,"column":9}}],"line":63},"1":{"loc":{"start":{"line":63,"column":12},"end":{"line":63,"column":57}},"type":"binary-expr","locations":[{"start":{"line":63,"column":12},"end":{"line":63,"column":26}},{"start":{"line":63,"column":30},"end":{"line":63,"column":57}}],"line":63},"2":{"loc":{"start":{"line":76,"column":8},"end":{"line":80,"column":9}},"type":"if","locations":[{"start":{"line":76,"column":8},"end":{"line":80,"column":9}},{"start":{"line":76,"column":8},"end":{"line":80,"column":9}}],"line":76},"3":{"loc":{"start":{"line":94,"column":12},"end":{"line":102,"column":13}},"type":"if","locations":[{"start":{"line":94,"column":12},"end":{"line":102,"column":13}},{"start":{"line":94,"column":12},"end":{"line":102,"column":13}}],"line":94},"4":{"loc":{"start":{"line":97,"column":14},"end":{"line":101,"column":15}},"type":"if","locations":[{"start":{"line":97,"column":14},"end":{"line":101,"column":15}},{"start":{"line":97,"column":14},"end":{"line":101,"column":15}}],"line":97},"5":{"loc":{"start":{"line":115,"column":4},"end":{"line":117,"column":5}},"type":"if","locations":[{"start":{"line":115,"column":4},"end":{"line":117,"column":5}},{"start":{"line":115,"column":4},"end":{"line":117,"column":5}}],"line":115}},"s":{"0":0,"1":0,"2":0,"3":0,"4":0,"5":0,"6":0,"7":0,"8":0,"9":0,"10":0,"11":0,"12":0,"13":0,"14":0,"15":0,"16":0,"17":0,"18":0,"19":0,"20":0,"21":0,"22":0,"23":0,"24":0,"25":0,"26":0,"27":0,"28":0,"29":0,"30":0,"31":0,"32":0,"33":0,"34":0,"35":0,"36":0,"37":0,"38":0,"39":0,"40":0,"41":0,"42":0,"43":0,"44":0,"45":0,"46":0,"47":0,"48":0,"49":0,"50":0,"51":0,"52":0,"53":0,"54":0,"55":0,"56":0,"57":0,"58":0,"59":0},"f":{"0":0,"1":0,"2":0,"3":0,"4":0,"5":0,"6":0,"7":0,"8":0,"9":0,"10":0,"11":0,"12":0,"13":0,"14":0,"15":0,"16":0,"17":0,"18":0,"19":0,"20":0,"21":0,"22":0,"23":0,"24":0,"25":0,"26":0,"27":0,"28":0,"29":0,"30":0,"31":0,"32":0,"33":0,"34":0,"35":0,"36":0,"37":0,"38":0,"39":0},"b":{"0":[0,0],"1":[0,0],"2":[0,0],"3":[0,0],"4":[0,0],"5":[0,0]},"hash":"5ada86e3b6b752346b5949662cd203039d3a432e"}
,"/Users/emhillie/Documents/projects/zeva/frontend/src/app/components/Accordion.js": {"path":"/Users/emhillie/Documents/projects/zeva/frontend/src/app/components/Accordion.js","statementMap":{"0":{"start":{"line":4,"column":18},"end":{"line":11,"column":1}},"1":{"start":{"line":5,"column":23},"end":{"line":5,"column":28}},"2":{"start":{"line":6,"column":2},"end":{"line":10,"column":4}},"3":{"start":{"line":13,"column":0},"end":{"line":15,"column":2}}},"fnMap":{"0":{"name":"(anonymous_0)","decl":{"start":{"line":4,"column":18},"end":{"line":4,"column":19}},"loc":{"start":{"line":4,"column":29},"end":{"line":11,"column":1}},"line":4}},"branchMap":{},"s":{"0":0,"1":0,"2":0,"3":0},"f":{"0":0},"b":{},"hash":"3f900317b3d3ad451aa8c28e780a48ff48467a3e"}
,"/Users/emhillie/Documents/projects/zeva/frontend/src/app/components/AccordionPanel.js": {"path":"/Users/emhillie/Documents/projects/zeva/frontend/src/app/components/AccordionPanel.js","statementMap":{"0":{"start":{"line":5,"column":23},"end":{"line":26,"column":1}},"1":{"start":{"line":6,"column":45},"end":{"line":6,"column":50}},"2":{"start":{"line":7,"column":34},"end":{"line":7,"column":57}},"3":{"start":{"line":9,"column":2},"end":{"line":25,"column":4}},"4":{"start":{"line":11,"column":54},"end":{"line":11,"column":76}},"5":{"start":{"line":28,"column":0},"end":{"line":30,"column":2}},"6":{"start":{"line":32,"column":0},"end":{"line":36,"column":2}}},"fnMap":{"0":{"name":"(anonymous_0)","decl":{"start":{"line":5,"column":23},"end":{"line":5,"column":24}},"loc":{"start":{"line":5,"column":34},"end":{"line":26,"column":1}},"line":5},"1":{"name":"(anonymous_1)","decl":{"start":{"line":11,"column":48},"end":{"line":11,"column":49}},"loc":{"start":{"line":11,"column":54},"end":{"line":11,"column":76}},"line":11}},"branchMap":{"0":{"loc":{"start":{"line":10,"column":39},"end":{"line":10,"column":74}},"type":"cond-expr","locations":[{"start":{"line":10,"column":50},"end":{"line":10,"column":60}},{"start":{"line":10,"column":63},"end":{"line":10,"column":74}}],"line":10},"1":{"loc":{"start":{"line":14,"column":11},"end":{"line":14,"column":68}},"type":"binary-expr","locations":[{"start":{"line":14,"column":11},"end":{"line":14,"column":19}},{"start":{"line":14,"column":23},"end":{"line":14,"column":68}}],"line":14},"2":{"loc":{"start":{"line":15,"column":11},"end":{"line":15,"column":70}},"type":"binary-expr","locations":[{"start":{"line":15,"column":11},"end":{"line":15,"column":19}},{"start":{"line":15,"column":23},"end":{"line":15,"column":70}}],"line":15},"3":{"loc":{"start":{"line":18,"column":7},"end":{"line":23,"column":7}},"type":"binary-expr","locations":[{"start":{"line":18,"column":7},"end":{"line":18,"column":15}},{"start":{"line":20,"column":8},"end":{"line":22,"column":14}}],"line":18}},"s":{"0":0,"1":0,"2":0,"3":0,"4":0,"5":0,"6":0},"f":{"0":0,"1":0},"b":{"0":[0,0],"1":[0,0],"2":[0,0],"3":[0,0]},"hash":"2d4e6c8a8ccff1799003d93e76768bac8685a854"}
,"/Users/emhillie/Documents/projects/zeva/frontend/src/app/components/AutocompleteInput.js": {"path":"/Users/emhillie/Documents/projects/zeva/frontend/src/app/components/AutocompleteInput.js","statementMap":{"0":{"start":{"line":6,"column":26},"end":{"line":139,"column":1}},"1":{"start":{"line":16,"column":6},"end":{"line":16,"column":11}},"2":{"start":{"line":17,"column":46},"end":{"line":17,"column":61}},"3":{"start":{"line":18,"column":34},"end":{"line":18,"column":60}},"4":{"start":{"line":19,"column":40},"end":{"line":19,"column":52}},"5":{"start":{"line":20,"column":50},"end":{"line":20,"column":62}},"6":{"start":{"line":21,"column":28},"end":{"line":21,"column":50}},"7":{"start":{"line":23,"column":23},"end":{"line":36,"column":3}},"8":{"start":{"line":24,"column":35},"end":{"line":24,"column":47}},"9":{"start":{"line":25,"column":4},"end":{"line":28,"column":5}},"10":{"start":{"line":26,"column":6},"end":{"line":26,"column":59}},"11":{"start":{"line":27,"column":6},"end":{"line":27,"column":42}},"12":{"start":{"line":30,"column":4},"end":{"line":33,"column":5}},"13":{"start":{"line":31,"column":6},"end":{"line":31,"column":30}},"14":{"start":{"line":32,"column":6},"end":{"line":32,"column":36}},"15":{"start":{"line":35,"column":4},"end":{"line":35,"column":29}},"16":{"start":{"line":38,"column":25},"end":{"line":42,"column":3}},"17":{"start":{"line":39,"column":23},"end":{"line":39,"column":49}},"18":{"start":{"line":40,"column":24},"end":{"line":40,"column":41}},"19":{"start":{"line":41,"column":4},"end":{"line":41,"column":130}},"20":{"start":{"line":41,"column":73},"end":{"line":41,"column":128}},"21":{"start":{"line":47,"column":29},"end":{"line":56,"column":3}},"22":{"start":{"line":48,"column":4},"end":{"line":53,"column":7}},"23":{"start":{"line":55,"column":4},"end":{"line":55,"column":22}},"24":{"start":{"line":59,"column":27},"end":{"line":63,"column":3}},"25":{"start":{"line":60,"column":4},"end":{"line":62,"column":10}},"26":{"start":{"line":66,"column":19},"end":{"line":73,"column":3}},"27":{"start":{"line":67,"column":4},"end":{"line":69,"column":5}},"28":{"start":{"line":68,"column":6},"end":{"line":68,"column":31}},"29":{"start":{"line":71,"column":4},"end":{"line":71,"column":29}},"30":{"start":{"line":72,"column":4},"end":{"line":72,"column":23}},"31":{"start":{"line":75,"column":34},"end":{"line":79,"column":3}},"32":{"start":{"line":76,"column":4},"end":{"line":78,"column":5}},"33":{"start":{"line":77,"column":6},"end":{"line":77,"column":30}},"34":{"start":{"line":81,"column":31},"end":{"line":83,"column":3}},"35":{"start":{"line":82,"column":4},"end":{"line":82,"column":29}},"36":{"start":{"line":85,"column":38},"end":{"line":87,"column":3}},"37":{"start":{"line":86,"column":4},"end":{"line":86,"column":42}},"38":{"start":{"line":89,"column":38},"end":{"line":91,"column":3}},"39":{"start":{"line":90,"column":4},"end":{"line":90,"column":23}},"40":{"start":{"line":94,"column":21},"end":{"line":113,"column":3}},"41":{"start":{"line":100,"column":6},"end":{"line":100,"column":26}},"42":{"start":{"line":103,"column":6},"end":{"line":105,"column":7}},"43":{"start":{"line":104,"column":8},"end":{"line":104,"column":15}},"44":{"start":{"line":107,"column":18},"end":{"line":107,"column":44}},"45":{"start":{"line":109,"column":6},"end":{"line":111,"column":7}},"46":{"start":{"line":110,"column":8},"end":{"line":110,"column":31}},"47":{"start":{"line":115,"column":2},"end":{"line":138,"column":4}},"48":{"start":{"line":143,"column":0},"end":{"line":148,"column":2}},"49":{"start":{"line":150,"column":0},"end":{"line":165,"column":2}}},"fnMap":{"0":{"name":"(anonymous_0)","decl":{"start":{"line":6,"column":26},"end":{"line":6,"column":27}},"loc":{"start":{"line":6,"column":37},"end":{"line":139,"column":1}},"line":6},"1":{"name":"(anonymous_1)","decl":{"start":{"line":23,"column":23},"end":{"line":23,"column":24}},"loc":{"start":{"line":23,"column":34},"end":{"line":36,"column":3}},"line":23},"2":{"name":"(anonymous_2)","decl":{"start":{"line":38,"column":25},"end":{"line":38,"column":26}},"loc":{"start":{"line":38,"column":36},"end":{"line":42,"column":3}},"line":38},"3":{"name":"(anonymous_3)","decl":{"start":{"line":41,"column":63},"end":{"line":41,"column":64}},"loc":{"start":{"line":41,"column":73},"end":{"line":41,"column":128}},"line":41},"4":{"name":"(anonymous_4)","decl":{"start":{"line":47,"column":29},"end":{"line":47,"column":30}},"loc":{"start":{"line":47,"column":45},"end":{"line":56,"column":3}},"line":47},"5":{"name":"(anonymous_5)","decl":{"start":{"line":59,"column":27},"end":{"line":59,"column":28}},"loc":{"start":{"line":60,"column":4},"end":{"line":62,"column":10}},"line":60},"6":{"name":"(anonymous_6)","decl":{"start":{"line":66,"column":19},"end":{"line":66,"column":20}},"loc":{"start":{"line":66,"column":44},"end":{"line":73,"column":3}},"line":66},"7":{"name":"(anonymous_7)","decl":{"start":{"line":75,"column":34},"end":{"line":75,"column":35}},"loc":{"start":{"line":75,"column":50},"end":{"line":79,"column":3}},"line":75},"8":{"name":"(anonymous_8)","decl":{"start":{"line":81,"column":31},"end":{"line":81,"column":32}},"loc":{"start":{"line":81,"column":37},"end":{"line":83,"column":3}},"line":81},"9":{"name":"(anonymous_9)","decl":{"start":{"line":85,"column":38},"end":{"line":85,"column":39}},"loc":{"start":{"line":85,"column":53},"end":{"line":87,"column":3}},"line":85},"10":{"name":"(anonymous_10)","decl":{"start":{"line":89,"column":38},"end":{"line":89,"column":39}},"loc":{"start":{"line":89,"column":44},"end":{"line":91,"column":3}},"line":89},"11":{"name":"(anonymous_11)","decl":{"start":{"line":99,"column":12},"end":{"line":99,"column":13}},"loc":{"start":{"line":99,"column":23},"end":{"line":101,"column":5}},"line":99},"12":{"name":"(anonymous_12)","decl":{"start":{"line":102,"column":15},"end":{"line":102,"column":16}},"loc":{"start":{"line":102,"column":26},"end":{"line":112,"column":5}},"line":102}},"branchMap":{"0":{"loc":{"start":{"line":25,"column":4},"end":{"line":28,"column":5}},"type":"if","locations":[{"start":{"line":25,"column":4},"end":{"line":28,"column":5}},{"start":{"line":25,"column":4},"end":{"line":28,"column":5}}],"line":25},"1":{"loc":{"start":{"line":25,"column":8},"end":{"line":25,"column":48}},"type":"binary-expr","locations":[{"start":{"line":25,"column":8},"end":{"line":25,"column":26}},{"start":{"line":25,"column":30},"end":{"line":25,"column":48}}],"line":25},"2":{"loc":{"start":{"line":30,"column":4},"end":{"line":33,"column":5}},"type":"if","locations":[{"start":{"line":30,"column":4},"end":{"line":33,"column":5}},{"start":{"line":30,"column":4},"end":{"line":33,"column":5}}],"line":30},"3":{"loc":{"start":{"line":30,"column":8},"end":{"line":30,"column":40}},"type":"binary-expr","locations":[{"start":{"line":30,"column":8},"end":{"line":30,"column":26}},{"start":{"line":30,"column":30},"end":{"line":30,"column":40}}],"line":30},"4":{"loc":{"start":{"line":41,"column":11},"end":{"line":41,"column":129}},"type":"cond-expr","locations":[{"start":{"line":41,"column":31},"end":{"line":41,"column":33}},{"start":{"line":41,"column":36},"end":{"line":41,"column":129}}],"line":41},"5":{"loc":{"start":{"line":67,"column":4},"end":{"line":69,"column":5}},"type":"if","locations":[{"start":{"line":67,"column":4},"end":{"line":69,"column":5}},{"start":{"line":67,"column":4},"end":{"line":69,"column":5}}],"line":67},"6":{"loc":{"start":{"line":76,"column":4},"end":{"line":78,"column":5}},"type":"if","locations":[{"start":{"line":76,"column":4},"end":{"line":78,"column":5}},{"start":{"line":76,"column":4},"end":{"line":78,"column":5}}],"line":76},"7":{"loc":{"start":{"line":103,"column":6},"end":{"line":105,"column":7}},"type":"if","locations":[{"start":{"line":103,"column":6},"end":{"line":105,"column":7}},{"start":{"line":103,"column":6},"end":{"line":105,"column":7}}],"line":103},"8":{"loc":{"start":{"line":107,"column":18},"end":{"line":107,"column":44}},"type":"binary-expr","locations":[{"start":{"line":107,"column":18},"end":{"line":107,"column":27}},{"start":{"line":107,"column":31},"end":{"line":107,"column":44}}],"line":107},"9":{"loc":{"start":{"line":109,"column":6},"end":{"line":111,"column":7}},"type":"if","locations":[{"start":{"line":109,"column":6},"end":{"line":111,"column":7}},{"start":{"line":109,"column":6},"end":{"line":111,"column":7}}],"line":109},"10":{"loc":{"start":{"line":109,"column":10},"end":{"line":109,"column":47}},"type":"binary-expr","locations":[{"start":{"line":109,"column":10},"end":{"line":109,"column":25}},{"start":{"line":109,"column":29},"end":{"line":109,"column":47}}],"line":109},"11":{"loc":{"start":{"line":135,"column":50},"end":{"line":135,"column":82}},"type":"binary-expr","locations":[{"start":{"line":135,"column":50},"end":{"line":135,"column":62}},{"start":{"line":135,"column":66},"end":{"line":135,"column":82}}],"line":135}},"s":{"0":3,"1":1,"2":1,"3":1,"4":1,"5":1,"6":1,"7":1,"8":0,"9":0,"10":0,"11":0,"12":0,"13":0,"14":0,"15":0,"16":1,"17":0,"18":0,"19":0,"20":0,"21":1,"22":0,"23":0,"24":1,"25":0,"26":1,"27":0,"28":0,"29":0,"30":0,"31":1,"32":0,"33":0,"34":1,"35":0,"36":1,"37":0,"38":1,"39":0,"40":1,"41":0,"42":0,"43":0,"44":0,"45":0,"46":0,"47":1,"48":3,"49":3},"f":{"0":1,"1":0,"2":0,"3":0,"4":0,"5":0,"6":0,"7":0,"8":0,"9":0,"10":0,"11":0,"12":0},"b":{"0":[0,0],"1":[0,0],"2":[0,0],"3":[0,0],"4":[0,0],"5":[0,0],"6":[0,0],"7":[0,0],"8":[0,0],"9":[0,0],"10":[0,0],"11":[1,1]},"_coverageSchema":"43e27e138ebf9cfc5966b082cf9a028302ed4184","hash":"c71b7073105321c80f3e40fe20982b3246931b71"}
,"/Users/emhillie/Documents/projects/zeva/frontend/src/app/components/ButtonDelete.js": {"path":"/Users/emhillie/Documents/projects/zeva/frontend/src/app/components/ButtonDelete.js","statementMap":{"0":{"start":{"line":5,"column":21},"end":{"line":12,"column":1}},"1":{"start":{"line":6,"column":33},"end":{"line":6,"column":38}},"2":{"start":{"line":7,"column":2},"end":{"line":11,"column":4}},"3":{"start":{"line":16,"column":0},"end":{"line":18,"column":2}},"4":{"start":{"line":19,"column":0},"end":{"line":22,"column":2}}},"fnMap":{"0":{"name":"(anonymous_0)","decl":{"start":{"line":5,"column":21},"end":{"line":5,"column":22}},"loc":{"start":{"line":5,"column":32},"end":{"line":12,"column":1}},"line":5}},"branchMap":{},"s":{"0":1,"1":1,"2":1,"3":1,"4":1},"f":{"0":1},"b":{},"_coverageSchema":"43e27e138ebf9cfc5966b082cf9a028302ed4184","hash":"e7f07dd94d6f05babc16716edd704f65b134c7d4"}
,"/Users/emhillie/Documents/projects/zeva/frontend/src/app/components/ButtonDownload.js": {"path":"/Users/emhillie/Documents/projects/zeva/frontend/src/app/components/ButtonDownload.js","statementMap":{"0":{"start":{"line":5,"column":23},"end":{"line":12,"column":1}},"1":{"start":{"line":6,"column":33},"end":{"line":6,"column":38}},"2":{"start":{"line":7,"column":2},"end":{"line":11,"column":4}},"3":{"start":{"line":16,"column":0},"end":{"line":18,"column":2}},"4":{"start":{"line":19,"column":0},"end":{"line":22,"column":2}}},"fnMap":{"0":{"name":"(anonymous_0)","decl":{"start":{"line":5,"column":23},"end":{"line":5,"column":24}},"loc":{"start":{"line":5,"column":34},"end":{"line":12,"column":1}},"line":5}},"branchMap":{},"s":{"0":0,"1":0,"2":0,"3":0,"4":0},"f":{"0":0},"b":{},"hash":"45a228f461da7999a93a0a86599ef275049a1442"}
,"/Users/emhillie/Documents/projects/zeva/frontend/src/app/components/ButtonSave.js": {"path":"/Users/emhillie/Documents/projects/zeva/frontend/src/app/components/ButtonSave.js","statementMap":{"0":{"start":{"line":5,"column":19},"end":{"line":12,"column":1}},"1":{"start":{"line":6,"column":33},"end":{"line":6,"column":38}},"2":{"start":{"line":7,"column":2},"end":{"line":11,"column":4}},"3":{"start":{"line":16,"column":0},"end":{"line":18,"column":2}},"4":{"start":{"line":19,"column":0},"end":{"line":22,"column":2}}},"fnMap":{"0":{"name":"(anonymous_0)","decl":{"start":{"line":5,"column":19},"end":{"line":5,"column":20}},"loc":{"start":{"line":5,"column":30},"end":{"line":12,"column":1}},"line":5}},"branchMap":{},"s":{"0":0,"1":0,"2":0,"3":0,"4":0},"f":{"0":0},"b":{},"hash":"be60a98b6c8928520e11e59f0dedc688a9ca7970"}
,"/Users/emhillie/Documents/projects/zeva/frontend/src/app/components/CreditTransactionTabs.js": {"path":"/Users/emhillie/Documents/projects/zeva/frontend/src/app/components/CreditTransactionTabs.js","statementMap":{"0":{"start":{"line":11,"column":30},"end":{"line":58,"column":1}},"1":{"start":{"line":12,"column":27},"end":{"line":12,"column":32}},"2":{"start":{"line":14,"column":2},"end":{"line":57,"column":4}},"3":{"start":{"line":60,"column":0},"end":{"line":63,"column":2}}},"fnMap":{"0":{"name":"(anonymous_0)","decl":{"start":{"line":11,"column":30},"end":{"line":11,"column":31}},"loc":{"start":{"line":11,"column":41},"end":{"line":58,"column":1}},"line":11}},"branchMap":{"0":{"loc":{"start":{"line":21,"column":31},"end":{"line":21,"column":81}},"type":"cond-expr","locations":[{"start":{"line":21,"column":68},"end":{"line":21,"column":76}},{"start":{"line":21,"column":79},"end":{"line":21,"column":81}}],"line":21},"1":{"loc":{"start":{"line":27,"column":31},"end":{"line":27,"column":77}},"type":"cond-expr","locations":[{"start":{"line":27,"column":64},"end":{"line":27,"column":72}},{"start":{"line":27,"column":75},"end":{"line":27,"column":77}}],"line":27},"2":{"loc":{"start":{"line":30,"column":18},"end":{"line":30,"column":87}},"type":"cond-expr","locations":[{"start":{"line":30,"column":38},"end":{"line":30,"column":68}},{"start":{"line":30,"column":71},"end":{"line":30,"column":87}}],"line":30},"3":{"loc":{"start":{"line":32,"column":7},"end":{"line":39,"column":7}},"type":"binary-expr","locations":[{"start":{"line":32,"column":7},"end":{"line":32,"column":47}},{"start":{"line":33,"column":6},"end":{"line":38,"column":11}}],"line":32},"4":{"loc":{"start":{"line":34,"column":31},"end":{"line":34,"column":78}},"type":"cond-expr","locations":[{"start":{"line":34,"column":65},"end":{"line":34,"column":73}},{"start":{"line":34,"column":76},"end":{"line":34,"column":78}}],"line":34},"5":{"loc":{"start":{"line":40,"column":7},"end":{"line":47,"column":7}},"type":"binary-expr","locations":[{"start":{"line":40,"column":7},"end":{"line":40,"column":52}},{"start":{"line":41,"column":6},"end":{"line":46,"column":11}}],"line":40},"6":{"loc":{"start":{"line":42,"column":31},"end":{"line":42,"column":83}},"type":"cond-expr","locations":[{"start":{"line":42,"column":70},"end":{"line":42,"column":78}},{"start":{"line":42,"column":81},"end":{"line":42,"column":83}}],"line":42},"7":{"loc":{"start":{"line":48,"column":7},"end":{"line":55,"column":7}},"type":"binary-expr","locations":[{"start":{"line":48,"column":7},"end":{"line":48,"column":48}},{"start":{"line":49,"column":6},"end":{"line":54,"column":11}}],"line":48},"8":{"loc":{"start":{"line":50,"column":31},"end":{"line":50,"column":79}},"type":"cond-expr","locations":[{"start":{"line":50,"column":66},"end":{"line":50,"column":74}},{"start":{"line":50,"column":77},"end":{"line":50,"column":79}}],"line":50}},"s":{"0":0,"1":0,"2":0,"3":0},"f":{"0":0},"b":{"0":[0,0],"1":[0,0],"2":[0,0],"3":[0,0],"4":[0,0],"5":[0,0],"6":[0,0],"7":[0,0],"8":[0,0]},"hash":"5bee3397a1f977b7d966532a80dc2b23269b21dd"}
,"/Users/emhillie/Documents/projects/zeva/frontend/src/app/components/DetailField.js": {"path":"/Users/emhillie/Documents/projects/zeva/frontend/src/app/components/DetailField.js","statementMap":{"0":{"start":{"line":4,"column":20},"end":{"line":15,"column":1}},"1":{"start":{"line":7,"column":6},"end":{"line":7,"column":11}},"2":{"start":{"line":9,"column":2},"end":{"line":14,"column":4}},"3":{"start":{"line":17,"column":0},"end":{"line":20,"column":2}},"4":{"start":{"line":22,"column":0},"end":{"line":33,"column":2}}},"fnMap":{"0":{"name":"(anonymous_0)","decl":{"start":{"line":4,"column":20},"end":{"line":4,"column":21}},"loc":{"start":{"line":4,"column":31},"end":{"line":15,"column":1}},"line":4}},"branchMap":{},"s":{"0":0,"1":0,"2":0,"3":0,"4":0},"f":{"0":0},"b":{},"hash":"44bb1d7d5dfcd8798594f75bb91cd2331abbcf4e"}
,"/Users/emhillie/Documents/projects/zeva/frontend/src/app/components/ErrorHandler.js": {"path":"/Users/emhillie/Documents/projects/zeva/frontend/src/app/components/ErrorHandler.js","statementMap":{"0":{"start":{"line":8,"column":4},"end":{"line":8,"column":17}},"1":{"start":{"line":10,"column":4},"end":{"line":10,"column":42}},"2":{"start":{"line":14,"column":4},"end":{"line":14,"column":25}},"3":{"start":{"line":15,"column":4},"end":{"line":15,"column":24}},"4":{"start":{"line":16,"column":4},"end":{"line":16,"column":43}},"5":{"start":{"line":20,"column":37},"end":{"line":20,"column":47}},"6":{"start":{"line":21,"column":30},"end":{"line":21,"column":40}},"7":{"start":{"line":23,"column":4},"end":{"line":25,"column":5}},"8":{"start":{"line":24,"column":6},"end":{"line":24,"column":35}},"9":{"start":{"line":27,"column":4},"end":{"line":29,"column":5}},"10":{"start":{"line":28,"column":6},"end":{"line":28,"column":59}},"11":{"start":{"line":31,"column":4},"end":{"line":31,"column":20}},"12":{"start":{"line":35,"column":0},"end":{"line":37,"column":2}},"13":{"start":{"line":39,"column":0},"end":{"line":42,"column":2}}},"fnMap":{"0":{"name":"(anonymous_0)","decl":{"start":{"line":7,"column":2},"end":{"line":7,"column":3}},"loc":{"start":{"line":7,"column":21},"end":{"line":11,"column":3}},"line":7},"1":{"name":"(anonymous_1)","decl":{"start":{"line":13,"column":2},"end":{"line":13,"column":3}},"loc":{"start":{"line":13,"column":33},"end":{"line":17,"column":3}},"line":13},"2":{"name":"(anonymous_2)","decl":{"start":{"line":19,"column":2},"end":{"line":19,"column":3}},"loc":{"start":{"line":19,"column":11},"end":{"line":32,"column":3}},"line":19}},"branchMap":{"0":{"loc":{"start":{"line":23,"column":4},"end":{"line":25,"column":5}},"type":"if","locations":[{"start":{"line":23,"column":4},"end":{"line":25,"column":5}},{"start":{"line":23,"column":4},"end":{"line":25,"column":5}}],"line":23},"1":{"loc":{"start":{"line":27,"column":4},"end":{"line":29,"column":5}},"type":"if","locations":[{"start":{"line":27,"column":4},"end":{"line":29,"column":5}},{"start":{"line":27,"column":4},"end":{"line":29,"column":5}}],"line":27},"2":{"loc":{"start":{"line":27,"column":8},"end":{"line":27,"column":38}},"type":"binary-expr","locations":[{"start":{"line":27,"column":8},"end":{"line":27,"column":18}},{"start":{"line":27,"column":22},"end":{"line":27,"column":38}}],"line":27}},"s":{"0":0,"1":0,"2":0,"3":0,"4":0,"5":0,"6":0,"7":0,"8":0,"9":0,"10":0,"11":0,"12":0,"13":0},"f":{"0":0,"1":0,"2":0},"b":{"0":[0,0],"1":[0,0],"2":[0,0]},"hash":"83b06992afbf623615174e16f373ff19048ec0c7"}
,"/Users/emhillie/Documents/projects/zeva/frontend/src/app/components/FileDrop.js": {"path":"/Users/emhillie/Documents/projects/zeva/frontend/src/app/components/FileDrop.js","statementMap":{"0":{"start":{"line":6,"column":17},"end":{"line":37,"column":1}},"1":{"start":{"line":7,"column":33},"end":{"line":7,"column":38}},"2":{"start":{"line":8,"column":40},"end":{"line":10,"column":3}},"3":{"start":{"line":11,"column":17},"end":{"line":17,"column":8}},"4":{"start":{"line":12,"column":4},"end":{"line":16,"column":5}},"5":{"start":{"line":13,"column":6},"end":{"line":13,"column":83}},"6":{"start":{"line":15,"column":6},"end":{"line":15,"column":30}},"7":{"start":{"line":19,"column":42},"end":{"line":19,"column":65}},"8":{"start":{"line":20,"column":2},"end":{"line":36,"column":4}},"9":{"start":{"line":39,"column":0},"end":{"line":42,"column":2}}},"fnMap":{"0":{"name":"(anonymous_0)","decl":{"start":{"line":6,"column":17},"end":{"line":6,"column":18}},"loc":{"start":{"line":6,"column":28},"end":{"line":37,"column":1}},"line":6},"1":{"name":"(anonymous_1)","decl":{"start":{"line":11,"column":29},"end":{"line":11,"column":30}},"loc":{"start":{"line":11,"column":48},"end":{"line":17,"column":3}},"line":11}},"branchMap":{"0":{"loc":{"start":{"line":12,"column":4},"end":{"line":16,"column":5}},"type":"if","locations":[{"start":{"line":12,"column":4},"end":{"line":16,"column":5}},{"start":{"line":12,"column":4},"end":{"line":16,"column":5}}],"line":12},"1":{"loc":{"start":{"line":28,"column":9},"end":{"line":33,"column":9}},"type":"binary-expr","locations":[{"start":{"line":28,"column":9},"end":{"line":28,"column":51}},{"start":{"line":29,"column":10},"end":{"line":32,"column":13}}],"line":28}},"s":{"0":3,"1":0,"2":0,"3":0,"4":0,"5":0,"6":0,"7":0,"8":0,"9":3},"f":{"0":0,"1":0},"b":{"0":[0,0],"1":[0,0]},"_coverageSchema":"43e27e138ebf9cfc5966b082cf9a028302ed4184","hash":"74a09c87ced35f0ca0409ffcc0b07b0ec9c82e88"}
,"/Users/emhillie/Documents/projects/zeva/frontend/src/app/components/Footer.js": {"path":"/Users/emhillie/Documents/projects/zeva/frontend/src/app/components/Footer.js","statementMap":{"0":{"start":{"line":6,"column":15},"end":{"line":58,"column":1}},"1":{"start":{"line":7,"column":2},"end":{"line":57,"column":8}},"2":{"start":{"line":60,"column":0},"end":{"line":61,"column":2}},"3":{"start":{"line":63,"column":0},"end":{"line":64,"column":2}}},"fnMap":{"0":{"name":"(anonymous_0)","decl":{"start":{"line":6,"column":15},"end":{"line":6,"column":16}},"loc":{"start":{"line":7,"column":2},"end":{"line":57,"column":8}},"line":7}},"branchMap":{},"s":{"0":0,"1":0,"2":0,"3":0},"f":{"0":0},"b":{},"hash":"80ee73789e6413eafac3051ac566f51d65378dd3"}
,"/Users/emhillie/Documents/projects/zeva/frontend/src/app/components/Loading.js": {"path":"/Users/emhillie/Documents/projects/zeva/frontend/src/app/components/Loading.js","statementMap":{"0":{"start":{"line":3,"column":16},"end":{"line":7,"column":1}},"1":{"start":{"line":4,"column":2},"end":{"line":6,"column":8}}},"fnMap":{"0":{"name":"(anonymous_0)","decl":{"start":{"line":3,"column":16},"end":{"line":3,"column":17}},"loc":{"start":{"line":4,"column":2},"end":{"line":6,"column":8}},"line":4}},"branchMap":{},"s":{"0":3,"1":1},"f":{"0":1},"b":{},"_coverageSchema":"43e27e138ebf9cfc5966b082cf9a028302ed4184","hash":"8fe48ebd6bba94e36bc3f28da3a5795d018d916a"}
,"/Users/emhillie/Documents/projects/zeva/frontend/src/app/components/Modal.js": {"path":"/Users/emhillie/Documents/projects/zeva/frontend/src/app/components/Modal.js","statementMap":{"0":{"start":{"line":4,"column":14},"end":{"line":58,"column":1}},"1":{"start":{"line":15,"column":6},"end":{"line":15,"column":11}},"2":{"start":{"line":17,"column":2},"end":{"line":57,"column":5}},"3":{"start":{"line":60,"column":0},"end":{"line":66,"column":2}},"4":{"start":{"line":68,"column":0},"end":{"line":81,"column":2}}},"fnMap":{"0":{"name":"(anonymous_0)","decl":{"start":{"line":4,"column":14},"end":{"line":4,"column":15}},"loc":{"start":{"line":4,"column":25},"end":{"line":58,"column":1}},"line":4}},"branchMap":{"0":{"loc":{"start":{"line":18,"column":29},"end":{"line":18,"column":61}},"type":"cond-expr","locations":[{"start":{"line":18,"column":41},"end":{"line":18,"column":50}},{"start":{"line":18,"column":53},"end":{"line":18,"column":61}}],"line":18},"1":{"loc":{"start":{"line":56,"column":38},"end":{"line":56,"column":70}},"type":"cond-expr","locations":[{"start":{"line":56,"column":50},"end":{"line":56,"column":59}},{"start":{"line":56,"column":62},"end":{"line":56,"column":70}}],"line":56}},"s":{"0":0,"1":0,"2":0,"3":0,"4":0},"f":{"0":0},"b":{"0":[0,0],"1":[0,0]},"hash":"67f72009e6e37a69fffcebeb1b33bfde3c663279"}
,"/Users/emhillie/Documents/projects/zeva/frontend/src/app/components/Navbar.js": {"path":"/Users/emhillie/Documents/projects/zeva/frontend/src/app/components/Navbar.js","statementMap":{"0":{"start":{"line":13,"column":4},"end":{"line":13,"column":17}},"1":{"start":{"line":15,"column":4},"end":{"line":18,"column":6}},"2":{"start":{"line":20,"column":4},"end":{"line":20,"column":57}},"3":{"start":{"line":21,"column":4},"end":{"line":21,"column":61}},"4":{"start":{"line":25,"column":24},"end":{"line":25,"column":34}},"5":{"start":{"line":27,"column":4},"end":{"line":27,"column":27}},"6":{"start":{"line":29,"column":4},"end":{"line":31,"column":7}},"7":{"start":{"line":35,"column":32},"end":{"line":35,"column":42}},"8":{"start":{"line":37,"column":4},"end":{"line":37,"column":43}},"9":{"start":{"line":39,"column":4},"end":{"line":41,"column":7}},"10":{"start":{"line":45,"column":31},"end":{"line":45,"column":41}},"11":{"start":{"line":46,"column":45},"end":{"line":46,"column":55}},"12":{"start":{"line":48,"column":4},"end":{"line":260,"column":6}},"13":{"start":{"line":110,"column":35},"end":{"line":112,"column":22}},"14":{"start":{"line":198,"column":22},"end":{"line":200,"column":23}},"15":{"start":{"line":199,"column":24},"end":{"line":199,"column":37}},"16":{"start":{"line":202,"column":22},"end":{"line":204,"column":23}},"17":{"start":{"line":203,"column":24},"end":{"line":203,"column":37}},"18":{"start":{"line":206,"column":22},"end":{"line":206,"column":34}},"19":{"start":{"line":264,"column":0},"end":{"line":264,"column":25}},"20":{"start":{"line":266,"column":0},"end":{"line":269,"column":2}}},"fnMap":{"0":{"name":"(anonymous_0)","decl":{"start":{"line":12,"column":2},"end":{"line":12,"column":3}},"loc":{"start":{"line":12,"column":21},"end":{"line":22,"column":3}},"line":12},"1":{"name":"(anonymous_1)","decl":{"start":{"line":24,"column":2},"end":{"line":24,"column":3}},"loc":{"start":{"line":24,"column":19},"end":{"line":32,"column":3}},"line":24},"2":{"name":"(anonymous_2)","decl":{"start":{"line":34,"column":2},"end":{"line":34,"column":3}},"loc":{"start":{"line":34,"column":21},"end":{"line":42,"column":3}},"line":34},"3":{"name":"(anonymous_3)","decl":{"start":{"line":44,"column":2},"end":{"line":44,"column":3}},"loc":{"start":{"line":44,"column":11},"end":{"line":261,"column":3}},"line":44},"4":{"name":"(anonymous_4)","decl":{"start":{"line":110,"column":29},"end":{"line":110,"column":30}},"loc":{"start":{"line":110,"column":35},"end":{"line":112,"column":22}},"line":110},"5":{"name":"(anonymous_5)","decl":{"start":{"line":197,"column":30},"end":{"line":197,"column":31}},"loc":{"start":{"line":197,"column":51},"end":{"line":207,"column":21}},"line":197}},"branchMap":{"0":{"loc":{"start":{"line":60,"column":51},"end":{"line":60,"column":98}},"type":"cond-expr","locations":[{"start":{"line":60,"column":71},"end":{"line":60,"column":93}},{"start":{"line":60,"column":96},"end":{"line":60,"column":98}}],"line":60},"1":{"loc":{"start":{"line":61,"column":17},"end":{"line":63,"column":17}},"type":"binary-expr","locations":[{"start":{"line":61,"column":17},"end":{"line":61,"column":35}},{"start":{"line":61,"column":39},"end":{"line":61,"column":56}},{"start":{"line":62,"column":16},"end":{"line":62,"column":136}}],"line":61},"2":{"loc":{"start":{"line":98,"column":44},"end":{"line":98,"column":77}},"type":"cond-expr","locations":[{"start":{"line":98,"column":64},"end":{"line":98,"column":72}},{"start":{"line":98,"column":75},"end":{"line":98,"column":77}}],"line":98},"3":{"loc":{"start":{"line":144,"column":54},"end":{"line":144,"column":87}},"type":"cond-expr","locations":[{"start":{"line":144,"column":76},"end":{"line":144,"column":82}},{"start":{"line":144,"column":85},"end":{"line":144,"column":87}}],"line":144},"4":{"loc":{"start":{"line":155,"column":15},"end":{"line":164,"column":15}},"type":"binary-expr","locations":[{"start":{"line":155,"column":15},"end":{"line":155,"column":56}},{"start":{"line":156,"column":14},"end":{"line":163,"column":19}}],"line":155},"5":{"loc":{"start":{"line":166,"column":15},"end":{"line":175,"column":15}},"type":"binary-expr","locations":[{"start":{"line":166,"column":15},"end":{"line":166,"column":58}},{"start":{"line":167,"column":14},"end":{"line":174,"column":19}}],"line":166},"6":{"loc":{"start":{"line":177,"column":15},"end":{"line":188,"column":15}},"type":"binary-expr","locations":[{"start":{"line":177,"column":15},"end":{"line":177,"column":55}},{"start":{"line":178,"column":17},"end":{"line":178,"column":47}},{"start":{"line":180,"column":16},"end":{"line":187,"column":21}}],"line":177},"7":{"loc":{"start":{"line":190,"column":15},"end":{"line":213,"column":15}},"type":"binary-expr","locations":[{"start":{"line":190,"column":15},"end":{"line":190,"column":55}},{"start":{"line":191,"column":17},"end":{"line":191,"column":57}},{"start":{"line":192,"column":17},"end":{"line":192,"column":34}},{"start":{"line":194,"column":16},"end":{"line":212,"column":21}}],"line":190},"8":{"loc":{"start":{"line":198,"column":22},"end":{"line":200,"column":23}},"type":"if","locations":[{"start":{"line":198,"column":22},"end":{"line":200,"column":23}},{"start":{"line":198,"column":22},"end":{"line":200,"column":23}}],"line":198},"9":{"loc":{"start":{"line":202,"column":22},"end":{"line":204,"column":23}},"type":"if","locations":[{"start":{"line":202,"column":22},"end":{"line":204,"column":23}},{"start":{"line":202,"column":22},"end":{"line":204,"column":23}}],"line":202},"10":{"loc":{"start":{"line":215,"column":15},"end":{"line":227,"column":15}},"type":"binary-expr","locations":[{"start":{"line":215,"column":15},"end":{"line":215,"column":55}},{"start":{"line":216,"column":17},"end":{"line":216,"column":68}},{"start":{"line":217,"column":17},"end":{"line":217,"column":35}},{"start":{"line":219,"column":16},"end":{"line":226,"column":21}}],"line":215},"11":{"loc":{"start":{"line":229,"column":15},"end":{"line":241,"column":15}},"type":"binary-expr","locations":[{"start":{"line":229,"column":15},"end":{"line":229,"column":55}},{"start":{"line":230,"column":17},"end":{"line":230,"column":49}},{"start":{"line":231,"column":17},"end":{"line":231,"column":34}},{"start":{"line":233,"column":16},"end":{"line":240,"column":21}}],"line":229},"12":{"loc":{"start":{"line":243,"column":15},"end":{"line":255,"column":15}},"type":"binary-expr","locations":[{"start":{"line":243,"column":15},"end":{"line":243,"column":44}},{"start":{"line":244,"column":17},"end":{"line":244,"column":57}},{"start":{"line":245,"column":17},"end":{"line":245,"column":65}},{"start":{"line":247,"column":16},"end":{"line":254,"column":21}}],"line":243}},"s":{"0":0,"1":0,"2":0,"3":0,"4":0,"5":0,"6":0,"7":0,"8":0,"9":0,"10":0,"11":0,"12":0,"13":0,"14":0,"15":0,"16":0,"17":0,"18":0,"19":0,"20":0},"f":{"0":0,"1":0,"2":0,"3":0,"4":0,"5":0},"b":{"0":[0,0],"1":[0,0,0],"2":[0,0],"3":[0,0],"4":[0,0],"5":[0,0],"6":[0,0,0],"7":[0,0,0,0],"8":[0,0],"9":[0,0],"10":[0,0,0,0],"11":[0,0,0,0],"12":[0,0,0,0]},"hash":"d9675312b141ccc7ac1728df3ff88b5c06e43f48"}
,"/Users/emhillie/Documents/projects/zeva/frontend/src/app/components/StatusInterceptor.js": {"path":"/Users/emhillie/Documents/projects/zeva/frontend/src/app/components/StatusInterceptor.js","statementMap":{"0":{"start":{"line":7,"column":4},"end":{"line":16,"column":6}},"1":{"start":{"line":20,"column":4},"end":{"line":26,"column":6}},"2":{"start":{"line":30,"column":4},"end":{"line":35,"column":6}},"3":{"start":{"line":39,"column":4},"end":{"line":43,"column":6}},"4":{"start":{"line":47,"column":4},"end":{"line":51,"column":6}},"5":{"start":{"line":55,"column":4},"end":{"line":59,"column":6}},"6":{"start":{"line":63,"column":27},"end":{"line":63,"column":37}},"7":{"start":{"line":66,"column":4},"end":{"line":84,"column":5}},"8":{"start":{"line":68,"column":8},"end":{"line":68,"column":55}},"9":{"start":{"line":69,"column":8},"end":{"line":69,"column":14}},"10":{"start":{"line":71,"column":8},"end":{"line":71,"column":55}},"11":{"start":{"line":72,"column":8},"end":{"line":72,"column":14}},"12":{"start":{"line":74,"column":8},"end":{"line":74,"column":55}},"13":{"start":{"line":75,"column":8},"end":{"line":75,"column":14}},"14":{"start":{"line":77,"column":8},"end":{"line":77,"column":55}},"15":{"start":{"line":78,"column":8},"end":{"line":78,"column":14}},"16":{"start":{"line":80,"column":8},"end":{"line":80,"column":55}},"17":{"start":{"line":81,"column":8},"end":{"line":81,"column":14}},"18":{"start":{"line":83,"column":8},"end":{"line":83,"column":59}},"19":{"start":{"line":86,"column":4},"end":{"line":91,"column":6}},"20":{"start":{"line":95,"column":0},"end":{"line":97,"column":2}},"21":{"start":{"line":99,"column":0},"end":{"line":101,"column":2}}},"fnMap":{"0":{"name":"(anonymous_0)","decl":{"start":{"line":6,"column":2},"end":{"line":6,"column":3}},"loc":{"start":{"line":6,"column":28},"end":{"line":17,"column":3}},"line":6},"1":{"name":"(anonymous_1)","decl":{"start":{"line":19,"column":2},"end":{"line":19,"column":3}},"loc":{"start":{"line":19,"column":28},"end":{"line":27,"column":3}},"line":19},"2":{"name":"(anonymous_2)","decl":{"start":{"line":29,"column":2},"end":{"line":29,"column":3}},"loc":{"start":{"line":29,"column":28},"end":{"line":36,"column":3}},"line":29},"3":{"name":"(anonymous_3)","decl":{"start":{"line":38,"column":2},"end":{"line":38,"column":3}},"loc":{"start":{"line":38,"column":28},"end":{"line":44,"column":3}},"line":38},"4":{"name":"(anonymous_4)","decl":{"start":{"line":46,"column":2},"end":{"line":46,"column":3}},"loc":{"start":{"line":46,"column":28},"end":{"line":52,"column":3}},"line":46},"5":{"name":"(anonymous_5)","decl":{"start":{"line":54,"column":2},"end":{"line":54,"column":3}},"loc":{"start":{"line":54,"column":32},"end":{"line":60,"column":3}},"line":54},"6":{"name":"(anonymous_6)","decl":{"start":{"line":62,"column":2},"end":{"line":62,"column":3}},"loc":{"start":{"line":62,"column":11},"end":{"line":92,"column":3}},"line":62}},"branchMap":{"0":{"loc":{"start":{"line":66,"column":4},"end":{"line":84,"column":5}},"type":"switch","locations":[{"start":{"line":67,"column":6},"end":{"line":69,"column":14}},{"start":{"line":70,"column":6},"end":{"line":72,"column":14}},{"start":{"line":73,"column":6},"end":{"line":75,"column":14}},{"start":{"line":76,"column":6},"end":{"line":78,"column":14}},{"start":{"line":79,"column":6},"end":{"line":81,"column":14}},{"start":{"line":82,"column":6},"end":{"line":83,"column":59}}],"line":66}},"s":{"0":1,"1":1,"2":1,"3":1,"4":1,"5":2,"6":7,"7":7,"8":1,"9":1,"10":1,"11":1,"12":1,"13":1,"14":1,"15":1,"16":1,"17":1,"18":2,"19":7,"20":1,"21":1},"f":{"0":1,"1":1,"2":1,"3":1,"4":1,"5":2,"6":7},"b":{"0":[1,1,1,1,1,2]},"_coverageSchema":"43e27e138ebf9cfc5966b082cf9a028302ed4184","hash":"313b780a5a5655271d8447cd9eca4ca0bf0f4b21"}
,"/Users/emhillie/Documents/projects/zeva/frontend/src/app/components/TextInput.js": {"path":"/Users/emhillie/Documents/projects/zeva/frontend/src/app/components/TextInput.js","statementMap":{"0":{"start":{"line":4,"column":18},"end":{"line":69,"column":1}},"1":{"start":{"line":16,"column":6},"end":{"line":16,"column":11}},"2":{"start":{"line":19,"column":2},"end":{"line":23,"column":3}},"3":{"start":{"line":20,"column":4},"end":{"line":20,"column":18}},"4":{"start":{"line":22,"column":4},"end":{"line":22,"column":20}},"5":{"start":{"line":25,"column":50},"end":{"line":25,"column":62}},"6":{"start":{"line":26,"column":34},"end":{"line":26,"column":60}},"7":{"start":{"line":28,"column":23},"end":{"line":43,"column":3}},"8":{"start":{"line":29,"column":22},"end":{"line":29,"column":34}},"9":{"start":{"line":30,"column":4},"end":{"line":33,"column":5}},"10":{"start":{"line":31,"column":6},"end":{"line":31,"column":59}},"11":{"start":{"line":32,"column":6},"end":{"line":32,"column":42}},"12":{"start":{"line":35,"column":4},"end":{"line":38,"column":5}},"13":{"start":{"line":36,"column":6},"end":{"line":36,"column":30}},"14":{"start":{"line":37,"column":6},"end":{"line":37,"column":36}},"15":{"start":{"line":39,"column":4},"end":{"line":42,"column":5}},"16":{"start":{"line":40,"column":6},"end":{"line":40,"column":65}},"17":{"start":{"line":41,"column":6},"end":{"line":41,"column":42}},"18":{"start":{"line":45,"column":2},"end":{"line":68,"column":4}},"19":{"start":{"line":71,"column":0},"end":{"line":78,"column":2}},"20":{"start":{"line":80,"column":0},"end":{"line":97,"column":2}}},"fnMap":{"0":{"name":"(anonymous_0)","decl":{"start":{"line":4,"column":18},"end":{"line":4,"column":19}},"loc":{"start":{"line":4,"column":29},"end":{"line":69,"column":1}},"line":4},"1":{"name":"(anonymous_1)","decl":{"start":{"line":28,"column":23},"end":{"line":28,"column":24}},"loc":{"start":{"line":28,"column":34},"end":{"line":43,"column":3}},"line":28}},"branchMap":{"0":{"loc":{"start":{"line":19,"column":2},"end":{"line":23,"column":3}},"type":"if","locations":[{"start":{"line":19,"column":2},"end":{"line":23,"column":3}},{"start":{"line":19,"column":2},"end":{"line":23,"column":3}}],"line":19},"1":{"loc":{"start":{"line":30,"column":4},"end":{"line":33,"column":5}},"type":"if","locations":[{"start":{"line":30,"column":4},"end":{"line":33,"column":5}},{"start":{"line":30,"column":4},"end":{"line":33,"column":5}}],"line":30},"2":{"loc":{"start":{"line":30,"column":8},"end":{"line":30,"column":42}},"type":"binary-expr","locations":[{"start":{"line":30,"column":8},"end":{"line":30,"column":20}},{"start":{"line":30,"column":24},"end":{"line":30,"column":42}}],"line":30},"3":{"loc":{"start":{"line":35,"column":4},"end":{"line":38,"column":5}},"type":"if","locations":[{"start":{"line":35,"column":4},"end":{"line":38,"column":5}},{"start":{"line":35,"column":4},"end":{"line":38,"column":5}}],"line":35},"4":{"loc":{"start":{"line":35,"column":8},"end":{"line":35,"column":34}},"type":"binary-expr","locations":[{"start":{"line":35,"column":8},"end":{"line":35,"column":20}},{"start":{"line":35,"column":24},"end":{"line":35,"column":34}}],"line":35},"5":{"loc":{"start":{"line":39,"column":4},"end":{"line":42,"column":5}},"type":"if","locations":[{"start":{"line":39,"column":4},"end":{"line":42,"column":5}},{"start":{"line":39,"column":4},"end":{"line":42,"column":5}}],"line":39},"6":{"loc":{"start":{"line":39,"column":8},"end":{"line":39,"column":39}},"type":"binary-expr","locations":[{"start":{"line":39,"column":8},"end":{"line":39,"column":11}},{"start":{"line":39,"column":15},"end":{"line":39,"column":21}},{"start":{"line":39,"column":25},"end":{"line":39,"column":39}}],"line":39},"7":{"loc":{"start":{"line":54,"column":9},"end":{"line":54,"column":79}},"type":"binary-expr","locations":[{"start":{"line":54,"column":9},"end":{"line":54,"column":16}},{"start":{"line":54,"column":21},"end":{"line":54,"column":78}}],"line":54},"8":{"loc":{"start":{"line":65,"column":50},"end":{"line":65,"column":82}},"type":"binary-expr","locations":[{"start":{"line":65,"column":50},"end":{"line":65,"column":62}},{"start":{"line":65,"column":66},"end":{"line":65,"column":82}}],"line":65}},"s":{"0":4,"1":14,"2":14,"3":12,"4":2,"5":14,"6":14,"7":14,"8":3,"9":3,"10":1,"11":1,"12":3,"13":2,"14":2,"15":3,"16":0,"17":0,"18":14,"19":4,"20":4},"f":{"0":14,"1":3},"b":{"0":[12,2],"1":[1,2],"2":[3,2],"3":[2,1],"4":[3,2],"5":[0,3],"6":[3,1,0],"7":[14,2],"8":[14,14]},"_coverageSchema":"43e27e138ebf9cfc5966b082cf9a028302ed4184","hash":"6ff7e514a6c1e5f4ffeac8bcf237118df750e08e"}
,"/Users/emhillie/Documents/projects/zeva/frontend/src/app/components/VehicleSupplierTabs.js": {"path":"/Users/emhillie/Documents/projects/zeva/frontend/src/app/components/VehicleSupplierTabs.js","statementMap":{"0":{"start":{"line":8,"column":28},"end":{"line":46,"column":1}},"1":{"start":{"line":12,"column":6},"end":{"line":12,"column":11}},"2":{"start":{"line":14,"column":2},"end":{"line":45,"column":4}},"3":{"start":{"line":48,"column":0},"end":{"line":50,"column":2}},"4":{"start":{"line":52,"column":0},"end":{"line":55,"column":2}}},"fnMap":{"0":{"name":"(anonymous_0)","decl":{"start":{"line":8,"column":28},"end":{"line":8,"column":29}},"loc":{"start":{"line":8,"column":39},"end":{"line":46,"column":1}},"line":8}},"branchMap":{"0":{"loc":{"start":{"line":21,"column":31},"end":{"line":21,"column":75}},"type":"cond-expr","locations":[{"start":{"line":21,"column":62},"end":{"line":21,"column":70}},{"start":{"line":21,"column":73},"end":{"line":21,"column":75}}],"line":21},"1":{"loc":{"start":{"line":27,"column":31},"end":{"line":27,"column":76}},"type":"cond-expr","locations":[{"start":{"line":27,"column":63},"end":{"line":27,"column":71}},{"start":{"line":27,"column":74},"end":{"line":27,"column":76}}],"line":27},"2":{"loc":{"start":{"line":33,"column":31},"end":{"line":33,"column":81}},"type":"cond-expr","locations":[{"start":{"line":33,"column":68},"end":{"line":33,"column":76}},{"start":{"line":33,"column":79},"end":{"line":33,"column":81}}],"line":33},"3":{"loc":{"start":{"line":39,"column":31},"end":{"line":39,"column":90}},"type":"cond-expr","locations":[{"start":{"line":39,"column":77},"end":{"line":39,"column":85}},{"start":{"line":39,"column":88},"end":{"line":39,"column":90}}],"line":39}},"s":{"0":0,"1":0,"2":0,"3":0,"4":0},"f":{"0":0},"b":{"0":[0,0],"1":[0,0],"2":[0,0],"3":[0,0]},"hash":"5748db56b1234dfd6d0172d61427ab41c268ff13"}
,"/Users/emhillie/Documents/projects/zeva/frontend/src/app/config/features.js": {"path":"/Users/emhillie/Documents/projects/zeva/frontend/src/app/config/features.js","statementMap":{"0":{"start":{"line":1,"column":0},"end":{"line":8,"column":2}}},"fnMap":{},"branchMap":{},"s":{"0":0},"f":{},"b":{},"hash":"393f20fdde92936dbd8653aa42aae7e3de648c48"}
,"/Users/emhillie/Documents/projects/zeva/frontend/src/app/routes/Credits.js": {"path":"/Users/emhillie/Documents/projects/zeva/frontend/src/app/routes/Credits.js","statementMap":{"0":{"start":{"line":1,"column":22},"end":{"line":1,"column":44}},"1":{"start":{"line":3,"column":16},"end":{"line":10,"column":1}}},"fnMap":{},"branchMap":{},"s":{"0":0,"1":0},"f":{},"b":{},"hash":"e610133d04648553f29111319f45e3dd763d7b02"}
,"/Users/emhillie/Documents/projects/zeva/frontend/src/app/routes/ICBCVerification.js": {"path":"/Users/emhillie/Documents/projects/zeva/frontend/src/app/routes/ICBCVerification.js","statementMap":{"0":{"start":{"line":1,"column":22},"end":{"line":1,"column":42}},"1":{"start":{"line":3,"column":26},"end":{"line":6,"column":1}}},"fnMap":{},"branchMap":{},"s":{"0":0,"1":0},"f":{},"b":{},"hash":"575b9048f773beadb5dda1234006caba7b128527"}
,"/Users/emhillie/Documents/projects/zeva/frontend/src/app/routes/Organizations.js": {"path":"/Users/emhillie/Documents/projects/zeva/frontend/src/app/routes/Organizations.js","statementMap":{"0":{"start":{"line":1,"column":22},"end":{"line":1,"column":38}},"1":{"start":{"line":3,"column":22},"end":{"line":14,"column":1}}},"fnMap":{},"branchMap":{},"s":{"0":0,"1":0},"f":{},"b":{},"hash":"1c9814f6d1cfc35f9c875bb914beeec781a6fec8"}
,"/Users/emhillie/Documents/projects/zeva/frontend/src/app/routes/Roles.js": {"path":"/Users/emhillie/Documents/projects/zeva/frontend/src/app/routes/Roles.js","statementMap":{"0":{"start":{"line":1,"column":22},"end":{"line":1,"column":30}},"1":{"start":{"line":3,"column":14},"end":{"line":5,"column":1}}},"fnMap":{},"branchMap":{},"s":{"0":0,"1":0},"f":{},"b":{},"hash":"34cf10081e661f311b2efabb97699026a02ef467"}
,"/Users/emhillie/Documents/projects/zeva/frontend/src/app/routes/Sales.js": {"path":"/Users/emhillie/Documents/projects/zeva/frontend/src/app/routes/Sales.js","statementMap":{"0":{"start":{"line":1,"column":22},"end":{"line":1,"column":30}},"1":{"start":{"line":3,"column":14},"end":{"line":11,"column":1}}},"fnMap":{},"branchMap":{},"s":{"0":0,"1":0},"f":{},"b":{},"hash":"0804b017ef8cac9833d50ff3c95e54b1201414b1"}
,"/Users/emhillie/Documents/projects/zeva/frontend/src/app/routes/SalesSubmissions.js": {"path":"/Users/emhillie/Documents/projects/zeva/frontend/src/app/routes/SalesSubmissions.js","statementMap":{"0":{"start":{"line":1,"column":22},"end":{"line":1,"column":36}},"1":{"start":{"line":3,"column":26},"end":{"line":6,"column":1}}},"fnMap":{},"branchMap":{},"s":{"0":0,"1":0},"f":{},"b":{},"hash":"3d5a2470f8a9e35f72e125814c071a1a5868dba1"}
,"/Users/emhillie/Documents/projects/zeva/frontend/src/app/routes/Users.js": {"path":"/Users/emhillie/Documents/projects/zeva/frontend/src/app/routes/Users.js","statementMap":{"0":{"start":{"line":1,"column":22},"end":{"line":1,"column":30}},"1":{"start":{"line":3,"column":14},"end":{"line":8,"column":1}}},"fnMap":{},"branchMap":{},"s":{"0":0,"1":0},"f":{},"b":{},"hash":"ba0e5161e655556f52cb30aa4ffe7c745f45749e"}
,"/Users/emhillie/Documents/projects/zeva/frontend/src/app/routes/Vehicles.js": {"path":"/Users/emhillie/Documents/projects/zeva/frontend/src/app/routes/Vehicles.js","statementMap":{"0":{"start":{"line":1,"column":22},"end":{"line":1,"column":33}},"1":{"start":{"line":3,"column":17},"end":{"line":13,"column":1}}},"fnMap":{},"branchMap":{},"s":{"0":2,"1":2},"f":{},"b":{},"_coverageSchema":"43e27e138ebf9cfc5966b082cf9a028302ed4184","hash":"1c0c926e2354e736b13f75dde188006a4b014568"}
,"/Users/emhillie/Documents/projects/zeva/frontend/src/app/utilities/download.js": {"path":"/Users/emhillie/Documents/projects/zeva/frontend/src/app/utilities/download.js","statementMap":{"0":{"start":{"line":3,"column":17},"end":{"line":18,"column":1}},"1":{"start":{"line":4,"column":2},"end":{"line":17,"column":4}},"2":{"start":{"line":8,"column":19},"end":{"line":8,"column":95}},"3":{"start":{"line":9,"column":4},"end":{"line":9,"column":42}},"4":{"start":{"line":11,"column":22},"end":{"line":11,"column":75}},"5":{"start":{"line":12,"column":17},"end":{"line":12,"column":44}},"6":{"start":{"line":13,"column":4},"end":{"line":13,"column":26}},"7":{"start":{"line":14,"column":4},"end":{"line":14,"column":44}},"8":{"start":{"line":15,"column":4},"end":{"line":15,"column":36}},"9":{"start":{"line":16,"column":4},"end":{"line":16,"column":17}}},"fnMap":{"0":{"name":"(anonymous_0)","decl":{"start":{"line":3,"column":17},"end":{"line":3,"column":18}},"loc":{"start":{"line":4,"column":2},"end":{"line":17,"column":4}},"line":4},"1":{"name":"(anonymous_1)","decl":{"start":{"line":7,"column":10},"end":{"line":7,"column":11}},"loc":{"start":{"line":7,"column":24},"end":{"line":17,"column":3}},"line":7}},"branchMap":{},"s":{"0":0,"1":0,"2":0,"3":0,"4":0,"5":0,"6":0,"7":0,"8":0,"9":0},"f":{"0":0,"1":0},"b":{},"hash":"b1f618e584510ad6d7a788ff28510c835efd10ce"}
,"/Users/emhillie/Documents/projects/zeva/frontend/src/app/utilities/formatStatus.js": {"path":"/Users/emhillie/Documents/projects/zeva/frontend/src/app/utilities/formatStatus.js","statementMap":{"0":{"start":{"line":1,"column":21},"end":{"line":1,"column":74}},"1":{"start":{"line":1,"column":34},"end":{"line":1,"column":73}}},"fnMap":{"0":{"name":"(anonymous_0)","decl":{"start":{"line":1,"column":21},"end":{"line":1,"column":22}},"loc":{"start":{"line":1,"column":34},"end":{"line":1,"column":73}},"line":1}},"branchMap":{},"s":{"0":1,"1":2},"f":{"0":2},"b":{},"_coverageSchema":"43e27e138ebf9cfc5966b082cf9a028302ed4184","hash":"f231fca62e4cc3e5c725718d7283188a4109dba6"}
,"/Users/emhillie/Documents/projects/zeva/frontend/src/app/utilities/getCreditClass.js": {"path":"/Users/emhillie/Documents/projects/zeva/frontend/src/app/utilities/getCreditClass.js","statementMap":{"0":{"start":{"line":1,"column":23},"end":{"line":12,"column":1}},"1":{"start":{"line":2,"column":2},"end":{"line":5,"column":3}},"2":{"start":{"line":4,"column":4},"end":{"line":4,"column":15}},"3":{"start":{"line":7,"column":2},"end":{"line":9,"column":3}},"4":{"start":{"line":8,"column":4},"end":{"line":8,"column":15}},"5":{"start":{"line":11,"column":2},"end":{"line":11,"column":13}}},"fnMap":{"0":{"name":"(anonymous_0)","decl":{"start":{"line":1,"column":23},"end":{"line":1,"column":24}},"loc":{"start":{"line":1,"column":36},"end":{"line":12,"column":1}},"line":1}},"branchMap":{"0":{"loc":{"start":{"line":2,"column":2},"end":{"line":5,"column":3}},"type":"if","locations":[{"start":{"line":2,"column":2},"end":{"line":5,"column":3}},{"start":{"line":2,"column":2},"end":{"line":5,"column":3}}],"line":2},"1":{"loc":{"start":{"line":2,"column":6},"end":{"line":3,"column":25}},"type":"binary-expr","locations":[{"start":{"line":2,"column":7},"end":{"line":2,"column":54}},{"start":{"line":2,"column":58},"end":{"line":2,"column":79}},{"start":{"line":3,"column":7},"end":{"line":3,"column":25}}],"line":2},"2":{"loc":{"start":{"line":7,"column":2},"end":{"line":9,"column":3}},"type":"if","locations":[{"start":{"line":7,"column":2},"end":{"line":9,"column":3}},{"start":{"line":7,"column":2},"end":{"line":9,"column":3}}],"line":7}},"s":{"0":1,"1":4,"2":2,"3":2,"4":1,"5":1},"f":{"0":4},"b":{"0":[2,2],"1":[4,2,3],"2":[1,1]},"_coverageSchema":"43e27e138ebf9cfc5966b082cf9a028302ed4184","hash":"5ccc4965d47413e6b7b9de2ac2f78d832f36ff99"}
[...]
,"/Users/emhillie/Documents/projects/zeva/frontend/src/vehicles/components/VehicleListTable.js": {"path":"/Users/emhillie/Documents/projects/zeva/frontend/src/vehicles/components/VehicleListTable.js","statementMap":{"0":{"start":{"line":11,"column":25},"end":{"line":161,"column":1}},"1":{"start":{"line":14,"column":6},"end":{"line":14,"column":11}},"2":{"start":{"line":15,"column":18},"end":{"line":22,"column":3}},"3":{"start":{"line":16,"column":19},"end":{"line":16,"column":24}},"4":{"start":{"line":17,"column":4},"end":{"line":19,"column":5}},"5":{"start":{"line":18,"column":6},"end":{"line":18,"column":37}},"6":{"start":{"line":20,"column":4},"end":{"line":20,"column":66}},"7":{"start":{"line":21,"column":4},"end":{"line":21,"column":20}},"8":{"start":{"line":23,"column":18},"end":{"line":119,"column":4}},"9":{"start":{"line":24,"column":24},"end":{"line":24,"column":69}},"10":{"start":{"line":31,"column":24},"end":{"line":31,"column":48}},"11":{"start":{"line":36,"column":24},"end":{"line":36,"column":58}},"12":{"start":{"line":40,"column":24},"end":{"line":40,"column":63}},"13":{"start":{"line":46,"column":24},"end":{"line":46,"column":84}},"14":{"start":{"line":52,"column":24},"end":{"line":52,"column":50}},"15":{"start":{"line":53,"column":20},"end":{"line":53,"column":50}},"16":{"start":{"line":60,"column":20},"end":{"line":60,"column":42}},"17":{"start":{"line":66,"column":24},"end":{"line":66,"column":57}},"18":{"start":{"line":73,"column":6},"end":{"line":76,"column":7}},"19":{"start":{"line":75,"column":8},"end":{"line":75,"column":19}},"20":{"start":{"line":78,"column":6},"end":{"line":80,"column":7}},"21":{"start":{"line":79,"column":8},"end":{"line":79,"column":19}},"22":{"start":{"line":82,"column":6},"end":{"line":82,"column":17}},"23":{"start":{"line":90,"column":6},"end":{"line":93,"column":7}},"24":{"start":{"line":92,"column":8},"end":{"line":92,"column":17}},"25":{"start":{"line":95,"column":21},"end":{"line":95,"column":24}},"26":{"start":{"line":97,"column":6},"end":{"line":99,"column":7}},"27":{"start":{"line":98,"column":8},"end":{"line":98,"column":23}},"28":{"start":{"line":101,"column":19},"end":{"line":101,"column":65}},"29":{"start":{"line":103,"column":6},"end":{"line":105,"column":7}},"30":{"start":{"line":104,"column":8},"end":{"line":104,"column":19}},"31":{"start":{"line":107,"column":6},"end":{"line":107,"column":20}},"32":{"start":{"line":114,"column":24},"end":{"line":114,"column":58}},"33":{"start":{"line":121,"column":23},"end":{"line":126,"column":3}},"34":{"start":{"line":122,"column":15},"end":{"line":122,"column":42}},"35":{"start":{"line":123,"column":4},"end":{"line":125,"column":51}},"36":{"start":{"line":127,"column":21},"end":{"line":127,"column":25}},"37":{"start":{"line":129,"column":2},"end":{"line":160,"column":4}},"38":{"start":{"line":137,"column":8},"end":{"line":137,"column":27}},"39":{"start":{"line":145,"column":8},"end":{"line":154,"column":9}},"40":{"start":{"line":146,"column":10},"end":{"line":153,"column":12}},"41":{"start":{"line":148,"column":29},"end":{"line":148,"column":41}},"42":{"start":{"line":150,"column":14},"end":{"line":150,"column":46}},"43":{"start":{"line":156,"column":8},"end":{"line":156,"column":18}},"44":{"start":{"line":163,"column":0},"end":{"line":164,"column":2}},"45":{"start":{"line":166,"column":0},"end":{"line":175,"column":2}}},"fnMap":{"0":{"name":"(anonymous_0)","decl":{"start":{"line":11,"column":25},"end":{"line":11,"column":26}},"loc":{"start":{"line":11,"column":36},"end":{"line":161,"column":1}},"line":11},"1":{"name":"(anonymous_1)","decl":{"start":{"line":15,"column":18},"end":{"line":15,"column":19}},"loc":{"start":{"line":15,"column":29},"end":{"line":22,"column":3}},"line":15},"2":{"name":"(anonymous_2)","decl":{"start":{"line":24,"column":14},"end":{"line":24,"column":15}},"loc":{"start":{"line":24,"column":24},"end":{"line":24,"column":69}},"line":24},"3":{"name":"(anonymous_3)","decl":{"start":{"line":31,"column":14},"end":{"line":31,"column":15}},"loc":{"start":{"line":31,"column":24},"end":{"line":31,"column":48}},"line":31},"4":{"name":"(anonymous_4)","decl":{"start":{"line":36,"column":14},"end":{"line":36,"column":15}},"loc":{"start":{"line":36,"column":24},"end":{"line":36,"column":58}},"line":36},"5":{"name":"(anonymous_5)","decl":{"start":{"line":40,"column":14},"end":{"line":40,"column":15}},"loc":{"start":{"line":40,"column":24},"end":{"line":40,"column":63}},"line":40},"6":{"name":"(anonymous_6)","decl":{"start":{"line":46,"column":14},"end":{"line":46,"column":15}},"loc":{"start":{"line":46,"column":24},"end":{"line":46,"column":84}},"line":46},"7":{"name":"(anonymous_7)","decl":{"start":{"line":52,"column":14},"end":{"line":52,"column":15}},"loc":{"start":{"line":52,"column":24},"end":{"line":52,"column":50}},"line":52},"8":{"name":"(anonymous_8)","decl":{"start":{"line":53,"column":10},"end":{"line":53,"column":11}},"loc":{"start":{"line":53,"column":20},"end":{"line":53,"column":50}},"line":53},"9":{"name":"(anonymous_9)","decl":{"start":{"line":60,"column":10},"end":{"line":60,"column":11}},"loc":{"start":{"line":60,"column":20},"end":{"line":60,"column":42}},"line":60},"10":{"name":"(anonymous_10)","decl":{"start":{"line":66,"column":14},"end":{"line":66,"column":15}},"loc":{"start":{"line":66,"column":24},"end":{"line":66,"column":57}},"line":66},"11":{"name":"(anonymous_11)","decl":{"start":{"line":72,"column":14},"end":{"line":72,"column":15}},"loc":{"start":{"line":72,"column":23},"end":{"line":83,"column":5}},"line":72},"12":{"name":"(anonymous_12)","decl":{"start":{"line":89,"column":14},"end":{"line":89,"column":15}},"loc":{"start":{"line":89,"column":23},"end":{"line":108,"column":5}},"line":89},"13":{"name":"(anonymous_13)","decl":{"start":{"line":114,"column":14},"end":{"line":114,"column":15}},"loc":{"start":{"line":114,"column":24},"end":{"line":114,"column":58}},"line":114},"14":{"name":"(anonymous_14)","decl":{"start":{"line":121,"column":23},"end":{"line":121,"column":24}},"loc":{"start":{"line":121,"column":40},"end":{"line":126,"column":3}},"line":121},"15":{"name":"(anonymous_15)","decl":{"start":{"line":136,"column":24},"end":{"line":136,"column":25}},"loc":{"start":{"line":136,"column":35},"end":{"line":138,"column":7}},"line":136},"16":{"name":"(anonymous_16)","decl":{"start":{"line":144,"column":18},"end":{"line":144,"column":19}},"loc":{"start":{"line":144,"column":34},"end":{"line":157,"column":7}},"line":144},"17":{"name":"(anonymous_17)","decl":{"start":{"line":147,"column":21},"end":{"line":147,"column":22}},"loc":{"start":{"line":147,"column":27},"end":{"line":151,"column":13}},"line":147}},"branchMap":{"0":{"loc":{"start":{"line":17,"column":4},"end":{"line":19,"column":5}},"type":"if","locations":[{"start":{"line":17,"column":4},"end":{"line":19,"column":5}},{"start":{"line":17,"column":4},"end":{"line":19,"column":5}}],"line":17},"1":{"loc":{"start":{"line":24,"column":24},"end":{"line":24,"column":69}},"type":"cond-expr","locations":[{"start":{"line":24,"column":43},"end":{"line":24,"column":64}},{"start":{"line":24,"column":67},"end":{"line":24,"column":69}}],"line":24},"2":{"loc":{"start":{"line":28,"column":10},"end":{"line":28,"column":35}},"type":"binary-expr","locations":[{"start":{"line":28,"column":10},"end":{"line":28,"column":14}},{"start":{"line":28,"column":18},"end":{"line":28,"column":35}}],"line":28},"3":{"loc":{"start":{"line":31,"column":24},"end":{"line":31,"column":48}},"type":"cond-expr","locations":[{"start":{"line":31,"column":35},"end":{"line":31,"column":43}},{"start":{"line":31,"column":46},"end":{"line":31,"column":48}}],"line":31},"4":{"loc":{"start":{"line":36,"column":24},"end":{"line":36,"column":58}},"type":"cond-expr","locations":[{"start":{"line":36,"column":40},"end":{"line":36,"column":53}},{"start":{"line":36,"column":56},"end":{"line":36,"column":58}}],"line":36},"5":{"loc":{"start":{"line":40,"column":24},"end":{"line":40,"column":63}},"type":"cond-expr","locations":[{"start":{"line":40,"column":40},"end":{"line":40,"column":58}},{"start":{"line":40,"column":61},"end":{"line":40,"column":63}}],"line":40},"6":{"loc":{"start":{"line":46,"column":24},"end":{"line":46,"column":84}},"type":"cond-expr","locations":[{"start":{"line":46,"column":47},"end":{"line":46,"column":79}},{"start":{"line":46,"column":82},"end":{"line":46,"column":84}}],"line":46},"7":{"loc":{"start":{"line":73,"column":6},"end":{"line":76,"column":7}},"type":"if","locations":[{"start":{"line":73,"column":6},"end":{"line":76,"column":7}},{"start":{"line":73,"column":6},"end":{"line":76,"column":7}}],"line":73},"8":{"loc":{"start":{"line":73,"column":10},"end":{"line":74,"column":27}},"type":"binary-expr","locations":[{"start":{"line":73,"column":11},"end":{"line":73,"column":54}},{"start":{"line":73,"column":58},"end":{"line":73,"column":75}},{"start":{"line":74,"column":13},"end":{"line":74,"column":27}}],"line":73},"9":{"loc":{"start":{"line":78,"column":6},"end":{"line":80,"column":7}},"type":"if","locations":[{"start":{"line":78,"column":6},"end":{"line":80,"column":7}},{"start":{"line":78,"column":6},"end":{"line":80,"column":7}}],"line":78},"10":{"loc":{"start":{"line":90,"column":6},"end":{"line":93,"column":7}},"type":"if","locations":[{"start":{"line":90,"column":6},"end":{"line":93,"column":7}},{"start":{"line":90,"column":6},"end":{"line":93,"column":7}}],"line":90},"11":{"loc":{"start":{"line":90,"column":10},"end":{"line":91,"column":27}},"type":"binary-expr","locations":[{"start":{"line":90,"column":11},"end":{"line":90,"column":54}},{"start":{"line":90,"column":58},"end":{"line":90,"column":75}},{"start":{"line":91,"column":13},"end":{"line":91,"column":27}}],"line":90},"12":{"loc":{"start":{"line":97,"column":6},"end":{"line":99,"column":7}},"type":"if","locations":[{"start":{"line":97,"column":6},"end":{"line":99,"column":7}},{"start":{"line":97,"column":6},"end":{"line":99,"column":7}}],"line":97},"13":{"loc":{"start":{"line":103,"column":6},"end":{"line":105,"column":7}},"type":"if","locations":[{"start":{"line":103,"column":6},"end":{"line":105,"column":7}},{"start":{"line":103,"column":6},"end":{"line":105,"column":7}}],"line":103},"14":{"loc":{"start":{"line":122,"column":15},"end":{"line":122,"column":42}},"type":"binary-expr","locations":[{"start":{"line":122,"column":15},"end":{"line":122,"column":29}},{"start":{"line":122,"column":33},"end":{"line":122,"column":42}}],"line":122},"15":{"loc":{"start":{"line":123,"column":11},"end":{"line":125,"column":50}},"type":"cond-expr","locations":[{"start":{"line":123,"column":35},"end":{"line":125,"column":43}},{"start":{"line":125,"column":46},"end":{"line":125,"column":50}}],"line":123},"16":{"loc":{"start":{"line":145,"column":8},"end":{"line":154,"column":9}},"type":"if","locations":[{"start":{"line":145,"column":8},"end":{"line":154,"column":9}},{"start":{"line":145,"column":8},"end":{"line":154,"column":9}}],"line":145},"17":{"loc":{"start":{"line":145,"column":12},"end":{"line":145,"column":39}},"type":"binary-expr","locations":[{"start":{"line":145,"column":12},"end":{"line":145,"column":15}},{"start":{"line":145,"column":19},"end":{"line":145,"column":31}},{"start":{"line":145,"column":35},"end":{"line":145,"column":39}}],"line":145}},"s":{"0":0,"1":0,"2":0,"3":0,"4":0,"5":0,"6":0,"7":0,"8":0,"9":0,"10":0,"11":0,"12":0,"13":0,"14":0,"15":0,"16":0,"17":0,"18":0,"19":0,"20":0,"21":0,"22":0,"23":0,"24":0,"25":0,"26":0,"27":0,"28":0,"29":0,"30":0,"31":0,"32":0,"33":0,"34":0,"35":0,"36":0,"37":0,"38":0,"39":0,"40":0,"41":0,"42":0,"43":0,"44":0,"45":0},"f":{"0":0,"1":0,"2":0,"3":0,"4":0,"5":0,"6":0,"7":0,"8":0,"9":0,"10":0,"11":0,"12":0,"13":0,"14":0,"15":0,"16":0,"17":0},"b":{"0":[0,0],"1":[0,0],"2":[0,0],"3":[0,0],"4":[0,0],"5":[0,0],"6":[0,0],"7":[0,0],"8":[0,0,0],"9":[0,0],"10":[0,0],"11":[0,0,0],"12":[0,0],"13":[0,0],"14":[0,0],"15":[0,0],"16":[0,0],"17":[0,0,0]},"hash":"4fb3176687cbcbd88d00d5edfc5464f05c0aeec1"}
,"/Users/emhillie/Documents/projects/zeva/frontend/src/vehicles/components/VehicleValidatePage.js": {"path":"/Users/emhillie/Documents/projects/zeva/frontend/src/vehicles/components/VehicleValidatePage.js","statementMap":{"0":{"start":{"line":12,"column":28},"end":{"line":156,"column":1}},"1":{"start":{"line":15,"column":6},"end":{"line":15,"column":11}},"2":{"start":{"line":16,"column":54},"end":{"line":16,"column":69}},"3":{"start":{"line":17,"column":2},"end":{"line":19,"column":3}},"4":{"start":{"line":18,"column":4},"end":{"line":18,"column":23}},"5":{"start":{"line":20,"column":17},"end":{"line":20,"column":24}},"6":{"start":{"line":21,"column":23},"end":{"line":23,"column":3}},"7":{"start":{"line":22,"column":4},"end":{"line":22,"column":69}},"8":{"start":{"line":24,"column":30},"end":{"line":31,"column":3}},"9":{"start":{"line":25,"column":24},"end":{"line":25,"column":36}},"10":{"start":{"line":26,"column":4},"end":{"line":30,"column":5}},"11":{"start":{"line":27,"column":6},"end":{"line":27,"column":34}},"12":{"start":{"line":29,"column":6},"end":{"line":29,"column":35}},"13":{"start":{"line":33,"column":4},"end":{"line":41,"column":13}},"14":{"start":{"line":36,"column":8},"end":{"line":36,"column":64}},"15":{"start":{"line":43,"column":2},"end":{"line":155,"column":4}},"16":{"start":{"line":74,"column":18},"end":{"line":101,"column":24}},"17":{"start":{"line":79,"column":26},"end":{"line":93,"column":29}},"18":{"start":{"line":85,"column":46},"end":{"line":87,"column":29}},"19":{"start":{"line":88,"column":41},"end":{"line":88,"column":68}},"20":{"start":{"line":89,"column":28},"end":{"line":89,"column":50}},"21":{"start":{"line":90,"column":28},"end":{"line":90,"column":79}},"22":{"start":{"line":91,"column":28},"end":{"line":91,"column":60}},"23":{"start":{"line":92,"column":28},"end":{"line":92,"column":41}},"24":{"start":{"line":120,"column":151},"end":{"line":120,"column":183}},"25":{"start":{"line":134,"column":18},"end":{"line":134,"column":35}},"26":{"start":{"line":145,"column":161},"end":{"line":145,"column":184}},"27":{"start":{"line":146,"column":153},"end":{"line":146,"column":184}},"28":{"start":{"line":158,"column":0},"end":{"line":158,"column":38}},"29":{"start":{"line":160,"column":0},"end":{"line":193,"column":2}}},"fnMap":{"0":{"name":"(anonymous_0)","decl":{"start":{"line":12,"column":28},"end":{"line":12,"column":29}},"loc":{"start":{"line":12,"column":39},"end":{"line":156,"column":1}},"line":12},"1":{"name":"(anonymous_1)","decl":{"start":{"line":21,"column":23},"end":{"line":21,"column":24}},"loc":{"start":{"line":21,"column":34},"end":{"line":23,"column":3}},"line":21},"2":{"name":"(anonymous_2)","decl":{"start":{"line":24,"column":30},"end":{"line":24,"column":31}},"loc":{"start":{"line":24,"column":41},"end":{"line":31,"column":3}},"line":24},"3":{"name":"(anonymous_3)","decl":{"start":{"line":35,"column":15},"end":{"line":35,"column":16}},"loc":{"start":{"line":35,"column":21},"end":{"line":37,"column":7}},"line":35},"4":{"name":"(anonymous_4)","decl":{"start":{"line":73,"column":41},"end":{"line":73,"column":42}},"loc":{"start":{"line":74,"column":18},"end":{"line":101,"column":24}},"line":74},"5":{"name":"(anonymous_5)","decl":{"start":{"line":78,"column":33},"end":{"line":78,"column":34}},"loc":{"start":{"line":78,"column":39},"end":{"line":94,"column":25}},"line":78},"6":{"name":"(anonymous_6)","decl":{"start":{"line":84,"column":34},"end":{"line":84,"column":35}},"loc":{"start":{"line":84,"column":48},"end":{"line":93,"column":27}},"line":84},"7":{"name":"(anonymous_7)","decl":{"start":{"line":120,"column":145},"end":{"line":120,"column":146}},"loc":{"start":{"line":120,"column":151},"end":{"line":120,"column":183}},"line":120},"8":{"name":"(anonymous_8)","decl":{"start":{"line":133,"column":25},"end":{"line":133,"column":26}},"loc":{"start":{"line":133,"column":31},"end":{"line":135,"column":17}},"line":133},"9":{"name":"(anonymous_9)","decl":{"start":{"line":145,"column":155},"end":{"line":145,"column":156}},"loc":{"start":{"line":145,"column":161},"end":{"line":145,"column":184}},"line":145},"10":{"name":"(anonymous_10)","decl":{"start":{"line":146,"column":147},"end":{"line":146,"column":148}},"loc":{"start":{"line":146,"column":153},"end":{"line":146,"column":184}},"line":146}},"branchMap":{"0":{"loc":{"start":{"line":17,"column":2},"end":{"line":19,"column":3}},"type":"if","locations":[{"start":{"line":17,"column":2},"end":{"line":19,"column":3}},{"start":{"line":17,"column":2},"end":{"line":19,"column":3}}],"line":17},"1":{"loc":{"start":{"line":26,"column":4},"end":{"line":30,"column":5}},"type":"if","locations":[{"start":{"line":26,"column":4},"end":{"line":30,"column":5}},{"start":{"line":26,"column":4},"end":{"line":30,"column":5}}],"line":26},"2":{"loc":{"start":{"line":61,"column":51},"end":{"line":61,"column":95}},"type":"cond-expr","locations":[{"start":{"line":61,"column":77},"end":{"line":61,"column":79}},{"start":{"line":61,"column":82},"end":{"line":61,"column":95}}],"line":61},"3":{"loc":{"start":{"line":61,"column":104},"end":{"line":61,"column":186}},"type":"cond-expr","locations":[{"start":{"line":61,"column":130},"end":{"line":61,"column":148}},{"start":{"line":61,"column":151},"end":{"line":61,"column":186}}],"line":61},"4":{"loc":{"start":{"line":65,"column":13},"end":{"line":104,"column":13}},"type":"binary-expr","locations":[{"start":{"line":65,"column":13},"end":{"line":65,"column":43}},{"start":{"line":66,"column":14},"end":{"line":103,"column":20}}],"line":65},"5":{"loc":{"start":{"line":109,"column":7},"end":{"line":125,"column":7}},"type":"binary-expr","locations":[{"start":{"line":109,"column":7},"end":{"line":109,"column":47}},{"start":{"line":110,"column":6},"end":{"line":124,"column":12}}],"line":109},"6":{"loc":{"start":{"line":120,"column":59},"end":{"line":120,"column":106}},"type":"binary-expr","locations":[{"start":{"line":120,"column":59},"end":{"line":120,"column":78}},{"start":{"line":120,"column":82},"end":{"line":120,"column":106}}],"line":120},"7":{"loc":{"start":{"line":142,"column":15},"end":{"line":142,"column":69}},"type":"cond-expr","locations":[{"start":{"line":142,"column":54},"end":{"line":142,"column":64}},{"start":{"line":142,"column":67},"end":{"line":142,"column":69}}],"line":142},"8":{"loc":{"start":{"line":144,"column":15},"end":{"line":147,"column":16}},"type":"binary-expr","locations":[{"start":{"line":144,"column":15},"end":{"line":144,"column":55}},{"start":{"line":144,"column":60},"end":{"line":147,"column":15}}],"line":144},"9":{"loc":{"start":{"line":145,"column":69},"end":{"line":145,"column":115}},"type":"binary-expr","locations":[{"start":{"line":145,"column":69},"end":{"line":145,"column":93}},{"start":{"line":145,"column":97},"end":{"line":145,"column":115}}],"line":145},"10":{"loc":{"start":{"line":146,"column":61},"end":{"line":146,"column":106}},"type":"binary-expr","locations":[{"start":{"line":146,"column":61},"end":{"line":146,"column":84}},{"start":{"line":146,"column":88},"end":{"line":146,"column":106}}],"line":146}},"s":{"0":0,"1":0,"2":0,"3":0,"4":0,"5":0,"6":0,"7":0,"8":0,"9":0,"10":0,"11":0,"12":0,"13":0,"14":0,"15":0,"16":0,"17":0,"18":0,"19":0,"20":0,"21":0,"22":0,"23":0,"24":0,"25":0,"26":0,"27":0,"28":0,"29":0},"f":{"0":0,"1":0,"2":0,"3":0,"4":0,"5":0,"6":0,"7":0,"8":0,"9":0,"10":0},"b":{"0":[0,0],"1":[0,0],"2":[0,0],"3":[0,0],"4":[0,0],"5":[0,0],"6":[0,0],"7":[0,0],"8":[0,0],"9":[0,0],"10":[0,0]},"hash":"3713c21cb859ce3942f0add55c13041cdc738ba9"}
}
