{"/Users/emhillie/Documents/projects/zeva/frontend/src/index.js": {"path":"/Users/emhillie/Documents/projects/zeva/frontend/src/index.js","statementMap":{"0":{"start":{"line":7,"column":0},"end":{"line":7,"column":58}}},"fnMap":{},"branchMap":{},"s":{"0":0},"f":{},"b":{},"hash":"ee1111c242de3c71f7ebbef78dedf9408894e577"}
,"/Users/emhillie/Documents/projects/zeva/frontend/src/app/BaseController.js": {"path":"/Users/emhillie/Documents/projects/zeva/frontend/src/app/BaseController.js","statementMap":{"0":{"start":{"line":9,"column":4},"end":{"line":9,"column":17}},"1":{"start":{"line":11,"column":4},"end":{"line":13,"column":6}},"2":{"start":{"line":15,"column":4},"end":{"line":15,"column":63}},"3":{"start":{"line":16,"column":4},"end":{"line":16,"column":53}},"4":{"start":{"line":20,"column":23},"end":{"line":20,"column":33}},"5":{"start":{"line":21,"column":28},"end":{"line":21,"column":40}},"6":{"start":{"line":23,"column":4},"end":{"line":23,"column":25}},"7":{"start":{"line":24,"column":4},"end":{"line":26,"column":7}},"8":{"start":{"line":30,"column":4},"end":{"line":30,"column":27}},"9":{"start":{"line":31,"column":4},"end":{"line":31,"column":28}},"10":{"start":{"line":33,"column":4},"end":{"line":33,"column":17}}},"fnMap":{"0":{"name":"(anonymous_0)","decl":{"start":{"line":8,"column":2},"end":{"line":8,"column":3}},"loc":{"start":{"line":8,"column":21},"end":{"line":17,"column":3}},"line":8},"1":{"name":"(anonymous_1)","decl":{"start":{"line":19,"column":2},"end":{"line":19,"column":3}},"loc":{"start":{"line":19,"column":27},"end":{"line":27,"column":3}},"line":19},"2":{"name":"(anonymous_2)","decl":{"start":{"line":29,"column":2},"end":{"line":29,"column":3}},"loc":{"start":{"line":29,"column":22},"end":{"line":34,"column":3}},"line":29}},"branchMap":{},"s":{"0":0,"1":0,"2":0,"3":0,"4":0,"5":0,"6":0,"7":0,"8":0,"9":0,"10":0},"f":{"0":0,"1":0,"2":0},"b":{},"hash":"bf61ac9bff3b9368d9b6503f084e1a8620c99f13"}
,"/Users/emhillie/Documents/projects/zeva/frontend/src/app/History.js": {"path":"/Users/emhillie/Documents/projects/zeva/frontend/src/app/History.js","statementMap":{"0":{"start":{"line":3,"column":15},"end":{"line":3,"column":17}},"1":{"start":{"line":5,"column":16},"end":{"line":5,"column":44}}},"fnMap":{},"branchMap":{},"s":{"0":6,"1":6},"f":{},"b":{},"_coverageSchema":"43e27e138ebf9cfc5966b082cf9a028302ed4184","hash":"f66f0e7899beb1878629838b697657909710357d"}
,"/Users/emhillie/Documents/projects/zeva/frontend/src/app/Login.js": {"path":"/Users/emhillie/Documents/projects/zeva/frontend/src/app/Login.js","statementMap":{"0":{"start":{"line":4,"column":14},"end":{"line":41,"column":1}},"1":{"start":{"line":5,"column":23},"end":{"line":5,"column":28}},"2":{"start":{"line":7,"column":2},"end":{"line":40,"column":4}},"3":{"start":{"line":20,"column":51},"end":{"line":20,"column":87}},"4":{"start":{"line":31,"column":51},"end":{"line":31,"column":86}},"5":{"start":{"line":43,"column":0},"end":{"line":45,"column":2}}},"fnMap":{"0":{"name":"(anonymous_0)","decl":{"start":{"line":4,"column":14},"end":{"line":4,"column":15}},"loc":{"start":{"line":4,"column":25},"end":{"line":41,"column":1}},"line":4},"1":{"name":"(anonymous_1)","decl":{"start":{"line":20,"column":45},"end":{"line":20,"column":46}},"loc":{"start":{"line":20,"column":51},"end":{"line":20,"column":87}},"line":20},"2":{"name":"(anonymous_2)","decl":{"start":{"line":31,"column":45},"end":{"line":31,"column":46}},"loc":{"start":{"line":31,"column":51},"end":{"line":31,"column":86}},"line":31}},"branchMap":{},"s":{"0":0,"1":0,"2":0,"3":0,"4":0,"5":0},"f":{"0":0,"1":0,"2":0},"b":{},"hash":"024be37f52506c4df3a5b07d22dd2fab0d0eb73e"}
,"/Users/emhillie/Documents/projects/zeva/frontend/src/app/NotificationsClient.js": {"path":"/Users/emhillie/Documents/projects/zeva/frontend/src/app/NotificationsClient.js","statementMap":{"0":{"start":{"line":7,"column":28},"end":{"line":73,"column":1}},"1":{"start":{"line":8,"column":23},"end":{"line":8,"column":28}},"2":{"start":{"line":10,"column":48},"end":{"line":10,"column":63}},"3":{"start":{"line":11,"column":34},"end":{"line":11,"column":46}},"4":{"start":{"line":13,"column":40},"end":{"line":50,"column":3}},"5":{"start":{"line":14,"column":4},"end":{"line":14,"column":37}},"6":{"start":{"line":16,"column":4},"end":{"line":49,"column":5}},"7":{"start":{"line":18,"column":19},"end":{"line":18,"column":30}},"8":{"start":{"line":20,"column":6},"end":{"line":26,"column":9}},"9":{"start":{"line":21,"column":8},"end":{"line":21,"column":56}},"10":{"start":{"line":22,"column":8},"end":{"line":25,"column":11}},"11":{"start":{"line":28,"column":6},"end":{"line":30,"column":9}},"12":{"start":{"line":29,"column":8},"end":{"line":29,"column":43}},"13":{"start":{"line":32,"column":6},"end":{"line":35,"column":9}},"14":{"start":{"line":33,"column":8},"end":{"line":33,"column":36}},"15":{"start":{"line":34,"column":8},"end":{"line":34,"column":27}},"16":{"start":{"line":37,"column":6},"end":{"line":48,"column":9}},"17":{"start":{"line":38,"column":8},"end":{"line":47,"column":9}},"18":{"start":{"line":40,"column":12},"end":{"line":40,"column":62}},"19":{"start":{"line":41,"column":12},"end":{"line":41,"column":18}},"20":{"start":{"line":43,"column":12},"end":{"line":43,"column":56}},"21":{"start":{"line":44,"column":12},"end":{"line":44,"column":18}},"22":{"start":{"line":46,"column":12},"end":{"line":46,"column":32}},"23":{"start":{"line":52,"column":2},"end":{"line":54,"column":31}},"24":{"start":{"line":53,"column":4},"end":{"line":53,"column":36}},"25":{"start":{"line":56,"column":2},"end":{"line":72,"column":4}},"26":{"start":{"line":67,"column":32},"end":{"line":67,"column":52}},"27":{"start":{"line":75,"column":0},"end":{"line":77,"column":2}}},"fnMap":{"0":{"name":"(anonymous_0)","decl":{"start":{"line":7,"column":28},"end":{"line":7,"column":29}},"loc":{"start":{"line":7,"column":39},"end":{"line":73,"column":1}},"line":7},"1":{"name":"(anonymous_1)","decl":{"start":{"line":13,"column":40},"end":{"line":13,"column":41}},"loc":{"start":{"line":13,"column":46},"end":{"line":50,"column":3}},"line":13},"2":{"name":"(anonymous_2)","decl":{"start":{"line":20,"column":25},"end":{"line":20,"column":26}},"loc":{"start":{"line":20,"column":31},"end":{"line":26,"column":7}},"line":20},"3":{"name":"(anonymous_3)","decl":{"start":{"line":28,"column":28},"end":{"line":28,"column":29}},"loc":{"start":{"line":28,"column":34},"end":{"line":30,"column":7}},"line":28},"4":{"name":"(anonymous_4)","decl":{"start":{"line":32,"column":23},"end":{"line":32,"column":24}},"loc":{"start":{"line":32,"column":34},"end":{"line":35,"column":7}},"line":32},"5":{"name":"(anonymous_5)","decl":{"start":{"line":37,"column":24},"end":{"line":37,"column":25}},"loc":{"start":{"line":37,"column":36},"end":{"line":48,"column":7}},"line":37},"6":{"name":"(anonymous_6)","decl":{"start":{"line":52,"column":12},"end":{"line":52,"column":13}},"loc":{"start":{"line":52,"column":18},"end":{"line":54,"column":3}},"line":52},"7":{"name":"(anonymous_7)","decl":{"start":{"line":67,"column":24},"end":{"line":67,"column":25}},"loc":{"start":{"line":67,"column":32},"end":{"line":67,"column":52}},"line":67}},"branchMap":{"0":{"loc":{"start":{"line":16,"column":4},"end":{"line":49,"column":5}},"type":"if","locations":[{"start":{"line":16,"column":4},"end":{"line":49,"column":5}},{"start":{"line":16,"column":4},"end":{"line":49,"column":5}}],"line":16},"1":{"loc":{"start":{"line":38,"column":8},"end":{"line":47,"column":9}},"type":"switch","locations":[{"start":{"line":39,"column":10},"end":{"line":41,"column":18}},{"start":{"line":42,"column":10},"end":{"line":44,"column":18}},{"start":{"line":45,"column":10},"end":{"line":46,"column":32}}],"line":38},"2":{"loc":{"start":{"line":63,"column":7},"end":{"line":70,"column":7}},"type":"binary-expr","locations":[{"start":{"line":63,"column":7},"end":{"line":63,"column":26}},{"start":{"line":64,"column":6},"end":{"line":69,"column":12}}],"line":63}},"s":{"0":0,"1":0,"2":0,"3":0,"4":0,"5":0,"6":0,"7":0,"8":0,"9":0,"10":0,"11":0,"12":0,"13":0,"14":0,"15":0,"16":0,"17":0,"18":0,"19":0,"20":0,"21":0,"22":0,"23":0,"24":0,"25":0,"26":0,"27":0},"f":{"0":0,"1":0,"2":0,"3":0,"4":0,"5":0,"6":0,"7":0},"b":{"0":[0,0],"1":[0,0,0],"2":[0,0]},"hash":"278b624a5df03a62ee82c8e3adac9b4f24b2b0f7"}
,"/Users/emhillie/Documents/projects/zeva/frontend/src/app/PageLayout.js": {"path":"/Users/emhillie/Documents/projects/zeva/frontend/src/app/PageLayout.js","statementMap":{"0":{"start":{"line":15,"column":0},"end":{"line":15,"column":27}},"1":{"start":{"line":17,"column":19},"end":{"line":30,"column":1}},"2":{"start":{"line":18,"column":39},"end":{"line":18,"column":44}},"3":{"start":{"line":20,"column":2},"end":{"line":29,"column":5}},"4":{"start":{"line":32,"column":0},"end":{"line":34,"column":2}},"5":{"start":{"line":36,"column":0},"end":{"line":42,"column":2}}},"fnMap":{"0":{"name":"(anonymous_0)","decl":{"start":{"line":17,"column":19},"end":{"line":17,"column":20}},"loc":{"start":{"line":17,"column":30},"end":{"line":30,"column":1}},"line":17}},"branchMap":{},"s":{"0":0,"1":0,"2":0,"3":0,"4":0,"5":0},"f":{"0":0},"b":{},"hash":"b4987de3d141c4c1f9272638cb83a28ad2590229"}
,"/Users/emhillie/Documents/projects/zeva/frontend/src/app/app.js": {"path":"/Users/emhillie/Documents/projects/zeva/frontend/src/app/app.js","statementMap":{"0":{"start":{"line":13,"column":4},"end":{"line":13,"column":17}},"1":{"start":{"line":15,"column":4},"end":{"line":18,"column":6}},"2":{"start":{"line":20,"column":4},"end":{"line":20,"column":41}},"3":{"start":{"line":24,"column":21},"end":{"line":28,"column":6}},"4":{"start":{"line":30,"column":4},"end":{"line":40,"column":7}},"5":{"start":{"line":36,"column":6},"end":{"line":39,"column":9}},"6":{"start":{"line":44,"column":4},"end":{"line":46,"column":7}},"7":{"start":{"line":48,"column":25},"end":{"line":48,"column":35}},"8":{"start":{"line":50,"column":4},"end":{"line":52,"column":7}},"9":{"start":{"line":56,"column":40},"end":{"line":56,"column":50}},"10":{"start":{"line":58,"column":4},"end":{"line":60,"column":5}},"11":{"start":{"line":59,"column":6},"end":{"line":59,"column":25}},"12":{"start":{"line":62,"column":4},"end":{"line":64,"column":5}},"13":{"start":{"line":63,"column":6},"end":{"line":63,"column":43}},"14":{"start":{"line":66,"column":4},"end":{"line":68,"column":6}}},"fnMap":{"0":{"name":"(anonymous_0)","decl":{"start":{"line":12,"column":2},"end":{"line":12,"column":3}},"loc":{"start":{"line":12,"column":21},"end":{"line":21,"column":3}},"line":12},"1":{"name":"(anonymous_1)","decl":{"start":{"line":23,"column":2},"end":{"line":23,"column":3}},"loc":{"start":{"line":23,"column":22},"end":{"line":41,"column":3}},"line":23},"2":{"name":"(anonymous_2)","decl":{"start":{"line":35,"column":12},"end":{"line":35,"column":13}},"loc":{"start":{"line":35,"column":31},"end":{"line":40,"column":5}},"line":35},"3":{"name":"(anonymous_3)","decl":{"start":{"line":43,"column":2},"end":{"line":43,"column":3}},"loc":{"start":{"line":43,"column":11},"end":{"line":53,"column":3}},"line":43},"4":{"name":"(anonymous_4)","decl":{"start":{"line":55,"column":2},"end":{"line":55,"column":3}},"loc":{"start":{"line":55,"column":11},"end":{"line":69,"column":3}},"line":55}},"branchMap":{"0":{"loc":{"start":{"line":58,"column":4},"end":{"line":60,"column":5}},"type":"if","locations":[{"start":{"line":58,"column":4},"end":{"line":60,"column":5}},{"start":{"line":58,"column":4},"end":{"line":60,"column":5}}],"line":58},"1":{"loc":{"start":{"line":62,"column":4},"end":{"line":64,"column":5}},"type":"if","locations":[{"start":{"line":62,"column":4},"end":{"line":64,"column":5}},{"start":{"line":62,"column":4},"end":{"line":64,"column":5}}],"line":62},"2":{"loc":{"start":{"line":62,"column":8},"end":{"line":62,"column":34}},"type":"binary-expr","locations":[{"start":{"line":62,"column":8},"end":{"line":62,"column":16}},{"start":{"line":62,"column":20},"end":{"line":62,"column":34}}],"line":62}},"s":{"0":0,"1":0,"2":0,"3":0,"4":0,"5":0,"6":0,"7":0,"8":0,"9":0,"10":0,"11":0,"12":0,"13":0,"14":0},"f":{"0":0,"1":0,"2":0,"3":0,"4":0},"b":{"0":[0,0],"1":[0,0],"2":[0,0]},"hash":"4a3f38328c240338e1318b268c94438f99cae5a7"}
,"/Users/emhillie/Documents/projects/zeva/frontend/src/app/config.js": {"path":"/Users/emhillie/Documents/projects/zeva/frontend/src/app/config.js","statementMap":{"0":{"start":{"line":10,"column":0},"end":{"line":10,"column":29}},"1":{"start":{"line":12,"column":18},"end":{"line":18,"column":1}},"2":{"start":{"line":13,"column":2},"end":{"line":15,"column":3}},"3":{"start":{"line":14,"column":4},"end":{"line":14,"column":44}},"4":{"start":{"line":17,"column":2},"end":{"line":17,"column":13}},"5":{"start":{"line":20,"column":15},"end":{"line":49,"column":1}}},"fnMap":{"0":{"name":"(anonymous_0)","decl":{"start":{"line":12,"column":18},"end":{"line":12,"column":19}},"loc":{"start":{"line":12,"column":34},"end":{"line":18,"column":1}},"line":12}},"branchMap":{"0":{"loc":{"start":{"line":13,"column":2},"end":{"line":15,"column":3}},"type":"if","locations":[{"start":{"line":13,"column":2},"end":{"line":15,"column":3}},{"start":{"line":13,"column":2},"end":{"line":15,"column":3}}],"line":13},"1":{"loc":{"start":{"line":14,"column":11},"end":{"line":14,"column":43}},"type":"binary-expr","locations":[{"start":{"line":14,"column":11},"end":{"line":14,"column":36}},{"start":{"line":14,"column":40},"end":{"line":14,"column":43}}],"line":14}},"s":{"0":1,"1":1,"2":6,"3":6,"4":0,"5":1},"f":{"0":6},"b":{"0":[6,0],"1":[6,4]},"_coverageSchema":"43e27e138ebf9cfc5966b082cf9a028302ed4184","hash":"475aa8496f285fbf8b6f6b9aaa27bbfeebb649fe"}
,"/Users/emhillie/Documents/projects/zeva/frontend/src/app/router.js": {"path":"/Users/emhillie/Documents/projects/zeva/frontend/src/app/router.js","statementMap":{"0":{"start":{"line":50,"column":4},"end":{"line":50,"column":17}},"1":{"start":{"line":52,"column":4},"end":{"line":56,"column":6}},"2":{"start":{"line":58,"column":25},"end":{"line":58,"column":30}},"3":{"start":{"line":59,"column":22},"end":{"line":59,"column":30}},"4":{"start":{"line":61,"column":4},"end":{"line":61,"column":44}},"5":{"start":{"line":62,"column":4},"end":{"line":62,"column":68}},"6":{"start":{"line":63,"column":4},"end":{"line":75,"column":6}},"7":{"start":{"line":64,"column":21},"end":{"line":64,"column":29}},"8":{"start":{"line":66,"column":8},"end":{"line":71,"column":9}},"9":{"start":{"line":67,"column":10},"end":{"line":70,"column":13}},"10":{"start":{"line":73,"column":8},"end":{"line":73,"column":20}},"11":{"start":{"line":77,"column":4},"end":{"line":87,"column":6}},"12":{"start":{"line":78,"column":6},"end":{"line":86,"column":9}},"13":{"start":{"line":79,"column":8},"end":{"line":83,"column":9}},"14":{"start":{"line":80,"column":38},"end":{"line":80,"column":46}},"15":{"start":{"line":82,"column":10},"end":{"line":82,"column":77}},"16":{"start":{"line":85,"column":8},"end":{"line":85,"column":23}},"17":{"start":{"line":91,"column":4},"end":{"line":111,"column":7}},"18":{"start":{"line":92,"column":6},"end":{"line":110,"column":9}},"19":{"start":{"line":97,"column":12},"end":{"line":105,"column":13}},"20":{"start":{"line":98,"column":38},"end":{"line":98,"column":51}},"21":{"start":{"line":100,"column":14},"end":{"line":104,"column":15}},"22":{"start":{"line":101,"column":16},"end":{"line":103,"column":24}},"23":{"start":{"line":102,"column":18},"end":{"line":102,"column":62}},"24":{"start":{"line":107,"column":12},"end":{"line":107,"column":25}},"25":{"start":{"line":115,"column":25},"end":{"line":115,"column":35}},"26":{"start":{"line":116,"column":42},"end":{"line":116,"column":52}},"27":{"start":{"line":118,"column":4},"end":{"line":120,"column":5}},"28":{"start":{"line":119,"column":6},"end":{"line":119,"column":25}},"29":{"start":{"line":122,"column":4},"end":{"line":292,"column":6}},"30":{"start":{"line":130,"column":30},"end":{"line":130,"column":91}},"31":{"start":{"line":135,"column":30},"end":{"line":135,"column":94}},"32":{"start":{"line":140,"column":18},"end":{"line":140,"column":94}},"33":{"start":{"line":145,"column":30},"end":{"line":145,"column":91}},"34":{"start":{"line":149,"column":30},"end":{"line":149,"column":98}},"35":{"start":{"line":153,"column":30},"end":{"line":153,"column":99}},"36":{"start":{"line":158,"column":18},"end":{"line":158,"column":99}},"37":{"start":{"line":163,"column":30},"end":{"line":163,"column":94}},"38":{"start":{"line":167,"column":30},"end":{"line":167,"column":97}},"39":{"start":{"line":172,"column":30},"end":{"line":172,"column":86}},"40":{"start":{"line":176,"column":30},"end":{"line":176,"column":91}},"41":{"start":{"line":181,"column":30},"end":{"line":181,"column":90}},"42":{"start":{"line":186,"column":30},"end":{"line":186,"column":94}},"43":{"start":{"line":192,"column":18},"end":{"line":192,"column":93}},"44":{"start":{"line":198,"column":30},"end":{"line":198,"column":98}},"45":{"start":{"line":203,"column":30},"end":{"line":203,"column":94}},"46":{"start":{"line":208,"column":30},"end":{"line":208,"column":102}},"47":{"start":{"line":213,"column":30},"end":{"line":213,"column":97}},"48":{"start":{"line":218,"column":30},"end":{"line":218,"column":86}},"49":{"start":{"line":223,"column":30},"end":{"line":223,"column":89}},"50":{"start":{"line":228,"column":30},"end":{"line":228,"column":83}},"51":{"start":{"line":232,"column":30},"end":{"line":232,"column":83}},"52":{"start":{"line":236,"column":30},"end":{"line":236,"column":86}},"53":{"start":{"line":241,"column":30},"end":{"line":241,"column":82}},"54":{"start":{"line":246,"column":30},"end":{"line":246,"column":97}},"55":{"start":{"line":251,"column":30},"end":{"line":251,"column":89}},"56":{"start":{"line":256,"column":30},"end":{"line":256,"column":93}},"57":{"start":{"line":261,"column":30},"end":{"line":261,"column":90}},"58":{"start":{"line":266,"column":18},"end":{"line":266,"column":97}},"59":{"start":{"line":271,"column":30},"end":{"line":271,"column":97}},"60":{"start":{"line":275,"column":30},"end":{"line":275,"column":95}},"61":{"start":{"line":280,"column":30},"end":{"line":280,"column":64}},"62":{"start":{"line":285,"column":18},"end":{"line":285,"column":56}},"63":{"start":{"line":296,"column":0},"end":{"line":299,"column":2}}},"fnMap":{"0":{"name":"(anonymous_0)","decl":{"start":{"line":49,"column":2},"end":{"line":49,"column":3}},"loc":{"start":{"line":49,"column":21},"end":{"line":88,"column":3}},"line":49},"1":{"name":"(anonymous_1)","decl":{"start":{"line":64,"column":6},"end":{"line":64,"column":7}},"loc":{"start":{"line":64,"column":21},"end":{"line":64,"column":29}},"line":64},"2":{"name":"(anonymous_2)","decl":{"start":{"line":65,"column":6},"end":{"line":65,"column":7}},"loc":{"start":{"line":65,"column":17},"end":{"line":74,"column":7}},"line":65},"3":{"name":"(anonymous_3)","decl":{"start":{"line":77,"column":30},"end":{"line":77,"column":31}},"loc":{"start":{"line":77,"column":36},"end":{"line":87,"column":5}},"line":77},"4":{"name":"(anonymous_4)","decl":{"start":{"line":78,"column":35},"end":{"line":78,"column":36}},"loc":{"start":{"line":78,"column":50},"end":{"line":84,"column":7}},"line":78},"5":{"name":"(anonymous_5)","decl":{"start":{"line":84,"column":15},"end":{"line":84,"column":16}},"loc":{"start":{"line":84,"column":21},"end":{"line":86,"column":7}},"line":84},"6":{"name":"(anonymous_6)","decl":{"start":{"line":90,"column":2},"end":{"line":90,"column":3}},"loc":{"start":{"line":90,"column":22},"end":{"line":112,"column":3}},"line":90},"7":{"name":"(anonymous_7)","decl":{"start":{"line":91,"column":36},"end":{"line":91,"column":37}},"loc":{"start":{"line":91,"column":50},"end":{"line":111,"column":5}},"line":91},"8":{"name":"(anonymous_8)","decl":{"start":{"line":96,"column":25},"end":{"line":96,"column":26}},"loc":{"start":{"line":96,"column":45},"end":{"line":108,"column":11}},"line":96},"9":{"name":"(anonymous_9)","decl":{"start":{"line":101,"column":45},"end":{"line":101,"column":46}},"loc":{"start":{"line":102,"column":18},"end":{"line":102,"column":62}},"line":102},"10":{"name":"(anonymous_10)","decl":{"start":{"line":114,"column":2},"end":{"line":114,"column":3}},"loc":{"start":{"line":114,"column":11},"end":{"line":293,"column":3}},"line":114},"11":{"name":"(anonymous_11)","decl":{"start":{"line":130,"column":24},"end":{"line":130,"column":25}},"loc":{"start":{"line":130,"column":30},"end":{"line":130,"column":91}},"line":130},"12":{"name":"(anonymous_12)","decl":{"start":{"line":135,"column":24},"end":{"line":135,"column":25}},"loc":{"start":{"line":135,"column":30},"end":{"line":135,"column":94}},"line":135},"13":{"name":"(anonymous_13)","decl":{"start":{"line":139,"column":24},"end":{"line":139,"column":25}},"loc":{"start":{"line":140,"column":18},"end":{"line":140,"column":94}},"line":140},"14":{"name":"(anonymous_14)","decl":{"start":{"line":145,"column":24},"end":{"line":145,"column":25}},"loc":{"start":{"line":145,"column":30},"end":{"line":145,"column":91}},"line":145},"15":{"name":"(anonymous_15)","decl":{"start":{"line":149,"column":24},"end":{"line":149,"column":25}},"loc":{"start":{"line":149,"column":30},"end":{"line":149,"column":98}},"line":149},"16":{"name":"(anonymous_16)","decl":{"start":{"line":153,"column":24},"end":{"line":153,"column":25}},"loc":{"start":{"line":153,"column":30},"end":{"line":153,"column":99}},"line":153},"17":{"name":"(anonymous_17)","decl":{"start":{"line":157,"column":24},"end":{"line":157,"column":25}},"loc":{"start":{"line":158,"column":18},"end":{"line":158,"column":99}},"line":158},"18":{"name":"(anonymous_18)","decl":{"start":{"line":163,"column":24},"end":{"line":163,"column":25}},"loc":{"start":{"line":163,"column":30},"end":{"line":163,"column":94}},"line":163},"19":{"name":"(anonymous_19)","decl":{"start":{"line":167,"column":24},"end":{"line":167,"column":25}},"loc":{"start":{"line":167,"column":30},"end":{"line":167,"column":97}},"line":167},"20":{"name":"(anonymous_20)","decl":{"start":{"line":172,"column":24},"end":{"line":172,"column":25}},"loc":{"start":{"line":172,"column":30},"end":{"line":172,"column":86}},"line":172},"21":{"name":"(anonymous_21)","decl":{"start":{"line":176,"column":24},"end":{"line":176,"column":25}},"loc":{"start":{"line":176,"column":30},"end":{"line":176,"column":91}},"line":176},"22":{"name":"(anonymous_22)","decl":{"start":{"line":181,"column":24},"end":{"line":181,"column":25}},"loc":{"start":{"line":181,"column":30},"end":{"line":181,"column":90}},"line":181},"23":{"name":"(anonymous_23)","decl":{"start":{"line":186,"column":24},"end":{"line":186,"column":25}},"loc":{"start":{"line":186,"column":30},"end":{"line":186,"column":94}},"line":186},"24":{"name":"(anonymous_24)","decl":{"start":{"line":191,"column":24},"end":{"line":191,"column":25}},"loc":{"start":{"line":192,"column":18},"end":{"line":192,"column":93}},"line":192},"25":{"name":"(anonymous_25)","decl":{"start":{"line":198,"column":24},"end":{"line":198,"column":25}},"loc":{"start":{"line":198,"column":30},"end":{"line":198,"column":98}},"line":198},"26":{"name":"(anonymous_26)","decl":{"start":{"line":203,"column":24},"end":{"line":203,"column":25}},"loc":{"start":{"line":203,"column":30},"end":{"line":203,"column":94}},"line":203},"27":{"name":"(anonymous_27)","decl":{"start":{"line":208,"column":24},"end":{"line":208,"column":25}},"loc":{"start":{"line":208,"column":30},"end":{"line":208,"column":102}},"line":208},"28":{"name":"(anonymous_28)","decl":{"start":{"line":213,"column":24},"end":{"line":213,"column":25}},"loc":{"start":{"line":213,"column":30},"end":{"line":213,"column":97}},"line":213},"29":{"name":"(anonymous_29)","decl":{"start":{"line":218,"column":24},"end":{"line":218,"column":25}},"loc":{"start":{"line":218,"column":30},"end":{"line":218,"column":86}},"line":218},"30":{"name":"(anonymous_30)","decl":{"start":{"line":223,"column":24},"end":{"line":223,"column":25}},"loc":{"start":{"line":223,"column":30},"end":{"line":223,"column":89}},"line":223},"31":{"name":"(anonymous_31)","decl":{"start":{"line":228,"column":24},"end":{"line":228,"column":25}},"loc":{"start":{"line":228,"column":30},"end":{"line":228,"column":83}},"line":228},"32":{"name":"(anonymous_32)","decl":{"start":{"line":232,"column":24},"end":{"line":232,"column":25}},"loc":{"start":{"line":232,"column":30},"end":{"line":232,"column":83}},"line":232},"33":{"name":"(anonymous_33)","decl":{"start":{"line":236,"column":24},"end":{"line":236,"column":25}},"loc":{"start":{"line":236,"column":30},"end":{"line":236,"column":86}},"line":236},"34":{"name":"(anonymous_34)","decl":{"start":{"line":241,"column":24},"end":{"line":241,"column":25}},"loc":{"start":{"line":241,"column":30},"end":{"line":241,"column":82}},"line":241},"35":{"name":"(anonymous_35)","decl":{"start":{"line":246,"column":24},"end":{"line":246,"column":25}},"loc":{"start":{"line":246,"column":30},"end":{"line":246,"column":97}},"line":246},"36":{"name":"(anonymous_36)","decl":{"start":{"line":251,"column":24},"end":{"line":251,"column":25}},"loc":{"start":{"line":251,"column":30},"end":{"line":251,"column":89}},"line":251},"37":{"name":"(anonymous_37)","decl":{"start":{"line":256,"column":24},"end":{"line":256,"column":25}},"loc":{"start":{"line":256,"column":30},"end":{"line":256,"column":93}},"line":256},"38":{"name":"(anonymous_38)","decl":{"start":{"line":261,"column":24},"end":{"line":261,"column":25}},"loc":{"start":{"line":261,"column":30},"end":{"line":261,"column":90}},"line":261},"39":{"name":"(anonymous_39)","decl":{"start":{"line":265,"column":24},"end":{"line":265,"column":25}},"loc":{"start":{"line":266,"column":18},"end":{"line":266,"column":97}},"line":266},"40":{"name":"(anonymous_40)","decl":{"start":{"line":271,"column":24},"end":{"line":271,"column":25}},"loc":{"start":{"line":271,"column":30},"end":{"line":271,"column":97}},"line":271},"41":{"name":"(anonymous_41)","decl":{"start":{"line":275,"column":24},"end":{"line":275,"column":25}},"loc":{"start":{"line":275,"column":30},"end":{"line":275,"column":95}},"line":275},"42":{"name":"(anonymous_42)","decl":{"start":{"line":280,"column":24},"end":{"line":280,"column":25}},"loc":{"start":{"line":280,"column":30},"end":{"line":280,"column":64}},"line":280},"43":{"name":"(anonymous_43)","decl":{"start":{"line":284,"column":24},"end":{"line":284,"column":25}},"loc":{"start":{"line":285,"column":18},"end":{"line":285,"column":56}},"line":285}},"branchMap":{"0":{"loc":{"start":{"line":66,"column":8},"end":{"line":71,"column":9}},"type":"if","locations":[{"start":{"line":66,"column":8},"end":{"line":71,"column":9}},{"start":{"line":66,"column":8},"end":{"line":71,"column":9}}],"line":66},"1":{"loc":{"start":{"line":66,"column":12},"end":{"line":66,"column":58}},"type":"binary-expr","locations":[{"start":{"line":66,"column":12},"end":{"line":66,"column":26}},{"start":{"line":66,"column":30},"end":{"line":66,"column":58}}],"line":66},"2":{"loc":{"start":{"line":79,"column":8},"end":{"line":83,"column":9}},"type":"if","locations":[{"start":{"line":79,"column":8},"end":{"line":83,"column":9}},{"start":{"line":79,"column":8},"end":{"line":83,"column":9}}],"line":79},"3":{"loc":{"start":{"line":97,"column":12},"end":{"line":105,"column":13}},"type":"if","locations":[{"start":{"line":97,"column":12},"end":{"line":105,"column":13}},{"start":{"line":97,"column":12},"end":{"line":105,"column":13}}],"line":97},"4":{"loc":{"start":{"line":100,"column":14},"end":{"line":104,"column":15}},"type":"if","locations":[{"start":{"line":100,"column":14},"end":{"line":104,"column":15}},{"start":{"line":100,"column":14},"end":{"line":104,"column":15}}],"line":100},"5":{"loc":{"start":{"line":118,"column":4},"end":{"line":120,"column":5}},"type":"if","locations":[{"start":{"line":118,"column":4},"end":{"line":120,"column":5}},{"start":{"line":118,"column":4},"end":{"line":120,"column":5}}],"line":118}},"s":{"0":0,"1":0,"2":0,"3":0,"4":0,"5":0,"6":0,"7":0,"8":0,"9":0,"10":0,"11":0,"12":0,"13":0,"14":0,"15":0,"16":0,"17":0,"18":0,"19":0,"20":0,"21":0,"22":0,"23":0,"24":0,"25":0,"26":0,"27":0,"28":0,"29":0,"30":0,"31":0,"32":0,"33":0,"34":0,"35":0,"36":0,"37":0,"38":0,"39":0,"40":0,"41":0,"42":0,"43":0,"44":0,"45":0,"46":0,"47":0,"48":0,"49":0,"50":0,"51":0,"52":0,"53":0,"54":0,"55":0,"56":0,"57":0,"58":0,"59":0,"60":0,"61":0,"62":0,"63":0},"f":{"0":0,"1":0,"2":0,"3":0,"4":0,"5":0,"6":0,"7":0,"8":0,"9":0,"10":0,"11":0,"12":0,"13":0,"14":0,"15":0,"16":0,"17":0,"18":0,"19":0,"20":0,"21":0,"22":0,"23":0,"24":0,"25":0,"26":0,"27":0,"28":0,"29":0,"30":0,"31":0,"32":0,"33":0,"34":0,"35":0,"36":0,"37":0,"38":0,"39":0,"40":0,"41":0,"42":0,"43":0},"b":{"0":[0,0],"1":[0,0],"2":[0,0],"3":[0,0],"4":[0,0],"5":[0,0]},"hash":"19aba8c1bb9fc6a0b4bf3f8bf585d6e4b1d0fdd7"}
,"/Users/emhillie/Documents/projects/zeva/frontend/src/app/components/AutocompleteInput.js": {"path":"/Users/emhillie/Documents/projects/zeva/frontend/src/app/components/AutocompleteInput.js","statementMap":{"0":{"start":{"line":6,"column":26},"end":{"line":147,"column":1}},"1":{"start":{"line":16,"column":6},"end":{"line":16,"column":11}},"2":{"start":{"line":17,"column":46},"end":{"line":17,"column":61}},"3":{"start":{"line":18,"column":34},"end":{"line":18,"column":60}},"4":{"start":{"line":19,"column":40},"end":{"line":19,"column":52}},"5":{"start":{"line":20,"column":50},"end":{"line":20,"column":62}},"6":{"start":{"line":21,"column":28},"end":{"line":21,"column":50}},"7":{"start":{"line":23,"column":23},"end":{"line":36,"column":3}},"8":{"start":{"line":24,"column":35},"end":{"line":24,"column":47}},"9":{"start":{"line":25,"column":4},"end":{"line":28,"column":5}},"10":{"start":{"line":26,"column":6},"end":{"line":26,"column":59}},"11":{"start":{"line":27,"column":6},"end":{"line":27,"column":42}},"12":{"start":{"line":30,"column":4},"end":{"line":33,"column":5}},"13":{"start":{"line":31,"column":6},"end":{"line":31,"column":30}},"14":{"start":{"line":32,"column":6},"end":{"line":32,"column":36}},"15":{"start":{"line":35,"column":4},"end":{"line":35,"column":29}},"16":{"start":{"line":38,"column":25},"end":{"line":44,"column":3}},"17":{"start":{"line":39,"column":23},"end":{"line":39,"column":54}},"18":{"start":{"line":40,"column":24},"end":{"line":40,"column":41}},"19":{"start":{"line":41,"column":4},"end":{"line":43,"column":6}},"20":{"start":{"line":42,"column":16},"end":{"line":42,"column":71}},"21":{"start":{"line":49,"column":29},"end":{"line":58,"column":3}},"22":{"start":{"line":50,"column":4},"end":{"line":55,"column":7}},"23":{"start":{"line":57,"column":4},"end":{"line":57,"column":22}},"24":{"start":{"line":61,"column":27},"end":{"line":65,"column":3}},"25":{"start":{"line":62,"column":4},"end":{"line":64,"column":10}},"26":{"start":{"line":68,"column":19},"end":{"line":75,"column":3}},"27":{"start":{"line":69,"column":4},"end":{"line":71,"column":5}},"28":{"start":{"line":70,"column":6},"end":{"line":70,"column":31}},"29":{"start":{"line":73,"column":4},"end":{"line":73,"column":29}},"30":{"start":{"line":74,"column":4},"end":{"line":74,"column":23}},"31":{"start":{"line":77,"column":34},"end":{"line":81,"column":3}},"32":{"start":{"line":78,"column":4},"end":{"line":80,"column":5}},"33":{"start":{"line":79,"column":6},"end":{"line":79,"column":30}},"34":{"start":{"line":83,"column":31},"end":{"line":85,"column":3}},"35":{"start":{"line":84,"column":4},"end":{"line":84,"column":29}},"36":{"start":{"line":87,"column":38},"end":{"line":89,"column":3}},"37":{"start":{"line":88,"column":4},"end":{"line":88,"column":47}},"38":{"start":{"line":91,"column":38},"end":{"line":93,"column":3}},"39":{"start":{"line":92,"column":4},"end":{"line":92,"column":23}},"40":{"start":{"line":96,"column":21},"end":{"line":115,"column":3}},"41":{"start":{"line":102,"column":6},"end":{"line":102,"column":26}},"42":{"start":{"line":105,"column":6},"end":{"line":107,"column":7}},"43":{"start":{"line":106,"column":8},"end":{"line":106,"column":15}},"44":{"start":{"line":109,"column":18},"end":{"line":109,"column":44}},"45":{"start":{"line":111,"column":6},"end":{"line":113,"column":7}},"46":{"start":{"line":112,"column":8},"end":{"line":112,"column":31}},"47":{"start":{"line":117,"column":2},"end":{"line":119,"column":21}},"48":{"start":{"line":118,"column":4},"end":{"line":118,"column":27}},"49":{"start":{"line":121,"column":2},"end":{"line":146,"column":4}},"50":{"start":{"line":151,"column":0},"end":{"line":156,"column":2}},"51":{"start":{"line":158,"column":0},"end":{"line":173,"column":2}}},"fnMap":{"0":{"name":"(anonymous_0)","decl":{"start":{"line":6,"column":26},"end":{"line":6,"column":27}},"loc":{"start":{"line":6,"column":37},"end":{"line":147,"column":1}},"line":6},"1":{"name":"(anonymous_1)","decl":{"start":{"line":23,"column":23},"end":{"line":23,"column":24}},"loc":{"start":{"line":23,"column":34},"end":{"line":36,"column":3}},"line":23},"2":{"name":"(anonymous_2)","decl":{"start":{"line":38,"column":25},"end":{"line":38,"column":26}},"loc":{"start":{"line":38,"column":41},"end":{"line":44,"column":3}},"line":38},"3":{"name":"(anonymous_3)","decl":{"start":{"line":42,"column":6},"end":{"line":42,"column":7}},"loc":{"start":{"line":42,"column":16},"end":{"line":42,"column":71}},"line":42},"4":{"name":"(anonymous_4)","decl":{"start":{"line":49,"column":29},"end":{"line":49,"column":30}},"loc":{"start":{"line":49,"column":45},"end":{"line":58,"column":3}},"line":49},"5":{"name":"(anonymous_5)","decl":{"start":{"line":61,"column":27},"end":{"line":61,"column":28}},"loc":{"start":{"line":62,"column":4},"end":{"line":64,"column":10}},"line":62},"6":{"name":"(anonymous_6)","decl":{"start":{"line":68,"column":19},"end":{"line":68,"column":20}},"loc":{"start":{"line":68,"column":44},"end":{"line":75,"column":3}},"line":68},"7":{"name":"(anonymous_7)","decl":{"start":{"line":77,"column":34},"end":{"line":77,"column":35}},"loc":{"start":{"line":77,"column":50},"end":{"line":81,"column":3}},"line":77},"8":{"name":"(anonymous_8)","decl":{"start":{"line":83,"column":31},"end":{"line":83,"column":32}},"loc":{"start":{"line":83,"column":37},"end":{"line":85,"column":3}},"line":83},"9":{"name":"(anonymous_9)","decl":{"start":{"line":87,"column":38},"end":{"line":87,"column":39}},"loc":{"start":{"line":87,"column":65},"end":{"line":89,"column":3}},"line":87},"10":{"name":"(anonymous_10)","decl":{"start":{"line":91,"column":38},"end":{"line":91,"column":39}},"loc":{"start":{"line":91,"column":44},"end":{"line":93,"column":3}},"line":91},"11":{"name":"(anonymous_11)","decl":{"start":{"line":101,"column":12},"end":{"line":101,"column":13}},"loc":{"start":{"line":101,"column":23},"end":{"line":103,"column":5}},"line":101},"12":{"name":"(anonymous_12)","decl":{"start":{"line":104,"column":15},"end":{"line":104,"column":16}},"loc":{"start":{"line":104,"column":26},"end":{"line":114,"column":5}},"line":104},"13":{"name":"(anonymous_13)","decl":{"start":{"line":117,"column":12},"end":{"line":117,"column":13}},"loc":{"start":{"line":117,"column":18},"end":{"line":119,"column":3}},"line":117}},"branchMap":{"0":{"loc":{"start":{"line":25,"column":4},"end":{"line":28,"column":5}},"type":"if","locations":[{"start":{"line":25,"column":4},"end":{"line":28,"column":5}},{"start":{"line":25,"column":4},"end":{"line":28,"column":5}}],"line":25},"1":{"loc":{"start":{"line":25,"column":8},"end":{"line":25,"column":48}},"type":"binary-expr","locations":[{"start":{"line":25,"column":8},"end":{"line":25,"column":26}},{"start":{"line":25,"column":30},"end":{"line":25,"column":48}}],"line":25},"2":{"loc":{"start":{"line":30,"column":4},"end":{"line":33,"column":5}},"type":"if","locations":[{"start":{"line":30,"column":4},"end":{"line":33,"column":5}},{"start":{"line":30,"column":4},"end":{"line":33,"column":5}}],"line":30},"3":{"loc":{"start":{"line":30,"column":8},"end":{"line":30,"column":40}},"type":"binary-expr","locations":[{"start":{"line":30,"column":8},"end":{"line":30,"column":26}},{"start":{"line":30,"column":30},"end":{"line":30,"column":40}}],"line":30},"4":{"loc":{"start":{"line":41,"column":11},"end":{"line":43,"column":5}},"type":"cond-expr","locations":[{"start":{"line":41,"column":31},"end":{"line":41,"column":33}},{"start":{"line":41,"column":36},"end":{"line":43,"column":5}}],"line":41},"5":{"loc":{"start":{"line":69,"column":4},"end":{"line":71,"column":5}},"type":"if","locations":[{"start":{"line":69,"column":4},"end":{"line":71,"column":5}},{"start":{"line":69,"column":4},"end":{"line":71,"column":5}}],"line":69},"6":{"loc":{"start":{"line":78,"column":4},"end":{"line":80,"column":5}},"type":"if","locations":[{"start":{"line":78,"column":4},"end":{"line":80,"column":5}},{"start":{"line":78,"column":4},"end":{"line":80,"column":5}}],"line":78},"7":{"loc":{"start":{"line":105,"column":6},"end":{"line":107,"column":7}},"type":"if","locations":[{"start":{"line":105,"column":6},"end":{"line":107,"column":7}},{"start":{"line":105,"column":6},"end":{"line":107,"column":7}}],"line":105},"8":{"loc":{"start":{"line":109,"column":18},"end":{"line":109,"column":44}},"type":"binary-expr","locations":[{"start":{"line":109,"column":18},"end":{"line":109,"column":27}},{"start":{"line":109,"column":31},"end":{"line":109,"column":44}}],"line":109},"9":{"loc":{"start":{"line":111,"column":6},"end":{"line":113,"column":7}},"type":"if","locations":[{"start":{"line":111,"column":6},"end":{"line":113,"column":7}},{"start":{"line":111,"column":6},"end":{"line":113,"column":7}}],"line":111},"10":{"loc":{"start":{"line":111,"column":10},"end":{"line":111,"column":47}},"type":"binary-expr","locations":[{"start":{"line":111,"column":10},"end":{"line":111,"column":25}},{"start":{"line":111,"column":29},"end":{"line":111,"column":47}}],"line":111},"11":{"loc":{"start":{"line":143,"column":50},"end":{"line":143,"column":82}},"type":"binary-expr","locations":[{"start":{"line":143,"column":50},"end":{"line":143,"column":62}},{"start":{"line":143,"column":66},"end":{"line":143,"column":82}}],"line":143}},"s":{"0":3,"1":1,"2":1,"3":1,"4":1,"5":1,"6":1,"7":1,"8":0,"9":0,"10":0,"11":0,"12":0,"13":0,"14":0,"15":0,"16":1,"17":0,"18":0,"19":0,"20":0,"21":1,"22":0,"23":0,"24":1,"25":0,"26":1,"27":0,"28":0,"29":0,"30":0,"31":1,"32":0,"33":0,"34":1,"35":0,"36":1,"37":0,"38":1,"39":0,"40":1,"41":0,"42":0,"43":0,"44":0,"45":0,"46":0,"47":1,"48":1,"49":1,"50":3,"51":3},"f":{"0":1,"1":0,"2":0,"3":0,"4":0,"5":0,"6":0,"7":0,"8":0,"9":0,"10":0,"11":0,"12":0,"13":1},"b":{"0":[0,0],"1":[0,0],"2":[0,0],"3":[0,0],"4":[0,0],"5":[0,0],"6":[0,0],"7":[0,0],"8":[0,0],"9":[0,0],"10":[0,0],"11":[1,1]},"_coverageSchema":"43e27e138ebf9cfc5966b082cf9a028302ed4184","hash":"8e824475162c0c543ec783e8a4c6b62ee3b409d7"}
,"/Users/emhillie/Documents/projects/zeva/frontend/src/app/components/ButtonBack.js": {"path":"/Users/emhillie/Documents/projects/zeva/frontend/src/app/components/ButtonBack.js","statementMap":{"0":{"start":{"line":6,"column":19},"end":{"line":16,"column":1}},"1":{"start":{"line":7,"column":2},"end":{"line":15,"column":11}},"2":{"start":{"line":10,"column":6},"end":{"line":10,"column":23}}},"fnMap":{"0":{"name":"(anonymous_0)","decl":{"start":{"line":6,"column":19},"end":{"line":6,"column":20}},"loc":{"start":{"line":7,"column":2},"end":{"line":15,"column":11}},"line":7},"1":{"name":"(anonymous_1)","decl":{"start":{"line":9,"column":13},"end":{"line":9,"column":14}},"loc":{"start":{"line":9,"column":19},"end":{"line":11,"column":5}},"line":9}},"branchMap":{},"s":{"0":0,"1":0,"2":0},"f":{"0":0,"1":0},"b":{},"hash":"8299b68c05f721baaed5080e68749238f3159cc1"}
,"/Users/emhillie/Documents/projects/zeva/frontend/src/app/components/ButtonDelete.js": {"path":"/Users/emhillie/Documents/projects/zeva/frontend/src/app/components/ButtonDelete.js","statementMap":{"0":{"start":{"line":5,"column":21},"end":{"line":12,"column":1}},"1":{"start":{"line":6,"column":33},"end":{"line":6,"column":38}},"2":{"start":{"line":7,"column":2},"end":{"line":11,"column":4}},"3":{"start":{"line":16,"column":0},"end":{"line":18,"column":2}},"4":{"start":{"line":19,"column":0},"end":{"line":22,"column":2}}},"fnMap":{"0":{"name":"(anonymous_0)","decl":{"start":{"line":5,"column":21},"end":{"line":5,"column":22}},"loc":{"start":{"line":5,"column":32},"end":{"line":12,"column":1}},"line":5}},"branchMap":{},"s":{"0":0,"1":0,"2":0,"3":0,"4":0},"f":{"0":0},"b":{},"hash":"e7f07dd94d6f05babc16716edd704f65b134c7d4"}
,"/Users/emhillie/Documents/projects/zeva/frontend/src/app/components/ButtonDownload.js": {"path":"/Users/emhillie/Documents/projects/zeva/frontend/src/app/components/ButtonDownload.js","statementMap":{"0":{"start":{"line":5,"column":23},"end":{"line":12,"column":1}},"1":{"start":{"line":6,"column":33},"end":{"line":6,"column":38}},"2":{"start":{"line":7,"column":2},"end":{"line":11,"column":4}},"3":{"start":{"line":16,"column":0},"end":{"line":18,"column":2}},"4":{"start":{"line":19,"column":0},"end":{"line":22,"column":2}}},"fnMap":{"0":{"name":"(anonymous_0)","decl":{"start":{"line":5,"column":23},"end":{"line":5,"column":24}},"loc":{"start":{"line":5,"column":34},"end":{"line":12,"column":1}},"line":5}},"branchMap":{},"s":{"0":0,"1":0,"2":0,"3":0,"4":0},"f":{"0":0},"b":{},"hash":"45a228f461da7999a93a0a86599ef275049a1442"}
,"/Users/emhillie/Documents/projects/zeva/frontend/src/app/components/ButtonSave.js": {"path":"/Users/emhillie/Documents/projects/zeva/frontend/src/app/components/ButtonSave.js","statementMap":{"0":{"start":{"line":5,"column":19},"end":{"line":12,"column":1}},"1":{"start":{"line":6,"column":33},"end":{"line":6,"column":38}},"2":{"start":{"line":7,"column":2},"end":{"line":11,"column":4}},"3":{"start":{"line":16,"column":0},"end":{"line":18,"column":2}},"4":{"start":{"line":19,"column":0},"end":{"line":22,"column":2}}},"fnMap":{"0":{"name":"(anonymous_0)","decl":{"start":{"line":5,"column":19},"end":{"line":5,"column":20}},"loc":{"start":{"line":5,"column":30},"end":{"line":12,"column":1}},"line":5}},"branchMap":{},"s":{"0":0,"1":0,"2":0,"3":0,"4":0},"f":{"0":0},"b":{},"hash":"be60a98b6c8928520e11e59f0dedc688a9ca7970"}
,"/Users/emhillie/Documents/projects/zeva/frontend/src/app/components/ButtonSubmit.js": {"path":"/Users/emhillie/Documents/projects/zeva/frontend/src/app/components/ButtonSubmit.js","statementMap":{"0":{"start":{"line":5,"column":21},"end":{"line":16,"column":1}},"1":{"start":{"line":6,"column":33},"end":{"line":6,"column":38}},"2":{"start":{"line":7,"column":2},"end":{"line":15,"column":4}},"3":{"start":{"line":20,"column":0},"end":{"line":22,"column":2}},"4":{"start":{"line":23,"column":0},"end":{"line":26,"column":2}}},"fnMap":{"0":{"name":"(anonymous_0)","decl":{"start":{"line":5,"column":21},"end":{"line":5,"column":22}},"loc":{"start":{"line":5,"column":32},"end":{"line":16,"column":1}},"line":5}},"branchMap":{},"s":{"0":0,"1":0,"2":0,"3":0,"4":0},"f":{"0":0},"b":{},"hash":"ab0166e5156f39d73306821660d763c5e856cd5f"}
,"/Users/emhillie/Documents/projects/zeva/frontend/src/app/components/CreditTransactionTabs.js": {"path":"/Users/emhillie/Documents/projects/zeva/frontend/src/app/components/CreditTransactionTabs.js","statementMap":{"0":{"start":{"line":11,"column":30},"end":{"line":68,"column":1}},"1":{"start":{"line":12,"column":27},"end":{"line":12,"column":32}},"2":{"start":{"line":14,"column":2},"end":{"line":67,"column":4}},"3":{"start":{"line":70,"column":0},"end":{"line":73,"column":2}}},"fnMap":{"0":{"name":"(anonymous_0)","decl":{"start":{"line":11,"column":30},"end":{"line":11,"column":31}},"loc":{"start":{"line":11,"column":41},"end":{"line":68,"column":1}},"line":11}},"branchMap":{"0":{"loc":{"start":{"line":20,"column":7},"end":{"line":27,"column":7}},"type":"binary-expr","locations":[{"start":{"line":20,"column":7},"end":{"line":20,"column":25}},{"start":{"line":21,"column":6},"end":{"line":26,"column":11}}],"line":20},"1":{"loc":{"start":{"line":22,"column":31},"end":{"line":22,"column":81}},"type":"cond-expr","locations":[{"start":{"line":22,"column":68},"end":{"line":22,"column":76}},{"start":{"line":22,"column":79},"end":{"line":22,"column":81}}],"line":22},"2":{"loc":{"start":{"line":29,"column":31},"end":{"line":29,"column":77}},"type":"cond-expr","locations":[{"start":{"line":29,"column":64},"end":{"line":29,"column":72}},{"start":{"line":29,"column":75},"end":{"line":29,"column":77}}],"line":29},"3":{"loc":{"start":{"line":32,"column":18},"end":{"line":32,"column":88}},"type":"cond-expr","locations":[{"start":{"line":32,"column":38},"end":{"line":32,"column":68}},{"start":{"line":32,"column":71},"end":{"line":32,"column":88}}],"line":32},"4":{"loc":{"start":{"line":34,"column":7},"end":{"line":41,"column":7}},"type":"binary-expr","locations":[{"start":{"line":34,"column":7},"end":{"line":34,"column":47}},{"start":{"line":35,"column":6},"end":{"line":40,"column":11}}],"line":34},"5":{"loc":{"start":{"line":36,"column":31},"end":{"line":36,"column":78}},"type":"cond-expr","locations":[{"start":{"line":36,"column":65},"end":{"line":36,"column":73}},{"start":{"line":36,"column":76},"end":{"line":36,"column":78}}],"line":36},"6":{"loc":{"start":{"line":42,"column":7},"end":{"line":49,"column":7}},"type":"binary-expr","locations":[{"start":{"line":42,"column":7},"end":{"line":42,"column":24}},{"start":{"line":43,"column":6},"end":{"line":48,"column":11}}],"line":42},"7":{"loc":{"start":{"line":44,"column":31},"end":{"line":44,"column":73}},"type":"cond-expr","locations":[{"start":{"line":44,"column":60},"end":{"line":44,"column":68}},{"start":{"line":44,"column":71},"end":{"line":44,"column":73}}],"line":44},"8":{"loc":{"start":{"line":50,"column":7},"end":{"line":57,"column":7}},"type":"binary-expr","locations":[{"start":{"line":50,"column":7},"end":{"line":50,"column":52}},{"start":{"line":51,"column":6},"end":{"line":56,"column":11}}],"line":50},"9":{"loc":{"start":{"line":52,"column":31},"end":{"line":52,"column":83}},"type":"cond-expr","locations":[{"start":{"line":52,"column":70},"end":{"line":52,"column":78}},{"start":{"line":52,"column":81},"end":{"line":52,"column":83}}],"line":52},"10":{"loc":{"start":{"line":58,"column":7},"end":{"line":65,"column":7}},"type":"binary-expr","locations":[{"start":{"line":58,"column":7},"end":{"line":58,"column":48}},{"start":{"line":59,"column":6},"end":{"line":64,"column":11}}],"line":58},"11":{"loc":{"start":{"line":60,"column":31},"end":{"line":60,"column":79}},"type":"cond-expr","locations":[{"start":{"line":60,"column":66},"end":{"line":60,"column":74}},{"start":{"line":60,"column":77},"end":{"line":60,"column":79}}],"line":60}},"s":{"0":1,"1":1,"2":1,"3":1},"f":{"0":1},"b":{"0":[1,0],"1":[0,0],"2":[0,1],"3":[1,0],"4":[1,1],"5":[0,1],"6":[1,1],"7":[1,0],"8":[1,0],"9":[0,0],"10":[1,0],"11":[0,0]},"_coverageSchema":"43e27e138ebf9cfc5966b082cf9a028302ed4184","hash":"252565c59234d5f94face1f821621e161278fe3b"}
,"/Users/emhillie/Documents/projects/zeva/frontend/src/app/components/DetailField.js": {"path":"/Users/emhillie/Documents/projects/zeva/frontend/src/app/components/DetailField.js","statementMap":{"0":{"start":{"line":4,"column":20},"end":{"line":15,"column":1}},"1":{"start":{"line":7,"column":6},"end":{"line":7,"column":11}},"2":{"start":{"line":9,"column":2},"end":{"line":14,"column":4}},"3":{"start":{"line":17,"column":0},"end":{"line":20,"column":2}},"4":{"start":{"line":22,"column":0},"end":{"line":33,"column":2}}},"fnMap":{"0":{"name":"(anonymous_0)","decl":{"start":{"line":4,"column":20},"end":{"line":4,"column":21}},"loc":{"start":{"line":4,"column":31},"end":{"line":15,"column":1}},"line":4}},"branchMap":{},"s":{"0":0,"1":0,"2":0,"3":0,"4":0},"f":{"0":0},"b":{},"hash":"44bb1d7d5dfcd8798594f75bb91cd2331abbcf4e"}
,"/Users/emhillie/Documents/projects/zeva/frontend/src/app/components/ErrorHandler.js": {"path":"/Users/emhillie/Documents/projects/zeva/frontend/src/app/components/ErrorHandler.js","statementMap":{"0":{"start":{"line":8,"column":4},"end":{"line":8,"column":17}},"1":{"start":{"line":10,"column":4},"end":{"line":10,"column":42}},"2":{"start":{"line":14,"column":4},"end":{"line":14,"column":25}},"3":{"start":{"line":15,"column":4},"end":{"line":15,"column":24}},"4":{"start":{"line":16,"column":4},"end":{"line":16,"column":43}},"5":{"start":{"line":20,"column":37},"end":{"line":20,"column":47}},"6":{"start":{"line":21,"column":30},"end":{"line":21,"column":40}},"7":{"start":{"line":23,"column":4},"end":{"line":25,"column":5}},"8":{"start":{"line":24,"column":6},"end":{"line":24,"column":35}},"9":{"start":{"line":27,"column":4},"end":{"line":29,"column":5}},"10":{"start":{"line":28,"column":6},"end":{"line":28,"column":59}},"11":{"start":{"line":31,"column":4},"end":{"line":31,"column":20}},"12":{"start":{"line":35,"column":0},"end":{"line":37,"column":2}},"13":{"start":{"line":39,"column":0},"end":{"line":42,"column":2}}},"fnMap":{"0":{"name":"(anonymous_0)","decl":{"start":{"line":7,"column":2},"end":{"line":7,"column":3}},"loc":{"start":{"line":7,"column":21},"end":{"line":11,"column":3}},"line":7},"1":{"name":"(anonymous_1)","decl":{"start":{"line":13,"column":2},"end":{"line":13,"column":3}},"loc":{"start":{"line":13,"column":33},"end":{"line":17,"column":3}},"line":13},"2":{"name":"(anonymous_2)","decl":{"start":{"line":19,"column":2},"end":{"line":19,"column":3}},"loc":{"start":{"line":19,"column":11},"end":{"line":32,"column":3}},"line":19}},"branchMap":{"0":{"loc":{"start":{"line":23,"column":4},"end":{"line":25,"column":5}},"type":"if","locations":[{"start":{"line":23,"column":4},"end":{"line":25,"column":5}},{"start":{"line":23,"column":4},"end":{"line":25,"column":5}}],"line":23},"1":{"loc":{"start":{"line":27,"column":4},"end":{"line":29,"column":5}},"type":"if","locations":[{"start":{"line":27,"column":4},"end":{"line":29,"column":5}},{"start":{"line":27,"column":4},"end":{"line":29,"column":5}}],"line":27},"2":{"loc":{"start":{"line":27,"column":8},"end":{"line":27,"column":38}},"type":"binary-expr","locations":[{"start":{"line":27,"column":8},"end":{"line":27,"column":18}},{"start":{"line":27,"column":22},"end":{"line":27,"column":38}}],"line":27}},"s":{"0":0,"1":0,"2":0,"3":0,"4":0,"5":0,"6":0,"7":0,"8":0,"9":0,"10":0,"11":0,"12":0,"13":0},"f":{"0":0,"1":0,"2":0},"b":{"0":[0,0],"1":[0,0],"2":[0,0]},"hash":"83b06992afbf623615174e16f373ff19048ec0c7"}
,"/Users/emhillie/Documents/projects/zeva/frontend/src/app/components/FileDrop.js": {"path":"/Users/emhillie/Documents/projects/zeva/frontend/src/app/components/FileDrop.js","statementMap":{"0":{"start":{"line":6,"column":17},"end":{"line":37,"column":1}},"1":{"start":{"line":7,"column":33},"end":{"line":7,"column":38}},"2":{"start":{"line":8,"column":40},"end":{"line":10,"column":3}},"3":{"start":{"line":11,"column":17},"end":{"line":17,"column":8}},"4":{"start":{"line":12,"column":4},"end":{"line":16,"column":5}},"5":{"start":{"line":13,"column":6},"end":{"line":13,"column":83}},"6":{"start":{"line":15,"column":6},"end":{"line":15,"column":30}},"7":{"start":{"line":19,"column":42},"end":{"line":19,"column":65}},"8":{"start":{"line":20,"column":2},"end":{"line":36,"column":4}},"9":{"start":{"line":39,"column":0},"end":{"line":42,"column":2}}},"fnMap":{"0":{"name":"(anonymous_0)","decl":{"start":{"line":6,"column":17},"end":{"line":6,"column":18}},"loc":{"start":{"line":6,"column":28},"end":{"line":37,"column":1}},"line":6},"1":{"name":"(anonymous_1)","decl":{"start":{"line":11,"column":29},"end":{"line":11,"column":30}},"loc":{"start":{"line":11,"column":48},"end":{"line":17,"column":3}},"line":11}},"branchMap":{"0":{"loc":{"start":{"line":12,"column":4},"end":{"line":16,"column":5}},"type":"if","locations":[{"start":{"line":12,"column":4},"end":{"line":16,"column":5}},{"start":{"line":12,"column":4},"end":{"line":16,"column":5}}],"line":12},"1":{"loc":{"start":{"line":28,"column":9},"end":{"line":33,"column":9}},"type":"binary-expr","locations":[{"start":{"line":28,"column":9},"end":{"line":28,"column":51}},{"start":{"line":29,"column":10},"end":{"line":32,"column":13}}],"line":28}},"s":{"0":3,"1":1,"2":1,"3":1,"4":0,"5":0,"6":0,"7":1,"8":1,"9":3},"f":{"0":1,"1":0},"b":{"0":[0,0],"1":[1,1]},"_coverageSchema":"43e27e138ebf9cfc5966b082cf9a028302ed4184","hash":"74a09c87ced35f0ca0409ffcc0b07b0ec9c82e88"}
,"/Users/emhillie/Documents/projects/zeva/frontend/src/app/components/Footer.js": {"path":"/Users/emhillie/Documents/projects/zeva/frontend/src/app/components/Footer.js","statementMap":{"0":{"start":{"line":6,"column":15},"end":{"line":36,"column":1}},"1":{"start":{"line":7,"column":2},"end":{"line":35,"column":8}},"2":{"start":{"line":38,"column":0},"end":{"line":39,"column":2}},"3":{"start":{"line":41,"column":0},"end":{"line":42,"column":2}}},"fnMap":{"0":{"name":"(anonymous_0)","decl":{"start":{"line":6,"column":15},"end":{"line":6,"column":16}},"loc":{"start":{"line":7,"column":2},"end":{"line":35,"column":8}},"line":7}},"branchMap":{},"s":{"0":0,"1":0,"2":0,"3":0},"f":{"0":0},"b":{},"hash":"8fe316481d2f10d9512f56e82d28f61eecc59760"}
,"/Users/emhillie/Documents/projects/zeva/frontend/src/app/components/Loading.js": {"path":"/Users/emhillie/Documents/projects/zeva/frontend/src/app/components/Loading.js","statementMap":{"0":{"start":{"line":3,"column":16},"end":{"line":7,"column":1}},"1":{"start":{"line":4,"column":2},"end":{"line":6,"column":8}}},"fnMap":{"0":{"name":"(anonymous_0)","decl":{"start":{"line":3,"column":16},"end":{"line":3,"column":17}},"loc":{"start":{"line":4,"column":2},"end":{"line":6,"column":8}},"line":4}},"branchMap":{},"s":{"0":3,"1":1},"f":{"0":1},"b":{},"_coverageSchema":"43e27e138ebf9cfc5966b082cf9a028302ed4184","hash":"8fe48ebd6bba94e36bc3f28da3a5795d018d916a"}
,"/Users/emhillie/Documents/projects/zeva/frontend/src/app/components/Modal.js": {"path":"/Users/emhillie/Documents/projects/zeva/frontend/src/app/components/Modal.js","statementMap":{"0":{"start":{"line":4,"column":14},"end":{"line":59,"column":1}},"1":{"start":{"line":16,"column":6},"end":{"line":16,"column":11}},"2":{"start":{"line":18,"column":2},"end":{"line":58,"column":5}},"3":{"start":{"line":61,"column":0},"end":{"line":68,"column":2}},"4":{"start":{"line":70,"column":0},"end":{"line":84,"column":2}}},"fnMap":{"0":{"name":"(anonymous_0)","decl":{"start":{"line":4,"column":14},"end":{"line":4,"column":15}},"loc":{"start":{"line":4,"column":25},"end":{"line":59,"column":1}},"line":4}},"branchMap":{"0":{"loc":{"start":{"line":19,"column":29},"end":{"line":19,"column":61}},"type":"cond-expr","locations":[{"start":{"line":19,"column":41},"end":{"line":19,"column":50}},{"start":{"line":19,"column":53},"end":{"line":19,"column":61}}],"line":19},"1":{"loc":{"start":{"line":57,"column":38},"end":{"line":57,"column":70}},"type":"cond-expr","locations":[{"start":{"line":57,"column":50},"end":{"line":57,"column":59}},{"start":{"line":57,"column":62},"end":{"line":57,"column":70}}],"line":57}},"s":{"0":2,"1":0,"2":0,"3":2,"4":2},"f":{"0":0},"b":{"0":[0,0],"1":[0,0]},"_coverageSchema":"43e27e138ebf9cfc5966b082cf9a028302ed4184","hash":"03b16c335fdf283f52e3f6381b650b2576a0ded7"}
,"/Users/emhillie/Documents/projects/zeva/frontend/src/app/components/Navbar.js": {"path":"/Users/emhillie/Documents/projects/zeva/frontend/src/app/components/Navbar.js","statementMap":{"0":{"start":{"line":14,"column":4},"end":{"line":14,"column":17}},"1":{"start":{"line":16,"column":4},"end":{"line":19,"column":6}},"2":{"start":{"line":21,"column":4},"end":{"line":21,"column":57}},"3":{"start":{"line":22,"column":4},"end":{"line":22,"column":61}},"4":{"start":{"line":26,"column":4},"end":{"line":36,"column":7}},"5":{"start":{"line":27,"column":6},"end":{"line":35,"column":7}},"6":{"start":{"line":28,"column":38},"end":{"line":28,"column":48}},"7":{"start":{"line":30,"column":8},"end":{"line":34,"column":9}},"8":{"start":{"line":31,"column":10},"end":{"line":33,"column":13}},"9":{"start":{"line":40,"column":24},"end":{"line":40,"column":34}},"10":{"start":{"line":42,"column":4},"end":{"line":42,"column":27}},"11":{"start":{"line":44,"column":4},"end":{"line":46,"column":7}},"12":{"start":{"line":50,"column":32},"end":{"line":50,"column":42}},"13":{"start":{"line":52,"column":4},"end":{"line":52,"column":43}},"14":{"start":{"line":54,"column":4},"end":{"line":56,"column":7}},"15":{"start":{"line":60,"column":31},"end":{"line":60,"column":41}},"16":{"start":{"line":61,"column":45},"end":{"line":61,"column":55}},"17":{"start":{"line":63,"column":4},"end":{"line":260,"column":6}},"18":{"start":{"line":126,"column":35},"end":{"line":128,"column":22}},"19":{"start":{"line":214,"column":22},"end":{"line":216,"column":23}},"20":{"start":{"line":215,"column":24},"end":{"line":215,"column":37}},"21":{"start":{"line":218,"column":22},"end":{"line":220,"column":23}},"22":{"start":{"line":219,"column":24},"end":{"line":219,"column":37}},"23":{"start":{"line":222,"column":22},"end":{"line":222,"column":34}},"24":{"start":{"line":264,"column":0},"end":{"line":264,"column":25}},"25":{"start":{"line":266,"column":0},"end":{"line":269,"column":2}}},"fnMap":{"0":{"name":"(anonymous_0)","decl":{"start":{"line":13,"column":2},"end":{"line":13,"column":3}},"loc":{"start":{"line":13,"column":21},"end":{"line":23,"column":3}},"line":13},"1":{"name":"(anonymous_1)","decl":{"start":{"line":25,"column":2},"end":{"line":25,"column":3}},"loc":{"start":{"line":25,"column":22},"end":{"line":37,"column":3}},"line":25},"2":{"name":"(anonymous_2)","decl":{"start":{"line":26,"column":37},"end":{"line":26,"column":38}},"loc":{"start":{"line":26,"column":44},"end":{"line":36,"column":5}},"line":26},"3":{"name":"(anonymous_3)","decl":{"start":{"line":39,"column":2},"end":{"line":39,"column":3}},"loc":{"start":{"line":39,"column":19},"end":{"line":47,"column":3}},"line":39},"4":{"name":"(anonymous_4)","decl":{"start":{"line":49,"column":2},"end":{"line":49,"column":3}},"loc":{"start":{"line":49,"column":21},"end":{"line":57,"column":3}},"line":49},"5":{"name":"(anonymous_5)","decl":{"start":{"line":59,"column":2},"end":{"line":59,"column":3}},"loc":{"start":{"line":59,"column":11},"end":{"line":261,"column":3}},"line":59},"6":{"name":"(anonymous_6)","decl":{"start":{"line":126,"column":29},"end":{"line":126,"column":30}},"loc":{"start":{"line":126,"column":35},"end":{"line":128,"column":22}},"line":126},"7":{"name":"(anonymous_7)","decl":{"start":{"line":213,"column":30},"end":{"line":213,"column":31}},"loc":{"start":{"line":213,"column":51},"end":{"line":223,"column":21}},"line":213}},"branchMap":{"0":{"loc":{"start":{"line":27,"column":6},"end":{"line":35,"column":7}},"type":"if","locations":[{"start":{"line":27,"column":6},"end":{"line":35,"column":7}},{"start":{"line":27,"column":6},"end":{"line":35,"column":7}}],"line":27},"1":{"loc":{"start":{"line":30,"column":8},"end":{"line":34,"column":9}},"type":"if","locations":[{"start":{"line":30,"column":8},"end":{"line":34,"column":9}},{"start":{"line":30,"column":8},"end":{"line":34,"column":9}}],"line":30},"2":{"loc":{"start":{"line":76,"column":51},"end":{"line":76,"column":98}},"type":"cond-expr","locations":[{"start":{"line":76,"column":71},"end":{"line":76,"column":93}},{"start":{"line":76,"column":96},"end":{"line":76,"column":98}}],"line":76},"3":{"loc":{"start":{"line":77,"column":17},"end":{"line":79,"column":17}},"type":"binary-expr","locations":[{"start":{"line":77,"column":17},"end":{"line":77,"column":35}},{"start":{"line":77,"column":39},"end":{"line":77,"column":56}},{"start":{"line":78,"column":16},"end":{"line":78,"column":172}}],"line":77},"4":{"loc":{"start":{"line":114,"column":44},"end":{"line":114,"column":77}},"type":"cond-expr","locations":[{"start":{"line":114,"column":64},"end":{"line":114,"column":72}},{"start":{"line":114,"column":75},"end":{"line":114,"column":77}}],"line":114},"5":{"loc":{"start":{"line":160,"column":54},"end":{"line":160,"column":87}},"type":"cond-expr","locations":[{"start":{"line":160,"column":76},"end":{"line":160,"column":82}},{"start":{"line":160,"column":85},"end":{"line":160,"column":87}}],"line":160},"6":{"loc":{"start":{"line":171,"column":15},"end":{"line":180,"column":15}},"type":"binary-expr","locations":[{"start":{"line":171,"column":15},"end":{"line":171,"column":56}},{"start":{"line":172,"column":14},"end":{"line":179,"column":19}}],"line":171},"7":{"loc":{"start":{"line":182,"column":15},"end":{"line":191,"column":15}},"type":"binary-expr","locations":[{"start":{"line":182,"column":15},"end":{"line":182,"column":58}},{"start":{"line":183,"column":14},"end":{"line":190,"column":19}}],"line":182},"8":{"loc":{"start":{"line":186,"column":22},"end":{"line":186,"column":94}},"type":"cond-expr","locations":[{"start":{"line":186,"column":42},"end":{"line":186,"column":72}},{"start":{"line":186,"column":75},"end":{"line":186,"column":94}}],"line":186},"9":{"loc":{"start":{"line":193,"column":15},"end":{"line":204,"column":15}},"type":"binary-expr","locations":[{"start":{"line":193,"column":15},"end":{"line":193,"column":55}},{"start":{"line":194,"column":17},"end":{"line":194,"column":47}},{"start":{"line":196,"column":16},"end":{"line":203,"column":21}}],"line":193},"10":{"loc":{"start":{"line":206,"column":15},"end":{"line":229,"column":15}},"type":"binary-expr","locations":[{"start":{"line":206,"column":15},"end":{"line":206,"column":55}},{"start":{"line":207,"column":17},"end":{"line":207,"column":57}},{"start":{"line":208,"column":17},"end":{"line":208,"column":34}},{"start":{"line":210,"column":16},"end":{"line":228,"column":21}}],"line":206},"11":{"loc":{"start":{"line":214,"column":22},"end":{"line":216,"column":23}},"type":"if","locations":[{"start":{"line":214,"column":22},"end":{"line":216,"column":23}},{"start":{"line":214,"column":22},"end":{"line":216,"column":23}}],"line":214},"12":{"loc":{"start":{"line":218,"column":22},"end":{"line":220,"column":23}},"type":"if","locations":[{"start":{"line":218,"column":22},"end":{"line":220,"column":23}},{"start":{"line":218,"column":22},"end":{"line":220,"column":23}}],"line":218},"13":{"loc":{"start":{"line":230,"column":15},"end":{"line":241,"column":15}},"type":"binary-expr","locations":[{"start":{"line":230,"column":15},"end":{"line":230,"column":55}},{"start":{"line":231,"column":18},"end":{"line":231,"column":58}},{"start":{"line":231,"column":62},"end":{"line":231,"column":113}},{"start":{"line":233,"column":16},"end":{"line":240,"column":21}}],"line":230},"14":{"loc":{"start":{"line":243,"column":15},"end":{"line":255,"column":15}},"type":"binary-expr","locations":[{"start":{"line":243,"column":15},"end":{"line":243,"column":44}},{"start":{"line":244,"column":17},"end":{"line":244,"column":57}},{"start":{"line":245,"column":17},"end":{"line":245,"column":65}},{"start":{"line":247,"column":16},"end":{"line":254,"column":21}}],"line":243}},"s":{"0":0,"1":0,"2":0,"3":0,"4":0,"5":0,"6":0,"7":0,"8":0,"9":0,"10":0,"11":0,"12":0,"13":0,"14":0,"15":0,"16":0,"17":0,"18":0,"19":0,"20":0,"21":0,"22":0,"23":0,"24":0,"25":0},"f":{"0":0,"1":0,"2":0,"3":0,"4":0,"5":0,"6":0,"7":0},"b":{"0":[0,0],"1":[0,0],"2":[0,0],"3":[0,0,0],"4":[0,0],"5":[0,0],"6":[0,0],"7":[0,0],"8":[0,0],"9":[0,0,0],"10":[0,0,0,0],"11":[0,0],"12":[0,0],"13":[0,0,0,0],"14":[0,0,0,0]},"hash":"7b07c5ace34f1f23bae77d996f710a439bb3802f"}
,"/Users/emhillie/Documents/projects/zeva/frontend/src/app/components/ReactTable.js": {"path":"/Users/emhillie/Documents/projects/zeva/frontend/src/app/components/ReactTable.js","statementMap":{"0":{"start":{"line":12,"column":15},"end":{"line":12,"column":42}},"1":{"start":{"line":14,"column":4},"end":{"line":16,"column":51}},"2":{"start":{"line":20,"column":4},"end":{"line":20,"column":17}},"3":{"start":{"line":22,"column":4},"end":{"line":22,"column":45}},"4":{"start":{"line":23,"column":4},"end":{"line":23,"column":38}},"5":{"start":{"line":25,"column":4},"end":{"line":25,"column":35}},"6":{"start":{"line":29,"column":25},"end":{"line":29,"column":35}},"7":{"start":{"line":31,"column":4},"end":{"line":35,"column":5}},"8":{"start":{"line":32,"column":6},"end":{"line":34,"column":9}},"9":{"start":{"line":33,"column":8},"end":{"line":33,"column":56}},"10":{"start":{"line":39,"column":4},"end":{"line":52,"column":5}},"11":{"start":{"line":40,"column":6},"end":{"line":47,"column":7}},"12":{"start":{"line":44,"column":8},"end":{"line":46,"column":11}},"13":{"start":{"line":45,"column":10},"end":{"line":45,"column":58}},"14":{"start":{"line":49,"column":6},"end":{"line":51,"column":7}},"15":{"start":{"line":50,"column":8},"end":{"line":50,"column":45}},"16":{"start":{"line":54,"column":4},"end":{"line":54,"column":16}},"17":{"start":{"line":68,"column":8},"end":{"line":68,"column":18}},"18":{"start":{"line":70,"column":4},"end":{"line":92,"column":6}},"19":{"start":{"line":83,"column":10},"end":{"line":83,"column":34}},"20":{"start":{"line":84,"column":10},"end":{"line":84,"column":29}},"21":{"start":{"line":86,"column":10},"end":{"line":86,"column":82}},"22":{"start":{"line":96,"column":0},"end":{"line":104,"column":2}},"23":{"start":{"line":106,"column":0},"end":{"line":116,"column":2}}},"fnMap":{"0":{"name":"(anonymous_0)","decl":{"start":{"line":11,"column":2},"end":{"line":11,"column":3}},"loc":{"start":{"line":11,"column":42},"end":{"line":17,"column":3}},"line":11},"1":{"name":"(anonymous_1)","decl":{"start":{"line":19,"column":2},"end":{"line":19,"column":3}},"loc":{"start":{"line":19,"column":21},"end":{"line":26,"column":3}},"line":19},"2":{"name":"(anonymous_2)","decl":{"start":{"line":28,"column":2},"end":{"line":28,"column":3}},"loc":{"start":{"line":28,"column":22},"end":{"line":36,"column":3}},"line":28},"3":{"name":"(anonymous_3)","decl":{"start":{"line":32,"column":23},"end":{"line":32,"column":24}},"loc":{"start":{"line":32,"column":32},"end":{"line":34,"column":7}},"line":32},"4":{"name":"(anonymous_4)","decl":{"start":{"line":38,"column":2},"end":{"line":38,"column":3}},"loc":{"start":{"line":38,"column":35},"end":{"line":55,"column":3}},"line":38},"5":{"name":"(anonymous_5)","decl":{"start":{"line":44,"column":35},"end":{"line":44,"column":36}},"loc":{"start":{"line":44,"column":44},"end":{"line":46,"column":9}},"line":44},"6":{"name":"(anonymous_6)","decl":{"start":{"line":57,"column":2},"end":{"line":57,"column":3}},"loc":{"start":{"line":57,"column":11},"end":{"line":93,"column":3}},"line":57},"7":{"name":"(anonymous_7)","decl":{"start":{"line":82,"column":26},"end":{"line":82,"column":27}},"loc":{"start":{"line":82,"column":37},"end":{"line":87,"column":9}},"line":82},"8":{"name":"(anonymous_8)","decl":{"start":{"line":102,"column":20},"end":{"line":102,"column":21}},"loc":{"start":{"line":102,"column":26},"end":{"line":102,"column":28}},"line":102},"9":{"name":"(anonymous_9)","decl":{"start":{"line":103,"column":15},"end":{"line":103,"column":16}},"loc":{"start":{"line":103,"column":21},"end":{"line":103,"column":23}},"line":103}},"branchMap":{"0":{"loc":{"start":{"line":12,"column":15},"end":{"line":12,"column":42}},"type":"binary-expr","locations":[{"start":{"line":12,"column":15},"end":{"line":12,"column":29}},{"start":{"line":12,"column":33},"end":{"line":12,"column":42}}],"line":12},"1":{"loc":{"start":{"line":14,"column":11},"end":{"line":16,"column":50}},"type":"cond-expr","locations":[{"start":{"line":14,"column":35},"end":{"line":16,"column":43}},{"start":{"line":16,"column":46},"end":{"line":16,"column":50}}],"line":14},"2":{"loc":{"start":{"line":31,"column":4},"end":{"line":35,"column":5}},"type":"if","locations":[{"start":{"line":31,"column":4},"end":{"line":35,"column":5}},{"start":{"line":31,"column":4},"end":{"line":35,"column":5}}],"line":31},"3":{"loc":{"start":{"line":31,"column":8},"end":{"line":31,"column":39}},"type":"binary-expr","locations":[{"start":{"line":31,"column":8},"end":{"line":31,"column":16}},{"start":{"line":31,"column":20},"end":{"line":31,"column":39}}],"line":31},"4":{"loc":{"start":{"line":39,"column":4},"end":{"line":52,"column":5}},"type":"if","locations":[{"start":{"line":39,"column":4},"end":{"line":52,"column":5}},{"start":{"line":39,"column":4},"end":{"line":52,"column":5}}],"line":39},"5":{"loc":{"start":{"line":39,"column":8},"end":{"line":39,"column":48}},"type":"binary-expr","locations":[{"start":{"line":39,"column":8},"end":{"line":39,"column":26}},{"start":{"line":39,"column":30},"end":{"line":39,"column":48}}],"line":39},"6":{"loc":{"start":{"line":40,"column":6},"end":{"line":47,"column":7}},"type":"if","locations":[{"start":{"line":40,"column":6},"end":{"line":47,"column":7}},{"start":{"line":40,"column":6},"end":{"line":47,"column":7}}],"line":40},"7":{"loc":{"start":{"line":49,"column":6},"end":{"line":51,"column":7}},"type":"if","locations":[{"start":{"line":49,"column":6},"end":{"line":51,"column":7}},{"start":{"line":49,"column":6},"end":{"line":51,"column":7}}],"line":49}},"s":{"0":0,"1":0,"2":2,"3":2,"4":2,"5":2,"6":2,"7":2,"8":0,"9":0,"10":0,"11":0,"12":0,"13":0,"14":0,"15":0,"16":0,"17":2,"18":2,"19":0,"20":0,"21":0,"22":1,"23":1},"f":{"0":0,"1":2,"2":2,"3":0,"4":0,"5":0,"6":2,"7":0,"8":0,"9":0},"b":{"0":[0,0],"1":[0,0],"2":[0,2],"3":[2,0],"4":[0,0],"5":[0,0],"6":[0,0],"7":[0,0]},"_coverageSchema":"43e27e138ebf9cfc5966b082cf9a028302ed4184","hash":"c4ead106a05c4e13593bf100247e5479aa7cc926"}
,"/Users/emhillie/Documents/projects/zeva/frontend/src/app/components/StatusInterceptor.js": {"path":"/Users/emhillie/Documents/projects/zeva/frontend/src/app/components/StatusInterceptor.js","statementMap":{"0":{"start":{"line":6,"column":4},"end":{"line":12,"column":6}},"1":{"start":{"line":16,"column":4},"end":{"line":26,"column":6}},"2":{"start":{"line":30,"column":4},"end":{"line":36,"column":6}},"3":{"start":{"line":40,"column":4},"end":{"line":45,"column":6}},"4":{"start":{"line":49,"column":4},"end":{"line":54,"column":6}},"5":{"start":{"line":58,"column":4},"end":{"line":63,"column":6}},"6":{"start":{"line":67,"column":4},"end":{"line":72,"column":6}},"7":{"start":{"line":76,"column":27},"end":{"line":76,"column":37}},"8":{"start":{"line":79,"column":4},"end":{"line":99,"column":5}},"9":{"start":{"line":81,"column":8},"end":{"line":81,"column":52}},"10":{"start":{"line":83,"column":8},"end":{"line":83,"column":55}},"11":{"start":{"line":84,"column":8},"end":{"line":84,"column":14}},"12":{"start":{"line":86,"column":8},"end":{"line":86,"column":55}},"13":{"start":{"line":87,"column":8},"end":{"line":87,"column":14}},"14":{"start":{"line":89,"column":8},"end":{"line":89,"column":55}},"15":{"start":{"line":90,"column":8},"end":{"line":90,"column":14}},"16":{"start":{"line":92,"column":8},"end":{"line":92,"column":55}},"17":{"start":{"line":93,"column":8},"end":{"line":93,"column":14}},"18":{"start":{"line":95,"column":8},"end":{"line":95,"column":55}},"19":{"start":{"line":96,"column":8},"end":{"line":96,"column":14}},"20":{"start":{"line":98,"column":8},"end":{"line":98,"column":59}},"21":{"start":{"line":101,"column":4},"end":{"line":106,"column":6}},"22":{"start":{"line":110,"column":0},"end":{"line":112,"column":2}},"23":{"start":{"line":114,"column":0},"end":{"line":116,"column":2}}},"fnMap":{"0":{"name":"(anonymous_0)","decl":{"start":{"line":5,"column":2},"end":{"line":5,"column":3}},"loc":{"start":{"line":5,"column":28},"end":{"line":13,"column":3}},"line":5},"1":{"name":"(anonymous_1)","decl":{"start":{"line":15,"column":2},"end":{"line":15,"column":3}},"loc":{"start":{"line":15,"column":28},"end":{"line":27,"column":3}},"line":15},"2":{"name":"(anonymous_2)","decl":{"start":{"line":29,"column":2},"end":{"line":29,"column":3}},"loc":{"start":{"line":29,"column":28},"end":{"line":37,"column":3}},"line":29},"3":{"name":"(anonymous_3)","decl":{"start":{"line":39,"column":2},"end":{"line":39,"column":3}},"loc":{"start":{"line":39,"column":28},"end":{"line":46,"column":3}},"line":39},"4":{"name":"(anonymous_4)","decl":{"start":{"line":48,"column":2},"end":{"line":48,"column":3}},"loc":{"start":{"line":48,"column":28},"end":{"line":55,"column":3}},"line":48},"5":{"name":"(anonymous_5)","decl":{"start":{"line":57,"column":2},"end":{"line":57,"column":3}},"loc":{"start":{"line":57,"column":28},"end":{"line":64,"column":3}},"line":57},"6":{"name":"(anonymous_6)","decl":{"start":{"line":66,"column":2},"end":{"line":66,"column":3}},"loc":{"start":{"line":66,"column":32},"end":{"line":73,"column":3}},"line":66},"7":{"name":"(anonymous_7)","decl":{"start":{"line":75,"column":2},"end":{"line":75,"column":3}},"loc":{"start":{"line":75,"column":11},"end":{"line":107,"column":3}},"line":75}},"branchMap":{"0":{"loc":{"start":{"line":79,"column":4},"end":{"line":99,"column":5}},"type":"switch","locations":[{"start":{"line":80,"column":6},"end":{"line":81,"column":52}},{"start":{"line":82,"column":6},"end":{"line":84,"column":14}},{"start":{"line":85,"column":6},"end":{"line":87,"column":14}},{"start":{"line":88,"column":6},"end":{"line":90,"column":14}},{"start":{"line":91,"column":6},"end":{"line":93,"column":14}},{"start":{"line":94,"column":6},"end":{"line":96,"column":14}},{"start":{"line":97,"column":6},"end":{"line":98,"column":59}}],"line":79}},"s":{"0":0,"1":1,"2":1,"3":1,"4":1,"5":1,"6":2,"7":7,"8":7,"9":0,"10":1,"11":1,"12":1,"13":1,"14":1,"15":1,"16":1,"17":1,"18":1,"19":1,"20":2,"21":7,"22":1,"23":1},"f":{"0":0,"1":1,"2":1,"3":1,"4":1,"5":1,"6":2,"7":7},"b":{"0":[0,1,1,1,1,1,2]},"_coverageSchema":"43e27e138ebf9cfc5966b082cf9a028302ed4184","hash":"9f3bc1a5a1f0b82177ee091b518a5ff1227368b6"}
,"/Users/emhillie/Documents/projects/zeva/frontend/src/app/components/TextInput.js": {"path":"/Users/emhillie/Documents/projects/zeva/frontend/src/app/components/TextInput.js","statementMap":{"0":{"start":{"line":4,"column":18},"end":{"line":97,"column":1}},"1":{"start":{"line":24,"column":6},"end":{"line":24,"column":11}},"2":{"start":{"line":27,"column":2},"end":{"line":31,"column":3}},"3":{"start":{"line":28,"column":4},"end":{"line":28,"column":18}},"4":{"start":{"line":30,"column":4},"end":{"line":30,"column":20}},"5":{"start":{"line":33,"column":50},"end":{"line":33,"column":62}},"6":{"start":{"line":34,"column":34},"end":{"line":34,"column":51}},"7":{"start":{"line":36,"column":2},"end":{"line":43,"column":5}},"8":{"start":{"line":39,"column":4},"end":{"line":42,"column":5}},"9":{"start":{"line":40,"column":6},"end":{"line":40,"column":30}},"10":{"start":{"line":41,"column":6},"end":{"line":41,"column":27}},"11":{"start":{"line":45,"column":23},"end":{"line":60,"column":3}},"12":{"start":{"line":46,"column":22},"end":{"line":46,"column":34}},"13":{"start":{"line":47,"column":4},"end":{"line":50,"column":5}},"14":{"start":{"line":48,"column":6},"end":{"line":48,"column":59}},"15":{"start":{"line":49,"column":6},"end":{"line":49,"column":38}},"16":{"start":{"line":52,"column":4},"end":{"line":55,"column":5}},"17":{"start":{"line":53,"column":6},"end":{"line":53,"column":30}},"18":{"start":{"line":54,"column":6},"end":{"line":54,"column":27}},"19":{"start":{"line":56,"column":4},"end":{"line":59,"column":5}},"20":{"start":{"line":57,"column":6},"end":{"line":57,"column":62}},"21":{"start":{"line":58,"column":6},"end":{"line":58,"column":38}},"22":{"start":{"line":62,"column":2},"end":{"line":96,"column":4}},"23":{"start":{"line":99,"column":0},"end":{"line":114,"column":2}},"24":{"start":{"line":116,"column":0},"end":{"line":141,"column":2}}},"fnMap":{"0":{"name":"(anonymous_0)","decl":{"start":{"line":4,"column":18},"end":{"line":4,"column":19}},"loc":{"start":{"line":4,"column":29},"end":{"line":97,"column":1}},"line":4},"1":{"name":"(anonymous_1)","decl":{"start":{"line":36,"column":12},"end":{"line":36,"column":13}},"loc":{"start":{"line":36,"column":18},"end":{"line":43,"column":3}},"line":36},"2":{"name":"(anonymous_2)","decl":{"start":{"line":45,"column":23},"end":{"line":45,"column":24}},"loc":{"start":{"line":45,"column":34},"end":{"line":60,"column":3}},"line":45}},"branchMap":{"0":{"loc":{"start":{"line":27,"column":2},"end":{"line":31,"column":3}},"type":"if","locations":[{"start":{"line":27,"column":2},"end":{"line":31,"column":3}},{"start":{"line":27,"column":2},"end":{"line":31,"column":3}}],"line":27},"1":{"loc":{"start":{"line":39,"column":4},"end":{"line":42,"column":5}},"type":"if","locations":[{"start":{"line":39,"column":4},"end":{"line":42,"column":5}},{"start":{"line":39,"column":4},"end":{"line":42,"column":5}}],"line":39},"2":{"loc":{"start":{"line":39,"column":8},"end":{"line":39,"column":48}},"type":"binary-expr","locations":[{"start":{"line":39,"column":8},"end":{"line":39,"column":19}},{"start":{"line":39,"column":23},"end":{"line":39,"column":48}}],"line":39},"3":{"loc":{"start":{"line":47,"column":4},"end":{"line":50,"column":5}},"type":"if","locations":[{"start":{"line":47,"column":4},"end":{"line":50,"column":5}},{"start":{"line":47,"column":4},"end":{"line":50,"column":5}}],"line":47},"4":{"loc":{"start":{"line":47,"column":8},"end":{"line":47,"column":42}},"type":"binary-expr","locations":[{"start":{"line":47,"column":8},"end":{"line":47,"column":20}},{"start":{"line":47,"column":24},"end":{"line":47,"column":42}}],"line":47},"5":{"loc":{"start":{"line":52,"column":4},"end":{"line":55,"column":5}},"type":"if","locations":[{"start":{"line":52,"column":4},"end":{"line":55,"column":5}},{"start":{"line":52,"column":4},"end":{"line":55,"column":5}}],"line":52},"6":{"loc":{"start":{"line":52,"column":8},"end":{"line":52,"column":34}},"type":"binary-expr","locations":[{"start":{"line":52,"column":8},"end":{"line":52,"column":20}},{"start":{"line":52,"column":24},"end":{"line":52,"column":34}}],"line":52},"7":{"loc":{"start":{"line":56,"column":4},"end":{"line":59,"column":5}},"type":"if","locations":[{"start":{"line":56,"column":4},"end":{"line":59,"column":5}},{"start":{"line":56,"column":4},"end":{"line":59,"column":5}}],"line":56},"8":{"loc":{"start":{"line":56,"column":8},"end":{"line":56,"column":39}},"type":"binary-expr","locations":[{"start":{"line":56,"column":8},"end":{"line":56,"column":11}},{"start":{"line":56,"column":15},"end":{"line":56,"column":21}},{"start":{"line":56,"column":25},"end":{"line":56,"column":39}}],"line":56},"9":{"loc":{"start":{"line":71,"column":9},"end":{"line":71,"column":79}},"type":"binary-expr","locations":[{"start":{"line":71,"column":9},"end":{"line":71,"column":16}},{"start":{"line":71,"column":21},"end":{"line":71,"column":78}}],"line":71},"10":{"loc":{"start":{"line":72,"column":24},"end":{"line":72,"column":58}},"type":"cond-expr","locations":[{"start":{"line":72,"column":39},"end":{"line":72,"column":53}},{"start":{"line":72,"column":56},"end":{"line":72,"column":58}}],"line":72},"11":{"loc":{"start":{"line":73,"column":11},"end":{"line":79,"column":11}},"type":"binary-expr","locations":[{"start":{"line":73,"column":11},"end":{"line":73,"column":23}},{"start":{"line":74,"column":10},"end":{"line":78,"column":17}}],"line":73},"12":{"loc":{"start":{"line":86,"column":19},"end":{"line":86,"column":47}},"type":"cond-expr","locations":[{"start":{"line":86,"column":30},"end":{"line":86,"column":32}},{"start":{"line":86,"column":35},"end":{"line":86,"column":47}}],"line":86},"13":{"loc":{"start":{"line":93,"column":50},"end":{"line":93,"column":82}},"type":"binary-expr","locations":[{"start":{"line":93,"column":50},"end":{"line":93,"column":62}},{"start":{"line":93,"column":66},"end":{"line":93,"column":82}}],"line":93}},"s":{"0":4,"1":13,"2":13,"3":11,"4":2,"5":13,"6":13,"7":13,"8":13,"9":0,"10":0,"11":13,"12":3,"13":3,"14":1,"15":1,"16":3,"17":2,"18":2,"19":3,"20":0,"21":0,"22":13,"23":4,"24":4},"f":{"0":13,"1":13,"2":3},"b":{"0":[11,2],"1":[0,13],"2":[13,0],"3":[1,2],"4":[3,2],"5":[2,1],"6":[3,2],"7":[0,3],"8":[3,1,0],"9":[13,1],"10":[0,13],"11":[13,0],"12":[0,13],"13":[13,13]},"_coverageSchema":"43e27e138ebf9cfc5966b082cf9a028302ed4184","hash":"92e9d33e5214a208a64845955ea34fd111e4d45d"}
[...]
nd-expr","locations":[{"start":{"line":151,"column":92},"end":{"line":151,"column":102}},{"start":{"line":151,"column":105},"end":{"line":151,"column":107}}],"line":151},"12":{"loc":{"start":{"line":164,"column":30},"end":{"line":164,"column":73}},"type":"binary-expr","locations":[{"start":{"line":164,"column":30},"end":{"line":164,"column":52}},{"start":{"line":164,"column":56},"end":{"line":164,"column":73}}],"line":164},"13":{"loc":{"start":{"line":175,"column":30},"end":{"line":175,"column":94}},"type":"binary-expr","locations":[{"start":{"line":175,"column":30},"end":{"line":175,"column":63}},{"start":{"line":175,"column":67},"end":{"line":175,"column":94}}],"line":175},"14":{"loc":{"start":{"line":178,"column":32},"end":{"line":178,"column":99}},"type":"binary-expr","locations":[{"start":{"line":178,"column":32},"end":{"line":178,"column":72}},{"start":{"line":178,"column":76},"end":{"line":178,"column":99}}],"line":178},"15":{"loc":{"start":{"line":182,"column":30},"end":{"line":182,"column":79}},"type":"binary-expr","locations":[{"start":{"line":182,"column":30},"end":{"line":182,"column":55}},{"start":{"line":182,"column":59},"end":{"line":182,"column":79}}],"line":182},"16":{"loc":{"start":{"line":194,"column":11},"end":{"line":303,"column":11}},"type":"binary-expr","locations":[{"start":{"line":194,"column":12},"end":{"line":194,"column":36}},{"start":{"line":194,"column":41},"end":{"line":194,"column":71}},{"start":{"line":194,"column":75},"end":{"line":194,"column":89}},{"start":{"line":195,"column":12},"end":{"line":302,"column":18}}],"line":194},"17":{"loc":{"start":{"line":212,"column":17},"end":{"line":300,"column":17}},"type":"binary-expr","locations":[{"start":{"line":212,"column":18},"end":{"line":212,"column":34}},{"start":{"line":212,"column":39},"end":{"line":212,"column":57}},{"start":{"line":212,"column":61},"end":{"line":212,"column":90}},{"start":{"line":213,"column":18},"end":{"line":299,"column":24}}],"line":212},"18":{"loc":{"start":{"line":219,"column":21},"end":{"line":261,"column":22}},"type":"binary-expr","locations":[{"start":{"line":219,"column":21},"end":{"line":219,"column":39}},{"start":{"line":219,"column":43},"end":{"line":261,"column":22}}],"line":219},"19":{"loc":{"start":{"line":265,"column":25},"end":{"line":278,"column":25}},"type":"binary-expr","locations":[{"start":{"line":265,"column":25},"end":{"line":265,"column":42}},{"start":{"line":265,"column":46},"end":{"line":278,"column":25}}],"line":265},"20":{"loc":{"start":{"line":279,"column":25},"end":{"line":296,"column":25}},"type":"binary-expr","locations":[{"start":{"line":279,"column":25},"end":{"line":279,"column":41}},{"start":{"line":279,"column":45},"end":{"line":279,"column":66}},{"start":{"line":280,"column":26},"end":{"line":295,"column":32}}],"line":279},"21":{"loc":{"start":{"line":327,"column":28},"end":{"line":327,"column":150}},"type":"binary-expr","locations":[{"start":{"line":327,"column":28},"end":{"line":327,"column":52}},{"start":{"line":327,"column":56},"end":{"line":327,"column":74}},{"start":{"line":327,"column":79},"end":{"line":327,"column":98}},{"start":{"line":327,"column":102},"end":{"line":327,"column":149}}],"line":327}},"s":{"0":2,"1":1,"2":1,"3":1,"4":1,"5":0,"6":0,"7":0,"8":1,"9":0,"10":1,"11":0,"12":0,"13":0,"14":0,"15":1,"16":1,"17":0,"18":0,"19":0,"20":0,"21":0,"22":0,"23":0,"24":0,"25":0,"26":0,"27":0,"28":0,"29":0,"30":0,"31":0,"32":0,"33":0,"34":0,"35":0,"36":0,"37":2,"38":2},"f":{"0":1,"1":0,"2":0,"3":0,"4":0,"5":0,"6":0,"7":0,"8":0,"9":0,"10":0,"11":0,"12":0,"13":0,"14":0,"15":0,"16":0,"17":0,"18":0},"b":{"0":[0,1],"1":[1,0],"2":[0,0],"3":[0,0],"4":[0,0],"5":[0,0],"6":[0,0],"7":[0,0],"8":[0,0],"9":[0,0,0,0],"10":[0,0],"11":[0,0],"12":[0,0],"13":[0,0],"14":[0,0],"15":[0,0],"16":[0,0,0,0],"17":[0,0,0,0],"18":[0,0],"19":[0,0],"20":[0,0,0],"21":[0,0,0,0]},"_coverageSchema":"43e27e138ebf9cfc5966b082cf9a028302ed4184","hash":"dc67a4d9be255e05bb9a836e9501d2013f22fbab"}
,"/Users/emhillie/Documents/projects/zeva/frontend/src/vehicles/components/VehicleFormDropdown.js": {"path":"/Users/emhillie/Documents/projects/zeva/frontend/src/vehicles/components/VehicleFormDropdown.js","statementMap":{"0":{"start":{"line":4,"column":28},"end":{"line":42,"column":1}},"1":{"start":{"line":14,"column":6},"end":{"line":14,"column":11}},"2":{"start":{"line":16,"column":24},"end":{"line":18,"column":4}},"3":{"start":{"line":17,"column":4},"end":{"line":17,"column":92}},"4":{"start":{"line":19,"column":2},"end":{"line":41,"column":4}},"5":{"start":{"line":44,"column":0},"end":{"line":48,"column":2}},"6":{"start":{"line":45,"column":21},"end":{"line":45,"column":27}},"7":{"start":{"line":50,"column":0},"end":{"line":69,"column":2}}},"fnMap":{"0":{"name":"(anonymous_0)","decl":{"start":{"line":4,"column":28},"end":{"line":4,"column":29}},"loc":{"start":{"line":4,"column":39},"end":{"line":42,"column":1}},"line":4},"1":{"name":"(anonymous_1)","decl":{"start":{"line":16,"column":41},"end":{"line":16,"column":42}},"loc":{"start":{"line":17,"column":4},"end":{"line":17,"column":92}},"line":17},"2":{"name":"(anonymous_2)","decl":{"start":{"line":45,"column":12},"end":{"line":45,"column":13}},"loc":{"start":{"line":45,"column":21},"end":{"line":45,"column":27}},"line":45}},"branchMap":{"0":{"loc":{"start":{"line":17,"column":55},"end":{"line":17,"column":82}},"type":"binary-expr","locations":[{"start":{"line":17,"column":55},"end":{"line":17,"column":63}},{"start":{"line":17,"column":67},"end":{"line":17,"column":82}}],"line":17},"1":{"loc":{"start":{"line":35,"column":11},"end":{"line":35,"column":77}},"type":"binary-expr","locations":[{"start":{"line":35,"column":11},"end":{"line":35,"column":34}},{"start":{"line":35,"column":38},"end":{"line":35,"column":77}}],"line":35}},"s":{"0":2,"1":1,"2":1,"3":1,"4":1,"5":2,"6":0,"7":2},"f":{"0":1,"1":1,"2":0},"b":{"0":[1,0],"1":[1,0]},"_coverageSchema":"43e27e138ebf9cfc5966b082cf9a028302ed4184","hash":"f4393a09031d34778fd964874c10c68c8c0678c3"}
,"/Users/emhillie/Documents/projects/zeva/frontend/src/vehicles/components/VehicleList.js": {"path":"/Users/emhillie/Documents/projects/zeva/frontend/src/vehicles/components/VehicleList.js","statementMap":{"0":{"start":{"line":8,"column":20},"end":{"line":55,"column":1}},"1":{"start":{"line":17,"column":6},"end":{"line":17,"column":11}},"2":{"start":{"line":19,"column":2},"end":{"line":21,"column":3}},"3":{"start":{"line":20,"column":4},"end":{"line":20,"column":23}},"4":{"start":{"line":23,"column":20},"end":{"line":32,"column":25}},"5":{"start":{"line":34,"column":2},"end":{"line":54,"column":4}},"6":{"start":{"line":57,"column":0},"end":{"line":57,"column":30}},"7":{"start":{"line":59,"column":0},"end":{"line":68,"column":2}}},"fnMap":{"0":{"name":"(anonymous_0)","decl":{"start":{"line":8,"column":20},"end":{"line":8,"column":21}},"loc":{"start":{"line":8,"column":31},"end":{"line":55,"column":1}},"line":8}},"branchMap":{"0":{"loc":{"start":{"line":19,"column":2},"end":{"line":21,"column":3}},"type":"if","locations":[{"start":{"line":19,"column":2},"end":{"line":21,"column":3}},{"start":{"line":19,"column":2},"end":{"line":21,"column":3}}],"line":19},"1":{"loc":{"start":{"line":23,"column":20},"end":{"line":32,"column":25}},"type":"cond-expr","locations":[{"start":{"line":25,"column":6},"end":{"line":30,"column":8}},{"start":{"line":32,"column":6},"end":{"line":32,"column":25}}],"line":23}},"s":{"0":0,"1":0,"2":0,"3":0,"4":0,"5":0,"6":0,"7":0},"f":{"0":0},"b":{"0":[0,0],"1":[0,0]},"hash":"16ac21d57e3894b09ca6fc5c77603a199d748742"}
,"/Users/emhillie/Documents/projects/zeva/frontend/src/vehicles/components/VehicleListTable.js": {"path":"/Users/emhillie/Documents/projects/zeva/frontend/src/vehicles/components/VehicleListTable.js","statementMap":{"0":{"start":{"line":12,"column":25},"end":{"line":162,"column":1}},"1":{"start":{"line":15,"column":6},"end":{"line":15,"column":11}},"2":{"start":{"line":17,"column":18},"end":{"line":24,"column":3}},"3":{"start":{"line":18,"column":19},"end":{"line":18,"column":24}},"4":{"start":{"line":19,"column":4},"end":{"line":21,"column":5}},"5":{"start":{"line":20,"column":6},"end":{"line":20,"column":37}},"6":{"start":{"line":22,"column":4},"end":{"line":22,"column":66}},"7":{"start":{"line":23,"column":4},"end":{"line":23,"column":20}},"8":{"start":{"line":25,"column":18},"end":{"line":131,"column":4}},"9":{"start":{"line":27,"column":6},"end":{"line":29,"column":7}},"10":{"start":{"line":28,"column":8},"end":{"line":28,"column":67}},"11":{"start":{"line":31,"column":6},"end":{"line":31,"column":16}},"12":{"start":{"line":39,"column":24},"end":{"line":39,"column":48}},"13":{"start":{"line":44,"column":24},"end":{"line":44,"column":58}},"14":{"start":{"line":48,"column":24},"end":{"line":48,"column":63}},"15":{"start":{"line":54,"column":24},"end":{"line":54,"column":84}},"16":{"start":{"line":60,"column":24},"end":{"line":60,"column":50}},"17":{"start":{"line":61,"column":20},"end":{"line":61,"column":50}},"18":{"start":{"line":68,"column":20},"end":{"line":68,"column":42}},"19":{"start":{"line":74,"column":24},"end":{"line":74,"column":57}},"20":{"start":{"line":81,"column":6},"end":{"line":84,"column":7}},"21":{"start":{"line":83,"column":8},"end":{"line":83,"column":19}},"22":{"start":{"line":86,"column":6},"end":{"line":88,"column":7}},"23":{"start":{"line":87,"column":8},"end":{"line":87,"column":19}},"24":{"start":{"line":90,"column":6},"end":{"line":90,"column":17}},"25":{"start":{"line":98,"column":6},"end":{"line":101,"column":7}},"26":{"start":{"line":100,"column":8},"end":{"line":100,"column":17}},"27":{"start":{"line":103,"column":21},"end":{"line":103,"column":24}},"28":{"start":{"line":105,"column":6},"end":{"line":107,"column":7}},"29":{"start":{"line":106,"column":8},"end":{"line":106,"column":23}},"30":{"start":{"line":109,"column":6},"end":{"line":111,"column":7}},"31":{"start":{"line":110,"column":8},"end":{"line":110,"column":24}},"32":{"start":{"line":113,"column":19},"end":{"line":113,"column":65}},"33":{"start":{"line":115,"column":6},"end":{"line":117,"column":7}},"34":{"start":{"line":116,"column":8},"end":{"line":116,"column":19}},"35":{"start":{"line":119,"column":6},"end":{"line":119,"column":20}},"36":{"start":{"line":126,"column":24},"end":{"line":126,"column":58}},"37":{"start":{"line":133,"column":2},"end":{"line":161,"column":4}},"38":{"start":{"line":142,"column":8},"end":{"line":155,"column":9}},"39":{"start":{"line":143,"column":10},"end":{"line":154,"column":12}},"40":{"start":{"line":145,"column":47},"end":{"line":145,"column":59}},"41":{"start":{"line":147,"column":14},"end":{"line":151,"column":15}},"42":{"start":{"line":148,"column":16},"end":{"line":148,"column":71}},"43":{"start":{"line":150,"column":16},"end":{"line":150,"column":74}},"44":{"start":{"line":157,"column":8},"end":{"line":157,"column":18}},"45":{"start":{"line":164,"column":0},"end":{"line":165,"column":2}},"46":{"start":{"line":167,"column":0},"end":{"line":176,"column":2}}},"fnMap":{"0":{"name":"(anonymous_0)","decl":{"start":{"line":12,"column":25},"end":{"line":12,"column":26}},"loc":{"start":{"line":12,"column":36},"end":{"line":162,"column":1}},"line":12},"1":{"name":"(anonymous_1)","decl":{"start":{"line":17,"column":18},"end":{"line":17,"column":19}},"loc":{"start":{"line":17,"column":29},"end":{"line":24,"column":3}},"line":17},"2":{"name":"(anonymous_2)","decl":{"start":{"line":26,"column":14},"end":{"line":26,"column":15}},"loc":{"start":{"line":26,"column":23},"end":{"line":32,"column":5}},"line":26},"3":{"name":"(anonymous_3)","decl":{"start":{"line":39,"column":14},"end":{"line":39,"column":15}},"loc":{"start":{"line":39,"column":24},"end":{"line":39,"column":48}},"line":39},"4":{"name":"(anonymous_4)","decl":{"start":{"line":44,"column":14},"end":{"line":44,"column":15}},"loc":{"start":{"line":44,"column":24},"end":{"line":44,"column":58}},"line":44},"5":{"name":"(anonymous_5)","decl":{"start":{"line":48,"column":14},"end":{"line":48,"column":15}},"loc":{"start":{"line":48,"column":24},"end":{"line":48,"column":63}},"line":48},"6":{"name":"(anonymous_6)","decl":{"start":{"line":54,"column":14},"end":{"line":54,"column":15}},"loc":{"start":{"line":54,"column":24},"end":{"line":54,"column":84}},"line":54},"7":{"name":"(anonymous_7)","decl":{"start":{"line":60,"column":14},"end":{"line":60,"column":15}},"loc":{"start":{"line":60,"column":24},"end":{"line":60,"column":50}},"line":60},"8":{"name":"(anonymous_8)","decl":{"start":{"line":61,"column":10},"end":{"line":61,"column":11}},"loc":{"start":{"line":61,"column":20},"end":{"line":61,"column":50}},"line":61},"9":{"name":"(anonymous_9)","decl":{"start":{"line":68,"column":10},"end":{"line":68,"column":11}},"loc":{"start":{"line":68,"column":20},"end":{"line":68,"column":42}},"line":68},"10":{"name":"(anonymous_10)","decl":{"start":{"line":74,"column":14},"end":{"line":74,"column":15}},"loc":{"start":{"line":74,"column":24},"end":{"line":74,"column":57}},"line":74},"11":{"name":"(anonymous_11)","decl":{"start":{"line":80,"column":14},"end":{"line":80,"column":15}},"loc":{"start":{"line":80,"column":23},"end":{"line":91,"column":5}},"line":80},"12":{"name":"(anonymous_12)","decl":{"start":{"line":97,"column":14},"end":{"line":97,"column":15}},"loc":{"start":{"line":97,"column":23},"end":{"line":120,"column":5}},"line":97},"13":{"name":"(anonymous_13)","decl":{"start":{"line":126,"column":14},"end":{"line":126,"column":15}},"loc":{"start":{"line":126,"column":24},"end":{"line":126,"column":58}},"line":126},"14":{"name":"(anonymous_14)","decl":{"start":{"line":141,"column":18},"end":{"line":141,"column":19}},"loc":{"start":{"line":141,"column":34},"end":{"line":158,"column":7}},"line":141},"15":{"name":"(anonymous_15)","decl":{"start":{"line":144,"column":21},"end":{"line":144,"column":22}},"loc":{"start":{"line":144,"column":27},"end":{"line":152,"column":13}},"line":144}},"branchMap":{"0":{"loc":{"start":{"line":19,"column":4},"end":{"line":21,"column":5}},"type":"if","locations":[{"start":{"line":19,"column":4},"end":{"line":21,"column":5}},{"start":{"line":19,"column":4},"end":{"line":21,"column":5}}],"line":19},"1":{"loc":{"start":{"line":27,"column":6},"end":{"line":29,"column":7}},"type":"if","locations":[{"start":{"line":27,"column":6},"end":{"line":29,"column":7}},{"start":{"line":27,"column":6},"end":{"line":29,"column":7}}],"line":27},"2":{"loc":{"start":{"line":28,"column":15},"end":{"line":28,"column":66}},"type":"binary-expr","locations":[{"start":{"line":28,"column":15},"end":{"line":28,"column":41}},{"start":{"line":28,"column":45},"end":{"line":28,"column":66}}],"line":28},"3":{"loc":{"start":{"line":36,"column":10},"end":{"line":36,"column":35}},"type":"binary-expr","locations":[{"start":{"line":36,"column":10},"end":{"line":36,"column":14}},{"start":{"line":36,"column":18},"end":{"line":36,"column":35}}],"line":36},"4":{"loc":{"start":{"line":39,"column":24},"end":{"line":39,"column":48}},"type":"cond-expr","locations":[{"start":{"line":39,"column":35},"end":{"line":39,"column":43}},{"start":{"line":39,"column":46},"end":{"line":39,"column":48}}],"line":39},"5":{"loc":{"start":{"line":44,"column":24},"end":{"line":44,"column":58}},"type":"cond-expr","locations":[{"start":{"line":44,"column":40},"end":{"line":44,"column":53}},{"start":{"line":44,"column":56},"end":{"line":44,"column":58}}],"line":44},"6":{"loc":{"start":{"line":48,"column":24},"end":{"line":48,"column":63}},"type":"cond-expr","locations":[{"start":{"line":48,"column":40},"end":{"line":48,"column":58}},{"start":{"line":48,"column":61},"end":{"line":48,"column":63}}],"line":48},"7":{"loc":{"start":{"line":54,"column":24},"end":{"line":54,"column":84}},"type":"cond-expr","locations":[{"start":{"line":54,"column":47},"end":{"line":54,"column":79}},{"start":{"line":54,"column":82},"end":{"line":54,"column":84}}],"line":54},"8":{"loc":{"start":{"line":81,"column":6},"end":{"line":84,"column":7}},"type":"if","locations":[{"start":{"line":81,"column":6},"end":{"line":84,"column":7}},{"start":{"line":81,"column":6},"end":{"line":84,"column":7}}],"line":81},"9":{"loc":{"start":{"line":81,"column":10},"end":{"line":82,"column":27}},"type":"binary-expr","locations":[{"start":{"line":81,"column":11},"end":{"line":81,"column":54}},{"start":{"line":81,"column":58},"end":{"line":81,"column":75}},{"start":{"line":82,"column":13},"end":{"line":82,"column":27}}],"line":81},"10":{"loc":{"start":{"line":86,"column":6},"end":{"line":88,"column":7}},"type":"if","locations":[{"start":{"line":86,"column":6},"end":{"line":88,"column":7}},{"start":{"line":86,"column":6},"end":{"line":88,"column":7}}],"line":86},"11":{"loc":{"start":{"line":98,"column":6},"end":{"line":101,"column":7}},"type":"if","locations":[{"start":{"line":98,"column":6},"end":{"line":101,"column":7}},{"start":{"line":98,"column":6},"end":{"line":101,"column":7}}],"line":98},"12":{"loc":{"start":{"line":98,"column":10},"end":{"line":99,"column":27}},"type":"binary-expr","locations":[{"start":{"line":98,"column":11},"end":{"line":98,"column":54}},{"start":{"line":98,"column":58},"end":{"line":98,"column":75}},{"start":{"line":99,"column":13},"end":{"line":99,"column":27}}],"line":98},"13":{"loc":{"start":{"line":105,"column":6},"end":{"line":107,"column":7}},"type":"if","locations":[{"start":{"line":105,"column":6},"end":{"line":107,"column":7}},{"start":{"line":105,"column":6},"end":{"line":107,"column":7}}],"line":105},"14":{"loc":{"start":{"line":109,"column":6},"end":{"line":111,"column":7}},"type":"if","locations":[{"start":{"line":109,"column":6},"end":{"line":111,"column":7}},{"start":{"line":109,"column":6},"end":{"line":111,"column":7}}],"line":109},"15":{"loc":{"start":{"line":115,"column":6},"end":{"line":117,"column":7}},"type":"if","locations":[{"start":{"line":115,"column":6},"end":{"line":117,"column":7}},{"start":{"line":115,"column":6},"end":{"line":117,"column":7}}],"line":115},"16":{"loc":{"start":{"line":139,"column":12},"end":{"line":139,"column":55}},"type":"cond-expr","locations":[{"start":{"line":139,"column":32},"end":{"line":139,"column":46}},{"start":{"line":139,"column":49},"end":{"line":139,"column":55}}],"line":139},"17":{"loc":{"start":{"line":142,"column":8},"end":{"line":155,"column":9}},"type":"if","locations":[{"start":{"line":142,"column":8},"end":{"line":155,"column":9}},{"start":{"line":142,"column":8},"end":{"line":155,"column":9}}],"line":142},"18":{"loc":{"start":{"line":142,"column":12},"end":{"line":142,"column":39}},"type":"binary-expr","locations":[{"start":{"line":142,"column":12},"end":{"line":142,"column":15}},{"start":{"line":142,"column":19},"end":{"line":142,"column":31}},{"start":{"line":142,"column":35},"end":{"line":142,"column":39}}],"line":142},"19":{"loc":{"start":{"line":147,"column":14},"end":{"line":151,"column":15}},"type":"if","locations":[{"start":{"line":147,"column":14},"end":{"line":151,"column":15}},{"start":{"line":147,"column":14},"end":{"line":151,"column":15}}],"line":147},"20":{"loc":{"start":{"line":147,"column":18},"end":{"line":147,"column":101}},"type":"binary-expr","locations":[{"start":{"line":147,"column":18},"end":{"line":147,"column":79}},{"start":{"line":147,"column":83},"end":{"line":147,"column":101}}],"line":147}},"s":{"0":0,"1":0,"2":0,"3":0,"4":0,"5":0,"6":0,"7":0,"8":0,"9":0,"10":0,"11":0,"12":0,"13":0,"14":0,"15":0,"16":0,"17":0,"18":0,"19":0,"20":0,"21":0,"22":0,"23":0,"24":0,"25":0,"26":0,"27":0,"28":0,"29":0,"30":0,"31":0,"32":0,"33":0,"34":0,"35":0,"36":0,"37":0,"38":0,"39":0,"40":0,"41":0,"42":0,"43":0,"44":0,"45":0,"46":0},"f":{"0":0,"1":0,"2":0,"3":0,"4":0,"5":0,"6":0,"7":0,"8":0,"9":0,"10":0,"11":0,"12":0,"13":0,"14":0,"15":0},"b":{"0":[0,0],"1":[0,0],"2":[0,0],"3":[0,0],"4":[0,0],"5":[0,0],"6":[0,0],"7":[0,0],"8":[0,0],"9":[0,0,0],"10":[0,0],"11":[0,0],"12":[0,0,0],"13":[0,0],"14":[0,0],"15":[0,0],"16":[0,0],"17":[0,0],"18":[0,0,0],"19":[0,0],"20":[0,0]},"hash":"2cf2df5e85a39a7803bf570bcb876576a3d6bd8d"}
}
